<?xml version="1.0" encoding="UTF-8"?>
<coverage generated="1772445296788" clover="3.2.0">
  <project timestamp="1772445296789" name="All files">
    <metrics statements="1396" coveredstatements="485" conditionals="1403" coveredconditionals="403" methods="160" coveredmethods="48" elements="2959" coveredelements="936" complexity="0" loc="1396" ncloc="1396" packages="1" files="1" classes="1"/>
    <file name="server.js" path="C:\Users\gaury\wertech\server\server.js">
      <metrics statements="1396" coveredstatements="485" conditionals="1403" coveredconditionals="403" methods="160" coveredmethods="48"/>
      <line num="1" count="1" type="stmt"/>
      <line num="2" count="1" type="stmt"/>
      <line num="3" count="1" type="stmt"/>
      <line num="4" count="1" type="stmt"/>
      <line num="6" count="1" type="stmt"/>
      <line num="8" count="1" type="stmt"/>
      <line num="9" count="1" type="stmt"/>
      <line num="10" count="1" type="stmt"/>
      <line num="11" count="1" type="stmt"/>
      <line num="12" count="1" type="stmt"/>
      <line num="13" count="1" type="stmt"/>
      <line num="14" count="1" type="cond" truecount="1" falsecount="1"/>
      <line num="15" count="1" type="cond" truecount="1" falsecount="1"/>
      <line num="16" count="1" type="cond" truecount="1" falsecount="1"/>
      <line num="17" count="1" type="cond" truecount="1" falsecount="1"/>
      <line num="19" count="1" type="stmt"/>
      <line num="21" count="1" type="cond" truecount="1" falsecount="1"/>
      <line num="24" count="20" type="cond" truecount="1" falsecount="1"/>
      <line num="25" count="20" type="stmt"/>
      <line num="27" count="0" type="stmt"/>
      <line num="31" count="41" type="stmt"/>
      <line num="38" count="41" type="stmt"/>
      <line num="39" count="41" type="cond" truecount="1" falsecount="1"/>
      <line num="40" count="0" type="stmt"/>
      <line num="42" count="41" type="stmt"/>
      <line num="47" count="6" type="cond" truecount="1" falsecount="1"/>
      <line num="51" count="3" type="stmt"/>
      <line num="52" count="3" type="stmt"/>
      <line num="55" count="3" type="stmt"/>
      <line num="59" count="6" type="cond" truecount="1" falsecount="1"/>
      <line num="60" count="6" type="cond" truecount="1" falsecount="1"/>
      <line num="62" count="0" type="stmt"/>
      <line num="65" count="6" type="stmt"/>
      <line num="66" count="6" type="cond" truecount="1" falsecount="1"/>
      <line num="68" count="6" type="stmt"/>
      <line num="69" count="6" type="stmt"/>
      <line num="70" count="6" type="stmt"/>
      <line num="71" count="6" type="cond" truecount="4" falsecount="1"/>
      <line num="73" count="6" type="stmt"/>
      <line num="76" count="6" type="stmt"/>
      <line num="80" count="28" type="stmt"/>
      <line num="88" count="10" type="cond" truecount="1" falsecount="1"/>
      <line num="91" count="10" type="stmt"/>
      <line num="92" count="10" type="stmt"/>
      <line num="96" count="14" type="stmt"/>
      <line num="97" count="14" type="stmt"/>
      <line num="102" count="14" type="stmt"/>
      <line num="103" count="14" type="stmt"/>
      <line num="104" count="14" type="stmt"/>
      <line num="105" count="14" type="stmt"/>
      <line num="106" count="14" type="stmt"/>
      <line num="113" count="14" type="stmt"/>
      <line num="117" count="10" type="cond" truecount="1" falsecount="1"/>
      <line num="118" count="10" type="cond" truecount="1" falsecount="1"/>
      <line num="119" count="0" type="stmt"/>
      <line num="121" count="10" type="stmt"/>
      <line num="122" count="10" type="stmt"/>
      <line num="123" count="10" type="stmt"/>
      <line num="131" count="10" type="stmt"/>
      <line num="132" count="10" type="stmt"/>
      <line num="133" count="10" type="cond" truecount="3" falsecount="1"/>
      <line num="134" count="0" type="stmt"/>
      <line num="137" count="10" type="stmt"/>
      <line num="138" count="10" type="stmt"/>
      <line num="139" count="10" type="stmt"/>
      <line num="140" count="10" type="cond" truecount="5" falsecount="2"/>
      <line num="141" count="0" type="stmt"/>
      <line num="143" count="10" type="stmt"/>
      <line num="147" count="10" type="cond" truecount="2" falsecount="0"/>
      <line num="148" count="10" type="cond" truecount="2" falsecount="0"/>
      <line num="149" count="1" type="cond" truecount="1" falsecount="1"/>
      <line num="150" count="1" type="cond" truecount="1" falsecount="1"/>
      <line num="151" count="0" type="cond" truecount="0" falsecount="2"/>
      <line num="152" count="0" type="stmt"/>
      <line num="156" count="8" type="cond" truecount="1" falsecount="1"/>
      <line num="160" count="7" type="stmt"/>
      <line num="172" count="7" type="stmt"/>
      <line num="185" count="0" type="stmt"/>
      <line num="186" count="0" type="stmt"/>
      <line num="187" count="0" type="cond" truecount="0" falsecount="2"/>
      <line num="188" count="0" type="cond" truecount="0" falsecount="2"/>
      <line num="189" count="0" type="cond" truecount="0" falsecount="2"/>
      <line num="194" count="3" type="cond" truecount="1" falsecount="1"/>
      <line num="198" count="2" type="cond" truecount="1" falsecount="1"/>
      <line num="199" count="2" type="cond" truecount="1" falsecount="1"/>
      <line num="200" count="2" type="cond" truecount="2" falsecount="0"/>
      <line num="201" count="1" type="cond" truecount="1" falsecount="1"/>
      <line num="202" count="0" type="cond" truecount="0" falsecount="2"/>
      <line num="203" count="0" type="cond" truecount="0" falsecount="2"/>
      <line num="204" count="0" type="cond" truecount="0" falsecount="2"/>
      <line num="205" count="0" type="cond" truecount="0" falsecount="2"/>
      <line num="206" count="0" type="stmt"/>
      <line num="210" count="0" type="cond" truecount="0" falsecount="2"/>
      <line num="211" count="0" type="cond" truecount="0" falsecount="4"/>
      <line num="212" count="0" type="cond" truecount="0" falsecount="4"/>
      <line num="216" count="0" type="cond" truecount="0" falsecount="2"/>
      <line num="217" count="0" type="cond" truecount="0" falsecount="2"/>
      <line num="218" count="0" type="stmt"/>
      <line num="219" count="0" type="stmt"/>
      <line num="220" count="0" type="cond" truecount="0" falsecount="4"/>
      <line num="221" count="0" type="cond" truecount="0" falsecount="4"/>
      <line num="222" count="0" type="stmt"/>
      <line num="223" count="0" type="stmt"/>
      <line num="224" count="0" type="cond" truecount="0" falsecount="2"/>
      <line num="225" count="0" type="stmt"/>
      <line num="229" count="0" type="cond" truecount="0" falsecount="2"/>
      <line num="230" count="0" type="stmt"/>
      <line num="231" count="0" type="stmt"/>
      <line num="244" count="1" type="stmt"/>
      <line num="246" count="0" type="stmt"/>
      <line num="247" count="0" type="cond" truecount="0" falsecount="2"/>
      <line num="248" count="0" type="cond" truecount="0" falsecount="2"/>
      <line num="249" count="0" type="stmt"/>
      <line num="250" count="0" type="stmt"/>
      <line num="252" count="0" type="stmt"/>
      <line num="256" count="0" type="stmt"/>
      <line num="263" count="8" type="stmt"/>
      <line num="264" count="0" type="cond" truecount="0" falsecount="2"/>
      <line num="265" count="0" type="stmt"/>
      <line num="271" count="4" type="cond" truecount="1" falsecount="1"/>
      <line num="272" count="4" type="cond" truecount="1" falsecount="1"/>
      <line num="273" count="4" type="stmt"/>
      <line num="274" count="4" type="stmt"/>
      <line num="277" count="1" type="stmt"/>
      <line num="279" count="0" type="cond" truecount="0" falsecount="2"/>
      <line num="280" count="0" type="cond" truecount="0" falsecount="2"/>
      <line num="281" count="0" type="stmt"/>
      <line num="283" count="0" type="stmt"/>
      <line num="287" count="0" type="cond" truecount="0" falsecount="2"/>
      <line num="288" count="0" type="stmt"/>
      <line num="289" count="0" type="cond" truecount="0" falsecount="2"/>
      <line num="290" count="0" type="stmt"/>
      <line num="291" count="0" type="cond" truecount="0" falsecount="2"/>
      <line num="292" count="0" type="stmt"/>
      <line num="297" count="5" type="cond" truecount="1" falsecount="1"/>
      <line num="298" count="5" type="cond" truecount="2" falsecount="2"/>
      <line num="299" count="0" type="cond" truecount="0" falsecount="2"/>
      <line num="300" count="0" type="stmt"/>
      <line num="305" count="0" type="stmt"/>
      <line num="306" count="0" type="stmt"/>
      <line num="307" count="0" type="stmt"/>
      <line num="312" count="2" type="cond" truecount="1" falsecount="1"/>
      <line num="313" count="4" type="stmt"/>
      <line num="317" count="2" type="cond" truecount="4" falsecount="3"/>
      <line num="318" count="0" type="stmt"/>
      <line num="321" count="2" type="cond" truecount="1" falsecount="1"/>
      <line num="325" count="2" type="cond" truecount="3" falsecount="1"/>
      <line num="329" count="2" type="stmt"/>
      <line num="337" count="20" type="cond" truecount="3" falsecount="1"/>
      <line num="338" count="20" type="cond" truecount="3" falsecount="1"/>
      <line num="340" count="20" type="stmt"/>
      <line num="341" count="32" type="cond" truecount="1" falsecount="1"/>
      <line num="342" count="32" type="stmt"/>
      <line num="343" count="32" type="cond" truecount="3" falsecount="1"/>
      <line num="344" count="0" type="cond" truecount="0" falsecount="2"/>
      <line num="345" count="0" type="stmt"/>
      <line num="347" count="32" type="stmt"/>
      <line num="350" count="20" type="stmt"/>
      <line num="351" count="2" type="cond" truecount="2" falsecount="0"/>
      <line num="352" count="2" type="cond" truecount="4" falsecount="1"/>
      <line num="353" count="0" type="stmt"/>
      <line num="355" count="2" type="stmt"/>
      <line num="356" count="2" type="cond" truecount="1" falsecount="1"/>
      <line num="357" count="0" type="stmt"/>
      <line num="361" count="20" type="stmt"/>
      <line num="362" count="8" type="cond" truecount="1" falsecount="1"/>
      <line num="363" count="8" type="cond" truecount="2" falsecount="3"/>
      <line num="364" count="8" type="stmt"/>
      <line num="366" count="0" type="stmt"/>
      <line num="367" count="0" type="cond" truecount="0" falsecount="5"/>
      <line num="368" count="0" type="stmt"/>
      <line num="372" count="20" type="stmt"/>
      <line num="373" count="120" type="stmt"/>
      <line num="374" count="120" type="cond" truecount="2" falsecount="0"/>
      <line num="375" count="3" type="cond" truecount="1" falsecount="1"/>
      <line num="376" count="3" type="cond" truecount="1" falsecount="1"/>
      <line num="377" count="0" type="stmt"/>
      <line num="381" count="20" type="stmt"/>
      <line num="385" count="20" type="stmt"/>
      <line num="386" count="20" type="cond" truecount="1" falsecount="1"/>
      <line num="387" count="20" type="cond" truecount="1" falsecount="1"/>
      <line num="388" count="20" type="stmt"/>
      <line num="390" count="20" type="cond" truecount="6" falsecount="1"/>
      <line num="391" count="0" type="stmt"/>
      <line num="394" count="20" type="cond" truecount="4" falsecount="0"/>
      <line num="395" count="3" type="stmt"/>
      <line num="396" count="3" type="stmt"/>
      <line num="397" count="3" type="stmt"/>
      <line num="399" count="20" type="cond" truecount="4" falsecount="0"/>
      <line num="400" count="6" type="stmt"/>
      <line num="401" count="6" type="stmt"/>
      <line num="403" count="20" type="cond" truecount="3" falsecount="1"/>
      <line num="404" count="0" type="stmt"/>
      <line num="406" count="20" type="cond" truecount="3" falsecount="1"/>
      <line num="407" count="0" type="stmt"/>
      <line num="409" count="20" type="cond" truecount="4" falsecount="0"/>
      <line num="410" count="1" type="stmt"/>
      <line num="412" count="20" type="cond" truecount="3" falsecount="1"/>
      <line num="415" count="20" type="cond" truecount="3" falsecount="1"/>
      <line num="416" count="0" type="stmt"/>
      <line num="418" count="20" type="cond" truecount="3" falsecount="1"/>
      <line num="419" count="0" type="stmt"/>
      <line num="421" count="20" type="cond" truecount="3" falsecount="1"/>
      <line num="423" count="0" type="cond" truecount="0" falsecount="2"/>
      <line num="424" count="0" type="cond" truecount="0" falsecount="2"/>
      <line num="425" count="0" type="stmt"/>
      <line num="428" count="20" type="cond" truecount="3" falsecount="1"/>
      <line num="429" count="0" type="stmt"/>
      <line num="430" count="0" type="stmt"/>
      <line num="432" count="20" type="cond" truecount="3" falsecount="1"/>
      <line num="433" count="0" type="stmt"/>
      <line num="434" count="0" type="stmt"/>
      <line num="436" count="20" type="cond" truecount="3" falsecount="1"/>
      <line num="437" count="0" type="stmt"/>
      <line num="438" count="0" type="stmt"/>
      <line num="440" count="20" type="cond" truecount="3" falsecount="1"/>
      <line num="441" count="0" type="stmt"/>
      <line num="442" count="0" type="stmt"/>
      <line num="444" count="20" type="cond" truecount="3" falsecount="1"/>
      <line num="445" count="0" type="stmt"/>
      <line num="446" count="0" type="stmt"/>
      <line num="447" count="0" type="stmt"/>
      <line num="449" count="20" type="cond" truecount="3" falsecount="1"/>
      <line num="450" count="0" type="stmt"/>
      <line num="451" count="0" type="stmt"/>
      <line num="453" count="20" type="cond" truecount="4" falsecount="0"/>
      <line num="454" count="1" type="stmt"/>
      <line num="455" count="1" type="stmt"/>
      <line num="456" count="1" type="stmt"/>
      <line num="458" count="20" type="cond" truecount="4" falsecount="0"/>
      <line num="459" count="1" type="stmt"/>
      <line num="460" count="1" type="stmt"/>
      <line num="461" count="1" type="stmt"/>
      <line num="463" count="20" type="cond" truecount="3" falsecount="1"/>
      <line num="464" count="0" type="stmt"/>
      <line num="466" count="20" type="cond" truecount="3" falsecount="1"/>
      <line num="467" count="0" type="stmt"/>
      <line num="469" count="20" type="cond" truecount="3" falsecount="1"/>
      <line num="470" count="0" type="stmt"/>
      <line num="471" count="0" type="stmt"/>
      <line num="473" count="20" type="cond" truecount="3" falsecount="1"/>
      <line num="474" count="0" type="stmt"/>
      <line num="475" count="0" type="stmt"/>
      <line num="477" count="20" type="cond" truecount="4" falsecount="0"/>
      <line num="478" count="1" type="stmt"/>
      <line num="479" count="1" type="stmt"/>
      <line num="480" count="1" type="stmt"/>
      <line num="482" count="20" type="cond" truecount="4" falsecount="0"/>
      <line num="483" count="1" type="stmt"/>
      <line num="485" count="20" type="cond" truecount="4" falsecount="0"/>
      <line num="486" count="1" type="stmt"/>
      <line num="487" count="1" type="stmt"/>
      <line num="489" count="20" type="cond" truecount="3" falsecount="1"/>
      <line num="490" count="0" type="stmt"/>
      <line num="491" count="0" type="stmt"/>
      <line num="492" count="0" type="stmt"/>
      <line num="495" count="20" type="cond" truecount="2" falsecount="0"/>
      <line num="496" count="4" type="stmt"/>
      <line num="497" count="4" type="stmt"/>
      <line num="500" count="20" type="stmt"/>
      <line num="501" count="20" type="stmt"/>
      <line num="502" count="20" type="stmt"/>
      <line num="503" count="20" type="stmt"/>
      <line num="504" count="20" type="stmt"/>
      <line num="505" count="20" type="stmt"/>
      <line num="507" count="20" type="cond" truecount="1" falsecount="1"/>
      <line num="508" count="0" type="stmt"/>
      <line num="510" count="20" type="stmt"/>
      <line num="514" count="1" type="stmt"/>
      <line num="516" count="20" type="cond" truecount="1" falsecount="1"/>
      <line num="517" count="0" type="cond" truecount="0" falsecount="2"/>
      <line num="518" count="0" type="stmt"/>
      <line num="521" count="1" type="stmt"/>
      <line num="522" count="1" type="stmt"/>
      <line num="523" count="1" type="stmt"/>
      <line num="524" count="20" type="cond" truecount="2" falsecount="0"/>
      <line num="525" count="20" type="cond" truecount="2" falsecount="0"/>
      <line num="526" count="20" type="stmt"/>
      <line num="528" count="20" type="stmt"/>
      <line num="529" count="20" type="stmt"/>
      <line num="531" count="20" type="stmt"/>
      <line num="539" count="20" type="stmt"/>
      <line num="540" count="20" type="stmt"/>
      <line num="541" count="20" type="cond" truecount="1" falsecount="1"/>
      <line num="551" count="20" type="stmt"/>
      <line num="553" count="1" type="stmt"/>
      <line num="554" count="20" type="stmt"/>
      <line num="555" count="20" type="stmt"/>
      <line num="556" count="20" type="cond" truecount="2" falsecount="0"/>
      <line num="557" count="2" type="stmt"/>
      <line num="558" count="2" type="cond" truecount="3" falsecount="1"/>
      <line num="559" count="2" type="cond" truecount="2" falsecount="2"/>
      <line num="560" count="0" type="cond" truecount="0" falsecount="2"/>
      <line num="562" count="2" type="cond" truecount="1" falsecount="1"/>
      <line num="565" count="2" type="stmt"/>
      <line num="567" count="18" type="stmt"/>
      <line num="569" count="20" type="stmt"/>
      <line num="571" count="1" type="stmt"/>
      <line num="573" count="1" type="stmt"/>
      <line num="575" count="1" type="cond" truecount="1" falsecount="1"/>
      <line num="576" count="1" type="stmt"/>
      <line num="578" count="1" type="stmt"/>
      <line num="582" count="1" type="stmt"/>
      <line num="585" count="0" type="stmt"/>
      <line num="589" count="0" type="stmt"/>
      <line num="590" count="0" type="stmt"/>
      <line num="593" count="1" type="stmt"/>
      <line num="597" count="1" type="stmt"/>
      <line num="624" count="1" type="stmt"/>
      <line num="626" count="1" type="stmt"/>
      <line num="634" count="0" type="stmt"/>
      <line num="638" count="1" type="stmt"/>
      <line num="640" count="1" type="stmt"/>
      <line num="650" count="1" type="stmt"/>
      <line num="652" count="1" type="stmt"/>
      <line num="671" count="1" type="stmt"/>
      <line num="672" count="1" type="stmt"/>
      <line num="673" count="1" type="stmt"/>
      <line num="674" count="1" type="stmt"/>
      <line num="676" count="1" type="stmt"/>
      <line num="678" count="1" type="stmt"/>
      <line num="692" count="1" type="stmt"/>
      <line num="694" count="1" type="stmt"/>
      <line num="704" count="1" type="stmt"/>
      <line num="705" count="1" type="stmt"/>
      <line num="707" count="1" type="stmt"/>
      <line num="709" count="1" type="stmt"/>
      <line num="717" count="1" type="stmt"/>
      <line num="718" count="1" type="stmt"/>
      <line num="720" count="1" type="stmt"/>
      <line num="723" count="1" type="stmt"/>
      <line num="724" count="3" type="stmt"/>
      <line num="725" count="3" type="cond" truecount="1" falsecount="1"/>
      <line num="726" count="3" type="cond" truecount="1" falsecount="1"/>
      <line num="727" count="3" type="cond" truecount="1" falsecount="1"/>
      <line num="728" count="3" type="cond" truecount="4" falsecount="1"/>
      <line num="729" count="0" type="stmt"/>
      <line num="732" count="3" type="stmt"/>
      <line num="733" count="3" type="stmt"/>
      <line num="734" count="3" type="stmt"/>
      <line num="735" count="3" type="cond" truecount="1" falsecount="1"/>
      <line num="736" count="0" type="cond" truecount="0" falsecount="4"/>
      <line num="737" count="0" type="stmt"/>
      <line num="739" count="0" type="stmt"/>
      <line num="742" count="3" type="stmt"/>
      <line num="752" count="3" type="stmt"/>
      <line num="753" count="3" type="stmt"/>
      <line num="754" count="3" type="stmt"/>
      <line num="756" count="0" type="stmt"/>
      <line num="761" count="1" type="stmt"/>
      <line num="762" count="6" type="stmt"/>
      <line num="763" count="6" type="stmt"/>
      <line num="764" count="6" type="cond" truecount="1" falsecount="1"/>
      <line num="765" count="6" type="stmt"/>
      <line num="769" count="6" type="cond" truecount="1" falsecount="1"/>
      <line num="770" count="6" type="cond" truecount="1" falsecount="1"/>
      <line num="773" count="6" type="cond" truecount="2" falsecount="2"/>
      <line num="774" count="0" type="stmt"/>
      <line num="775" count="0" type="stmt"/>
      <line num="779" count="6" type="cond" truecount="1" falsecount="1"/>
      <line num="780" count="0" type="stmt"/>
      <line num="781" count="0" type="stmt"/>
      <line num="782" count="0" type="stmt"/>
      <line num="783" count="0" type="stmt"/>
      <line num="788" count="6" type="cond" truecount="3" falsecount="1"/>
      <line num="789" count="0" type="stmt"/>
      <line num="790" count="0" type="stmt"/>
      <line num="791" count="6" type="cond" truecount="1" falsecount="1"/>
      <line num="792" count="0" type="stmt"/>
      <line num="793" count="0" type="cond" truecount="0" falsecount="2"/>
      <line num="794" count="0" type="stmt"/>
      <line num="795" count="0" type="stmt"/>
      <line num="799" count="6" type="stmt"/>
      <line num="800" count="6" type="stmt"/>
      <line num="801" count="6" type="stmt"/>
      <line num="802" count="6" type="stmt"/>
      <line num="803" count="6" type="stmt"/>
      <line num="805" count="6" type="stmt"/>
      <line num="819" count="0" type="stmt"/>
      <line num="823" count="1" type="stmt"/>
      <line num="824" count="0" type="stmt"/>
      <line num="825" count="0" type="cond" truecount="0" falsecount="2"/>
      <line num="826" count="0" type="cond" truecount="0" falsecount="2"/>
      <line num="827" count="0" type="stmt"/>
      <line num="830" count="0" type="stmt"/>
      <line num="831" count="0" type="stmt"/>
      <line num="832" count="0" type="stmt"/>
      <line num="834" count="0" type="stmt"/>
      <line num="838" count="1" type="stmt"/>
      <line num="839" count="1" type="stmt"/>
      <line num="840" count="1" type="cond" truecount="1" falsecount="1"/>
      <line num="841" count="1" type="cond" truecount="1" falsecount="1"/>
      <line num="842" count="0" type="stmt"/>
      <line num="846" count="1" type="stmt"/>
      <line num="847" count="1" type="stmt"/>
      <line num="849" count="0" type="stmt"/>
      <line num="851" count="1" type="cond" truecount="2" falsecount="2"/>
      <line num="852" count="0" type="stmt"/>
      <line num="855" count="1" type="stmt"/>
      <line num="856" count="1" type="cond" truecount="5" falsecount="3"/>
      <line num="857" count="0" type="stmt"/>
      <line num="860" count="1" type="stmt"/>
      <line num="861" count="1" type="cond" truecount="2" falsecount="0"/>
      <line num="862" count="1" type="cond" truecount="4" falsecount="1"/>
      <line num="863" count="0" type="stmt"/>
      <line num="866" count="1" type="stmt"/>
      <line num="867" count="1" type="stmt"/>
      <line num="868" count="1" type="stmt"/>
      <line num="869" count="1" type="stmt"/>
      <line num="870" count="1" type="stmt"/>
      <line num="872" count="1" type="stmt"/>
      <line num="877" count="0" type="stmt"/>
      <line num="881" count="1" type="stmt"/>
      <line num="882" count="0" type="cond" truecount="0" falsecount="2"/>
      <line num="883" count="0" type="stmt"/>
      <line num="889" count="0" type="cond" truecount="0" falsecount="2"/>
      <line num="890" count="0" type="stmt"/>
      <line num="891" count="0" type="stmt"/>
      <line num="903" count="0" type="cond" truecount="0" falsecount="2"/>
      <line num="906" count="1" type="stmt"/>
      <line num="907" count="10" type="stmt"/>
      <line num="914" count="10" type="cond" truecount="1" falsecount="1"/>
      <line num="915" count="0" type="stmt"/>
      <line num="918" count="10" type="stmt"/>
      <line num="919" count="10" type="cond" truecount="2" falsecount="0"/>
      <line num="920" count="1" type="stmt"/>
      <line num="924" count="9" type="stmt"/>
      <line num="925" count="9" type="stmt"/>
      <line num="927" count="0" type="stmt"/>
      <line num="929" count="9" type="cond" truecount="2" falsecount="2"/>
      <line num="930" count="0" type="stmt"/>
      <line num="933" count="9" type="stmt"/>
      <line num="934" count="9" type="cond" truecount="5" falsecount="3"/>
      <line num="935" count="0" type="stmt"/>
      <line num="937" count="9" type="cond" truecount="2" falsecount="2"/>
      <line num="938" count="0" type="stmt"/>
      <line num="941" count="9" type="stmt"/>
      <line num="947" count="9" type="cond" truecount="3" falsecount="1"/>
      <line num="948" count="0" type="stmt"/>
      <line num="951" count="9" type="cond" truecount="2" falsecount="0"/>
      <line num="952" count="7" type="cond" truecount="1" falsecount="1"/>
      <line num="953" count="7" type="cond" truecount="1" falsecount="1"/>
      <line num="955" count="7" type="stmt"/>
      <line num="956" count="96" type="stmt"/>
      <line num="957" count="96" type="cond" truecount="2" falsecount="0"/>
      <line num="958" count="1" type="cond" truecount="1" falsecount="1"/>
      <line num="961" count="7" type="stmt"/>
      <line num="962" count="7" type="cond" truecount="4" falsecount="0"/>
      <line num="963" count="7" type="cond" truecount="2" falsecount="0"/>
      <line num="964" count="7" type="cond" truecount="1" falsecount="3"/>
      <line num="965" count="7" type="cond" truecount="2" falsecount="0"/>
      <line num="966" count="7" type="cond" truecount="2" falsecount="0"/>
      <line num="967" count="7" type="cond" truecount="2" falsecount="0"/>
      <line num="968" count="7" type="cond" truecount="2" falsecount="0"/>
      <line num="969" count="7" type="cond" truecount="2" falsecount="0"/>
      <line num="970" count="7" type="cond" truecount="2" falsecount="0"/>
      <line num="971" count="7" type="cond" truecount="2" falsecount="0"/>
      <line num="972" count="7" type="cond" truecount="2" falsecount="0"/>
      <line num="973" count="7" type="cond" truecount="2" falsecount="0"/>
      <line num="974" count="7" type="cond" truecount="2" falsecount="0"/>
      <line num="975" count="7" type="cond" truecount="2" falsecount="0"/>
      <line num="976" count="7" type="cond" truecount="2" falsecount="0"/>
      <line num="977" count="7" type="cond" truecount="2" falsecount="0"/>
      <line num="978" count="7" type="cond" truecount="2" falsecount="0"/>
      <line num="980" count="7" type="cond" truecount="3" falsecount="1"/>
      <line num="981" count="0" type="stmt"/>
      <line num="984" count="7" type="cond" truecount="3" falsecount="1"/>
      <line num="985" count="0" type="cond" truecount="0" falsecount="2"/>
      <line num="986" count="0" type="cond" truecount="0" falsecount="4"/>
      <line num="987" count="0" type="stmt"/>
      <line num="991" count="7" type="stmt"/>
      <line num="999" count="7" type="stmt"/>
      <line num="1000" count="42" type="stmt"/>
      <line num="1001" count="42" type="cond" truecount="3" falsecount="1"/>
      <line num="1002" count="0" type="stmt"/>
      <line num="1006" count="7" type="cond" truecount="2" falsecount="0"/>
      <line num="1007" count="7" type="cond" truecount="2" falsecount="2"/>
      <line num="1008" count="0" type="stmt"/>
      <line num="1012" count="9" type="stmt"/>
      <line num="1015" count="1" type="stmt"/>
      <line num="1016" count="1" type="stmt"/>
      <line num="1017" count="1" type="stmt"/>
      <line num="1020" count="1" type="cond" truecount="1" falsecount="1"/>
      <line num="1021" count="0" type="stmt"/>
      <line num="1023" count="1" type="stmt"/>
      <line num="1034" count="0" type="stmt"/>
      <line num="1038" count="1" type="stmt"/>
      <line num="1039" count="0" type="stmt"/>
      <line num="1040" count="0" type="stmt"/>
      <line num="1041" count="0" type="cond" truecount="0" falsecount="2"/>
      <line num="1042" count="0" type="stmt"/>
      <line num="1043" count="0" type="stmt"/>
      <line num="1044" count="0" type="stmt"/>
      <line num="1045" count="0" type="stmt"/>
      <line num="1047" count="0" type="stmt"/>
      <line num="1051" count="1" type="stmt"/>
      <line num="1052" count="0" type="stmt"/>
      <line num="1053" count="0" type="cond" truecount="0" falsecount="2"/>
      <line num="1054" count="0" type="cond" truecount="0" falsecount="2"/>
      <line num="1055" count="0" type="stmt"/>
      <line num="1057" count="0" type="cond" truecount="0" falsecount="2"/>
      <line num="1058" count="0" type="stmt"/>
      <line num="1061" count="0" type="stmt"/>
      <line num="1062" count="0" type="stmt"/>
      <line num="1063" count="0" type="stmt"/>
      <line num="1064" count="0" type="stmt"/>
      <line num="1066" count="0" type="stmt"/>
      <line num="1067" count="0" type="stmt"/>
      <line num="1068" count="0" type="stmt"/>
      <line num="1070" count="0" type="stmt"/>
      <line num="1071" count="0" type="stmt"/>
      <line num="1072" count="0" type="stmt"/>
      <line num="1075" count="0" type="stmt"/>
      <line num="1076" count="0" type="stmt"/>
      <line num="1077" count="0" type="stmt"/>
      <line num="1078" count="0" type="stmt"/>
      <line num="1081" count="0" type="stmt"/>
      <line num="1086" count="1" type="stmt"/>
      <line num="1087" count="0" type="stmt"/>
      <line num="1088" count="0" type="stmt"/>
      <line num="1089" count="0" type="stmt"/>
      <line num="1091" count="0" type="cond" truecount="0" falsecount="2"/>
      <line num="1092" count="0" type="cond" truecount="0" falsecount="2"/>
      <line num="1094" count="0" type="stmt"/>
      <line num="1095" count="0" type="stmt"/>
      <line num="1096" count="0" type="stmt"/>
      <line num="1097" count="0" type="stmt"/>
      <line num="1099" count="0" type="stmt"/>
      <line num="1105" count="0" type="stmt"/>
      <line num="1110" count="1" type="stmt"/>
      <line num="1111" count="0" type="stmt"/>
      <line num="1112" count="0" type="stmt"/>
      <line num="1113" count="0" type="stmt"/>
      <line num="1115" count="0" type="stmt"/>
      <line num="1119" count="1" type="stmt"/>
      <line num="1120" count="0" type="stmt"/>
      <line num="1121" count="0" type="cond" truecount="0" falsecount="2"/>
      <line num="1122" count="0" type="stmt"/>
      <line num="1123" count="0" type="cond" truecount="0" falsecount="2"/>
      <line num="1124" count="0" type="stmt"/>
      <line num="1130" count="0" type="stmt"/>
      <line num="1135" count="0" type="stmt"/>
      <line num="1145" count="0" type="stmt"/>
      <line num="1147" count="0" type="stmt"/>
      <line num="1151" count="1" type="stmt"/>
      <line num="1152" count="0" type="stmt"/>
      <line num="1153" count="0" type="stmt"/>
      <line num="1158" count="0" type="stmt"/>
      <line num="1159" count="0" type="stmt"/>
      <line num="1167" count="0" type="stmt"/>
      <line num="1171" count="1" type="stmt"/>
      <line num="1172" count="0" type="stmt"/>
      <line num="1173" count="0" type="cond" truecount="0" falsecount="2"/>
      <line num="1174" count="0" type="cond" truecount="0" falsecount="2"/>
      <line num="1176" count="0" type="stmt"/>
      <line num="1177" count="0" type="cond" truecount="0" falsecount="2"/>
      <line num="1178" count="0" type="cond" truecount="0" falsecount="4"/>
      <line num="1179" count="0" type="stmt"/>
      <line num="1182" count="0" type="stmt"/>
      <line num="1183" count="0" type="stmt"/>
      <line num="1185" count="0" type="stmt"/>
      <line num="1194" count="0" type="stmt"/>
      <line num="1198" count="1" type="stmt"/>
      <line num="1199" count="0" type="stmt"/>
      <line num="1200" count="0" type="cond" truecount="0" falsecount="2"/>
      <line num="1201" count="0" type="cond" truecount="0" falsecount="2"/>
      <line num="1203" count="0" type="stmt"/>
      <line num="1204" count="0" type="cond" truecount="0" falsecount="2"/>
      <line num="1205" count="0" type="cond" truecount="0" falsecount="4"/>
      <line num="1206" count="0" type="stmt"/>
      <line num="1209" count="0" type="stmt"/>
      <line num="1210" count="0" type="stmt"/>
      <line num="1212" count="0" type="stmt"/>
      <line num="1214" count="0" type="stmt"/>
      <line num="1218" count="1" type="stmt"/>
      <line num="1219" count="0" type="stmt"/>
      <line num="1220" count="0" type="cond" truecount="0" falsecount="2"/>
      <line num="1221" count="0" type="cond" truecount="0" falsecount="2"/>
      <line num="1222" count="0" type="cond" truecount="0" falsecount="2"/>
      <line num="1224" count="0" type="stmt"/>
      <line num="1225" count="0" type="cond" truecount="0" falsecount="2"/>
      <line num="1226" count="0" type="cond" truecount="0" falsecount="4"/>
      <line num="1227" count="0" type="stmt"/>
      <line num="1230" count="0" type="stmt"/>
      <line num="1231" count="0" type="cond" truecount="0" falsecount="4"/>
      <line num="1234" count="0" type="cond" truecount="0" falsecount="4"/>
      <line num="1240" count="0" type="stmt"/>
      <line num="1241" count="0" type="stmt"/>
      <line num="1243" count="0" type="stmt"/>
      <line num="1253" count="0" type="stmt"/>
      <line num="1257" count="1" type="stmt"/>
      <line num="1258" count="0" type="stmt"/>
      <line num="1259" count="0" type="cond" truecount="0" falsecount="2"/>
      <line num="1260" count="0" type="cond" truecount="0" falsecount="2"/>
      <line num="1262" count="0" type="stmt"/>
      <line num="1263" count="0" type="cond" truecount="0" falsecount="2"/>
      <line num="1264" count="0" type="cond" truecount="0" falsecount="4"/>
      <line num="1265" count="0" type="stmt"/>
      <line num="1268" count="0" type="stmt"/>
      <line num="1287" count="0" type="stmt"/>
      <line num="1289" count="0" type="stmt"/>
      <line num="1293" count="1" type="stmt"/>
      <line num="1294" count="0" type="stmt"/>
      <line num="1295" count="0" type="stmt"/>
      <line num="1296" count="0" type="stmt"/>
      <line num="1310" count="0" type="stmt"/>
      <line num="1311" count="0" type="stmt"/>
      <line num="1313" count="0" type="cond" truecount="0" falsecount="2"/>
      <line num="1314" count="0" type="cond" truecount="0" falsecount="2"/>
      <line num="1315" count="0" type="stmt"/>
      <line num="1316" count="0" type="cond" truecount="0" falsecount="2"/>
      <line num="1317" count="0" type="stmt"/>
      <line num="1324" count="0" type="stmt"/>
      <line num="1326" count="0" type="cond" truecount="0" falsecount="2"/>
      <line num="1327" count="0" type="stmt"/>
      <line num="1328" count="0" type="stmt"/>
      <line num="1331" count="0" type="cond" truecount="0" falsecount="2"/>
      <line num="1336" count="0" type="stmt"/>
      <line num="1340" count="0" type="stmt"/>
      <line num="1341" count="0" type="cond" truecount="0" falsecount="2"/>
      <line num="1342" count="0" type="cond" truecount="0" falsecount="2"/>
      <line num="1343" count="0" type="cond" truecount="0" falsecount="2"/>
      <line num="1344" count="0" type="stmt"/>
      <line num="1347" count="0" type="stmt"/>
      <line num="1349" count="0" type="stmt"/>
      <line num="1353" count="1" type="stmt"/>
      <line num="1354" count="0" type="stmt"/>
      <line num="1355" count="0" type="stmt"/>
      <line num="1356" count="0" type="stmt"/>
      <line num="1357" count="0" type="cond" truecount="0" falsecount="2"/>
      <line num="1359" count="0" type="cond" truecount="0" falsecount="4"/>
      <line num="1360" count="0" type="stmt"/>
      <line num="1361" count="0" type="stmt"/>
      <line num="1362" count="0" type="cond" truecount="0" falsecount="2"/>
      <line num="1363" count="0" type="stmt"/>
      <line num="1364" count="0" type="cond" truecount="0" falsecount="2"/>
      <line num="1365" count="0" type="stmt"/>
      <line num="1366" count="0" type="stmt"/>
      <line num="1370" count="0" type="stmt"/>
      <line num="1372" count="0" type="stmt"/>
      <line num="1376" count="1" type="stmt"/>
      <line num="1377" count="0" type="stmt"/>
      <line num="1378" count="0" type="stmt"/>
      <line num="1379" count="0" type="cond" truecount="0" falsecount="2"/>
      <line num="1380" count="0" type="stmt"/>
      <line num="1381" count="0" type="cond" truecount="0" falsecount="2"/>
      <line num="1382" count="0" type="cond" truecount="0" falsecount="2"/>
      <line num="1383" count="0" type="cond" truecount="0" falsecount="2"/>
      <line num="1386" count="0" type="cond" truecount="0" falsecount="2"/>
      <line num="1389" count="0" type="cond" truecount="0" falsecount="2"/>
      <line num="1390" count="0" type="cond" truecount="0" falsecount="2"/>
      <line num="1393" count="0" type="cond" truecount="0" falsecount="2"/>
      <line num="1394" count="0" type="cond" truecount="0" falsecount="5"/>
      <line num="1395" count="0" type="stmt"/>
      <line num="1396" count="0" type="cond" truecount="0" falsecount="2"/>
      <line num="1397" count="0" type="cond" truecount="0" falsecount="4"/>
      <line num="1398" count="0" type="cond" truecount="0" falsecount="2"/>
      <line num="1399" count="0" type="cond" truecount="0" falsecount="5"/>
      <line num="1400" count="0" type="cond" truecount="0" falsecount="5"/>
      <line num="1402" count="0" type="cond" truecount="0" falsecount="2"/>
      <line num="1403" count="0" type="stmt"/>
      <line num="1404" count="0" type="stmt"/>
      <line num="1405" count="0" type="cond" truecount="0" falsecount="2"/>
      <line num="1406" count="0" type="cond" truecount="0" falsecount="2"/>
      <line num="1407" count="0" type="cond" truecount="0" falsecount="2"/>
      <line num="1408" count="0" type="cond" truecount="0" falsecount="2"/>
      <line num="1409" count="0" type="cond" truecount="0" falsecount="2"/>
      <line num="1411" count="0" type="stmt"/>
      <line num="1430" count="0" type="stmt"/>
      <line num="1434" count="1" type="stmt"/>
      <line num="1435" count="0" type="stmt"/>
      <line num="1436" count="0" type="stmt"/>
      <line num="1437" count="0" type="stmt"/>
      <line num="1438" count="0" type="cond" truecount="0" falsecount="2"/>
      <line num="1440" count="0" type="cond" truecount="0" falsecount="2"/>
      <line num="1441" count="0" type="cond" truecount="0" falsecount="2"/>
      <line num="1442" count="0" type="stmt"/>
      <line num="1445" count="0" type="stmt"/>
      <line num="1449" count="0" type="stmt"/>
      <line num="1450" count="0" type="stmt"/>
      <line num="1451" count="0" type="stmt"/>
      <line num="1453" count="0" type="stmt"/>
      <line num="1459" count="0" type="stmt"/>
      <line num="1461" count="0" type="stmt"/>
      <line num="1465" count="1" type="stmt"/>
      <line num="1466" count="0" type="stmt"/>
      <line num="1467" count="0" type="stmt"/>
      <line num="1476" count="0" type="cond" truecount="0" falsecount="2"/>
      <line num="1478" count="0" type="stmt"/>
      <line num="1479" count="0" type="cond" truecount="0" falsecount="2"/>
      <line num="1480" count="0" type="cond" truecount="0" falsecount="2"/>
      <line num="1481" count="0" type="stmt"/>
      <line num="1484" count="0" type="cond" truecount="0" falsecount="2"/>
      <line num="1485" count="0" type="cond" truecount="0" falsecount="2"/>
      <line num="1486" count="0" type="cond" truecount="0" falsecount="2"/>
      <line num="1487" count="0" type="cond" truecount="0" falsecount="2"/>
      <line num="1489" count="0" type="cond" truecount="0" falsecount="2"/>
      <line num="1490" count="0" type="cond" truecount="0" falsecount="2"/>
      <line num="1491" count="0" type="stmt"/>
      <line num="1492" count="0" type="stmt"/>
      <line num="1493" count="0" type="cond" truecount="0" falsecount="4"/>
      <line num="1494" count="0" type="stmt"/>
      <line num="1495" count="0" type="stmt"/>
      <line num="1501" count="0" type="stmt"/>
      <line num="1502" count="0" type="cond" truecount="0" falsecount="2"/>
      <line num="1503" count="0" type="stmt"/>
      <line num="1507" count="0" type="cond" truecount="0" falsecount="2"/>
      <line num="1508" count="0" type="cond" truecount="0" falsecount="2"/>
      <line num="1509" count="0" type="stmt"/>
      <line num="1510" count="0" type="stmt"/>
      <line num="1511" count="0" type="cond" truecount="0" falsecount="4"/>
      <line num="1512" count="0" type="stmt"/>
      <line num="1513" count="0" type="stmt"/>
      <line num="1519" count="0" type="stmt"/>
      <line num="1520" count="0" type="cond" truecount="0" falsecount="2"/>
      <line num="1521" count="0" type="stmt"/>
      <line num="1525" count="0" type="stmt"/>
      <line num="1526" count="0" type="cond" truecount="0" falsecount="2"/>
      <line num="1527" count="0" type="cond" truecount="0" falsecount="2"/>
      <line num="1528" count="0" type="cond" truecount="0" falsecount="2"/>
      <line num="1529" count="0" type="cond" truecount="0" falsecount="2"/>
      <line num="1530" count="0" type="stmt"/>
      <line num="1531" count="0" type="cond" truecount="0" falsecount="4"/>
      <line num="1533" count="0" type="cond" truecount="0" falsecount="4"/>
      <line num="1534" count="0" type="stmt"/>
      <line num="1537" count="0" type="cond" truecount="0" falsecount="2"/>
      <line num="1538" count="0" type="stmt"/>
      <line num="1539" count="0" type="stmt"/>
      <line num="1541" count="0" type="cond" truecount="0" falsecount="2"/>
      <line num="1542" count="0" type="stmt"/>
      <line num="1543" count="0" type="stmt"/>
      <line num="1545" count="0" type="stmt"/>
      <line num="1547" count="0" type="cond" truecount="0" falsecount="2"/>
      <line num="1548" count="0" type="stmt"/>
      <line num="1566" count="0" type="cond" truecount="0" falsecount="2"/>
      <line num="1567" count="0" type="stmt"/>
      <line num="1568" count="0" type="stmt"/>
      <line num="1569" count="0" type="cond" truecount="0" falsecount="2"/>
      <line num="1570" count="0" type="cond" truecount="0" falsecount="2"/>
      <line num="1571" count="0" type="cond" truecount="0" falsecount="2"/>
      <line num="1572" count="0" type="cond" truecount="0" falsecount="2"/>
      <line num="1573" count="0" type="cond" truecount="0" falsecount="2"/>
      <line num="1575" count="0" type="stmt"/>
      <line num="1590" count="0" type="stmt"/>
      <line num="1594" count="1" type="stmt"/>
      <line num="1595" count="0" type="stmt"/>
      <line num="1596" count="0" type="cond" truecount="0" falsecount="2"/>
      <line num="1597" count="0" type="cond" truecount="0" falsecount="2"/>
      <line num="1598" count="0" type="cond" truecount="0" falsecount="4"/>
      <line num="1599" count="0" type="stmt"/>
      <line num="1601" count="0" type="cond" truecount="0" falsecount="2"/>
      <line num="1602" count="0" type="stmt"/>
      <line num="1605" count="0" type="stmt"/>
      <line num="1609" count="0" type="cond" truecount="0" falsecount="4"/>
      <line num="1610" count="0" type="stmt"/>
      <line num="1613" count="0" type="cond" truecount="0" falsecount="4"/>
      <line num="1615" count="0" type="cond" truecount="0" falsecount="2"/>
      <line num="1616" count="0" type="stmt"/>
      <line num="1619" count="0" type="cond" truecount="0" falsecount="4"/>
      <line num="1620" count="0" type="stmt"/>
      <line num="1622" count="0" type="cond" truecount="0" falsecount="4"/>
      <line num="1623" count="0" type="stmt"/>
      <line num="1626" count="0" type="cond" truecount="0" falsecount="2"/>
      <line num="1627" count="0" type="cond" truecount="0" falsecount="2"/>
      <line num="1628" count="0" type="stmt"/>
      <line num="1630" count="0" type="stmt"/>
      <line num="1637" count="0" type="cond" truecount="0" falsecount="2"/>
      <line num="1638" count="0" type="stmt"/>
      <line num="1648" count="0" type="stmt"/>
      <line num="1650" count="0" type="stmt"/>
      <line num="1654" count="1" type="stmt"/>
      <line num="1655" count="0" type="stmt"/>
      <line num="1656" count="0" type="cond" truecount="0" falsecount="2"/>
      <line num="1657" count="0" type="cond" truecount="0" falsecount="2"/>
      <line num="1658" count="0" type="cond" truecount="0" falsecount="4"/>
      <line num="1659" count="0" type="stmt"/>
      <line num="1662" count="0" type="stmt"/>
      <line num="1666" count="0" type="cond" truecount="0" falsecount="4"/>
      <line num="1667" count="0" type="stmt"/>
      <line num="1670" count="0" type="cond" truecount="0" falsecount="4"/>
      <line num="1671" count="0" type="stmt"/>
      <line num="1674" count="0" type="cond" truecount="0" falsecount="2"/>
      <line num="1675" count="0" type="cond" truecount="0" falsecount="2"/>
      <line num="1677" count="0" type="cond" truecount="0" falsecount="2"/>
      <line num="1678" count="0" type="cond" truecount="0" falsecount="2"/>
      <line num="1680" count="0" type="cond" truecount="0" falsecount="2"/>
      <line num="1681" count="0" type="cond" truecount="0" falsecount="2"/>
      <line num="1683" count="0" type="stmt"/>
      <line num="1685" count="0" type="stmt"/>
      <line num="1708" count="0" type="stmt"/>
      <line num="1718" count="0" type="stmt"/>
      <line num="1727" count="0" type="stmt"/>
      <line num="1729" count="0" type="stmt"/>
      <line num="1733" count="1" type="stmt"/>
      <line num="1734" count="0" type="stmt"/>
      <line num="1735" count="0" type="cond" truecount="0" falsecount="2"/>
      <line num="1736" count="0" type="cond" truecount="0" falsecount="2"/>
      <line num="1737" count="0" type="cond" truecount="0" falsecount="4"/>
      <line num="1738" count="0" type="stmt"/>
      <line num="1741" count="0" type="stmt"/>
      <line num="1745" count="0" type="cond" truecount="0" falsecount="4"/>
      <line num="1746" count="0" type="stmt"/>
      <line num="1749" count="0" type="cond" truecount="0" falsecount="2"/>
      <line num="1750" count="0" type="cond" truecount="0" falsecount="2"/>
      <line num="1752" count="0" type="stmt"/>
      <line num="1754" count="0" type="stmt"/>
      <line num="1764" count="0" type="stmt"/>
      <line num="1766" count="0" type="stmt"/>
      <line num="1770" count="1" type="stmt"/>
      <line num="1771" count="0" type="stmt"/>
      <line num="1772" count="0" type="cond" truecount="0" falsecount="2"/>
      <line num="1773" count="0" type="cond" truecount="0" falsecount="2"/>
      <line num="1774" count="0" type="cond" truecount="0" falsecount="4"/>
      <line num="1775" count="0" type="stmt"/>
      <line num="1777" count="0" type="cond" truecount="0" falsecount="2"/>
      <line num="1778" count="0" type="stmt"/>
      <line num="1781" count="0" type="stmt"/>
      <line num="1785" count="0" type="cond" truecount="0" falsecount="4"/>
      <line num="1786" count="0" type="stmt"/>
      <line num="1789" count="0" type="cond" truecount="0" falsecount="2"/>
      <line num="1790" count="0" type="cond" truecount="0" falsecount="2"/>
      <line num="1791" count="0" type="cond" truecount="0" falsecount="2"/>
      <line num="1792" count="0" type="cond" truecount="0" falsecount="2"/>
      <line num="1793" count="0" type="cond" truecount="0" falsecount="2"/>
      <line num="1794" count="0" type="cond" truecount="0" falsecount="2"/>
      <line num="1796" count="0" type="stmt"/>
      <line num="1798" count="0" type="stmt"/>
      <line num="1800" count="0" type="stmt"/>
      <line num="1804" count="1" type="stmt"/>
      <line num="1805" count="0" type="stmt"/>
      <line num="1806" count="0" type="cond" truecount="0" falsecount="2"/>
      <line num="1807" count="0" type="cond" truecount="0" falsecount="2"/>
      <line num="1808" count="0" type="cond" truecount="0" falsecount="2"/>
      <line num="1809" count="0" type="cond" truecount="0" falsecount="2"/>
      <line num="1811" count="0" type="cond" truecount="0" falsecount="5"/>
      <line num="1812" count="0" type="stmt"/>
      <line num="1814" count="0" type="cond" truecount="0" falsecount="2"/>
      <line num="1815" count="0" type="stmt"/>
      <line num="1818" count="0" type="stmt"/>
      <line num="1822" count="0" type="cond" truecount="0" falsecount="4"/>
      <line num="1823" count="0" type="stmt"/>
      <line num="1826" count="0" type="cond" truecount="0" falsecount="4"/>
      <line num="1828" count="0" type="cond" truecount="0" falsecount="2"/>
      <line num="1829" count="0" type="stmt"/>
      <line num="1832" count="0" type="stmt"/>
      <line num="1840" count="0" type="stmt"/>
      <line num="1854" count="0" type="stmt"/>
      <line num="1856" count="0" type="stmt"/>
      <line num="1860" count="1" type="stmt"/>
      <line num="1861" count="0" type="stmt"/>
      <line num="1862" count="0" type="stmt"/>
      <line num="1863" count="0" type="cond" truecount="0" falsecount="2"/>
      <line num="1864" count="0" type="stmt"/>
      <line num="1867" count="0" type="cond" truecount="0" falsecount="2"/>
      <line num="1868" count="0" type="stmt"/>
      <line num="1870" count="0" type="stmt"/>
      <line num="1871" count="0" type="stmt"/>
      <line num="1873" count="0" type="stmt"/>
      <line num="1877" count="1" type="stmt"/>
      <line num="1878" count="0" type="stmt"/>
      <line num="1879" count="0" type="stmt"/>
      <line num="1880" count="0" type="cond" truecount="0" falsecount="2"/>
      <line num="1881" count="0" type="cond" truecount="0" falsecount="2"/>
      <line num="1882" count="0" type="stmt"/>
      <line num="1884" count="0" type="cond" truecount="0" falsecount="4"/>
      <line num="1885" count="0" type="stmt"/>
      <line num="1888" count="0" type="stmt"/>
      <line num="1889" count="0" type="cond" truecount="0" falsecount="2"/>
      <line num="1891" count="0" type="cond" truecount="0" falsecount="4"/>
      <line num="1892" count="0" type="stmt"/>
      <line num="1895" count="0" type="stmt"/>
      <line num="1896" count="0" type="stmt"/>
      <line num="1898" count="0" type="cond" truecount="0" falsecount="2"/>
      <line num="1900" count="0" type="cond" truecount="0" falsecount="2"/>
      <line num="1904" count="0" type="stmt"/>
      <line num="1919" count="0" type="stmt"/>
      <line num="1921" count="0" type="stmt"/>
      <line num="1926" count="1" type="stmt"/>
      <line num="1927" count="1" type="stmt"/>
      <line num="1928" count="1" type="stmt"/>
      <line num="1929" count="1" type="stmt"/>
      <line num="1931" count="1" type="cond" truecount="6" falsecount="1"/>
      <line num="1932" count="0" type="stmt"/>
      <line num="1935" count="1" type="stmt"/>
      <line num="1936" count="1" type="cond" truecount="1" falsecount="1"/>
      <line num="1937" count="1" type="cond" truecount="1" falsecount="1"/>
      <line num="1939" count="1" type="stmt"/>
      <line num="1940" count="1" type="cond" truecount="1" falsecount="1"/>
      <line num="1942" count="1" type="cond" truecount="3" falsecount="1"/>
      <line num="1943" count="0" type="stmt"/>
      <line num="1946" count="1" type="cond" truecount="1" falsecount="1"/>
      <line num="1949" count="1" type="cond" truecount="1" falsecount="1"/>
      <line num="1950" count="1" type="stmt"/>
      <line num="1953" count="1" type="cond" truecount="1" falsecount="1"/>
      <line num="1954" count="1" type="stmt"/>
      <line num="1955" count="1" type="stmt"/>
      <line num="1956" count="1" type="stmt"/>
      <line num="1957" count="1" type="stmt"/>
      <line num="1959" count="1" type="stmt"/>
      <line num="1977" count="1" type="stmt"/>
      <line num="1979" count="0" type="stmt"/>
      <line num="1997" count="0" type="stmt"/>
      <line num="2000" count="1" type="stmt"/>
      <line num="2006" count="0" type="stmt"/>
      <line num="2010" count="1" type="stmt"/>
      <line num="2011" count="1" type="stmt"/>
      <line num="2012" count="1" type="stmt"/>
      <line num="2013" count="1" type="stmt"/>
      <line num="2014" count="1" type="stmt"/>
      <line num="2016" count="0" type="stmt"/>
      <line num="2020" count="1" type="stmt"/>
      <line num="2021" count="0" type="stmt"/>
      <line num="2022" count="0" type="stmt"/>
      <line num="2023" count="0" type="stmt"/>
      <line num="2024" count="0" type="stmt"/>
      <line num="2041" count="0" type="stmt"/>
      <line num="2045" count="0" type="stmt"/>
      <line num="2046" count="0" type="cond" truecount="0" falsecount="2"/>
      <line num="2048" count="0" type="stmt"/>
      <line num="2052" count="1" type="stmt"/>
      <line num="2053" count="1" type="stmt"/>
      <line num="2054" count="1" type="stmt"/>
      <line num="2055" count="1" type="cond" truecount="1" falsecount="1"/>
      <line num="2056" count="1" type="cond" truecount="1" falsecount="1"/>
      <line num="2058" count="1" type="cond" truecount="3" falsecount="1"/>
      <line num="2059" count="0" type="stmt"/>
      <line num="2061" count="1" type="cond" truecount="3" falsecount="1"/>
      <line num="2062" count="0" type="stmt"/>
      <line num="2064" count="1" type="cond" truecount="1" falsecount="1"/>
      <line num="2065" count="0" type="stmt"/>
      <line num="2068" count="1" type="stmt"/>
      <line num="2073" count="1" type="cond" truecount="3" falsecount="1"/>
      <line num="2074" count="0" type="stmt"/>
      <line num="2077" count="1" type="cond" truecount="4" falsecount="0"/>
      <line num="2079" count="1" type="cond" truecount="1" falsecount="1"/>
      <line num="2080" count="0" type="stmt"/>
      <line num="2084" count="1" type="cond" truecount="2" falsecount="2"/>
      <line num="2090" count="1" type="cond" truecount="4" falsecount="0"/>
      <line num="2093" count="1" type="cond" truecount="1" falsecount="1"/>
      <line num="2094" count="1" type="cond" truecount="2" falsecount="3"/>
      <line num="2096" count="0" type="cond" truecount="0" falsecount="2"/>
      <line num="2098" count="0" type="cond" truecount="0" falsecount="2"/>
      <line num="2099" count="0" type="stmt"/>
      <line num="2104" count="0" type="stmt"/>
      <line num="2110" count="1" type="cond" truecount="2" falsecount="0"/>
      <line num="2111" count="1" type="stmt"/>
      <line num="2112" count="1" type="stmt"/>
      <line num="2113" count="1" type="cond" truecount="1" falsecount="1"/>
      <line num="2114" count="0" type="cond" truecount="0" falsecount="2"/>
      <line num="2115" count="0" type="cond" truecount="0" falsecount="2"/>
      <line num="2116" count="0" type="stmt"/>
      <line num="2118" count="0" type="stmt"/>
      <line num="2119" count="0" type="cond" truecount="0" falsecount="2"/>
      <line num="2120" count="0" type="stmt"/>
      <line num="2122" count="0" type="stmt"/>
      <line num="2131" count="0" type="cond" truecount="0" falsecount="2"/>
      <line num="2132" count="0" type="cond" truecount="0" falsecount="2"/>
      <line num="2136" count="1" type="stmt"/>
      <line num="2146" count="1" type="stmt"/>
      <line num="2148" count="1" type="cond" truecount="1" falsecount="1"/>
      <line num="2149" count="1" type="stmt"/>
      <line num="2156" count="1" type="cond" truecount="1" falsecount="1"/>
      <line num="2157" count="0" type="stmt"/>
      <line num="2158" count="0" type="stmt"/>
      <line num="2159" count="0" type="stmt"/>
      <line num="2164" count="0" type="stmt"/>
      <line num="2165" count="0" type="stmt"/>
      <line num="2167" count="1" type="stmt"/>
      <line num="2182" count="1" type="stmt"/>
      <line num="2183" count="1" type="stmt"/>
      <line num="2184" count="1" type="stmt"/>
      <line num="2188" count="1" type="cond" truecount="1" falsecount="1"/>
      <line num="2189" count="1" type="stmt"/>
      <line num="2195" count="1" type="stmt"/>
      <line num="2197" count="0" type="stmt"/>
      <line num="2201" count="1" type="stmt"/>
      <line num="2202" count="2" type="stmt"/>
      <line num="2203" count="2" type="stmt"/>
      <line num="2204" count="2" type="cond" truecount="1" falsecount="1"/>
      <line num="2205" count="2" type="cond" truecount="1" falsecount="1"/>
      <line num="2207" count="2" type="stmt"/>
      <line num="2208" count="2" type="cond" truecount="1" falsecount="1"/>
      <line num="2209" count="0" type="stmt"/>
      <line num="2212" count="2" type="cond" truecount="4" falsecount="0"/>
      <line num="2213" count="1" type="stmt"/>
      <line num="2216" count="1" type="stmt"/>
      <line num="2217" count="1" type="cond" truecount="1" falsecount="1"/>
      <line num="2218" count="1" type="cond" truecount="1" falsecount="1"/>
      <line num="2219" count="1" type="stmt"/>
      <line num="2223" count="1" type="stmt"/>
      <line num="2225" count="0" type="stmt"/>
      <line num="2229" count="1" type="stmt"/>
      <line num="2230" count="0" type="stmt"/>
      <line num="2231" count="0" type="stmt"/>
      <line num="2232" count="0" type="stmt"/>
      <line num="2233" count="0" type="stmt"/>
      <line num="2234" count="0" type="cond" truecount="0" falsecount="2"/>
      <line num="2235" count="0" type="stmt"/>
      <line num="2240" count="0" type="stmt"/>
      <line num="2241" count="0" type="stmt"/>
      <line num="2242" count="0" type="stmt"/>
      <line num="2244" count="0" type="stmt"/>
      <line num="2248" count="1" type="stmt"/>
      <line num="2249" count="0" type="stmt"/>
      <line num="2250" count="0" type="stmt"/>
      <line num="2251" count="0" type="stmt"/>
      <line num="2252" count="0" type="stmt"/>
      <line num="2257" count="0" type="stmt"/>
      <line num="2261" count="0" type="cond" truecount="0" falsecount="2"/>
      <line num="2263" count="0" type="stmt"/>
      <line num="2267" count="1" type="stmt"/>
      <line num="2268" count="0" type="stmt"/>
      <line num="2269" count="0" type="cond" truecount="0" falsecount="2"/>
      <line num="2270" count="0" type="cond" truecount="0" falsecount="2"/>
      <line num="2271" count="0" type="cond" truecount="0" falsecount="2"/>
      <line num="2272" count="0" type="stmt"/>
      <line num="2274" count="0" type="stmt"/>
      <line num="2275" count="0" type="cond" truecount="0" falsecount="4"/>
      <line num="2276" count="0" type="stmt"/>
      <line num="2280" count="0" type="cond" truecount="0" falsecount="2"/>
      <line num="2281" count="0" type="stmt"/>
      <line num="2283" count="0" type="stmt"/>
      <line num="2286" count="0" type="stmt"/>
      <line num="2290" count="0" type="stmt"/>
      <line num="2292" count="0" type="stmt"/>
      <line num="2296" count="1" type="stmt"/>
      <line num="2297" count="0" type="stmt"/>
      <line num="2298" count="0" type="stmt"/>
      <line num="2299" count="0" type="cond" truecount="0" falsecount="2"/>
      <line num="2300" count="0" type="stmt"/>
      <line num="2302" count="0" type="stmt"/>
      <line num="2311" count="0" type="stmt"/>
      <line num="2312" count="0" type="stmt"/>
      <line num="2317" count="0" type="cond" truecount="0" falsecount="2"/>
      <line num="2319" count="0" type="stmt"/>
      <line num="2323" count="1" type="stmt"/>
      <line num="2324" count="0" type="stmt"/>
      <line num="2325" count="0" type="stmt"/>
      <line num="2326" count="0" type="cond" truecount="0" falsecount="2"/>
      <line num="2327" count="0" type="cond" truecount="0" falsecount="2"/>
      <line num="2329" count="0" type="stmt"/>
      <line num="2330" count="0" type="cond" truecount="0" falsecount="2"/>
      <line num="2331" count="0" type="cond" truecount="0" falsecount="4"/>
      <line num="2332" count="0" type="stmt"/>
      <line num="2334" count="0" type="cond" truecount="0" falsecount="2"/>
      <line num="2335" count="0" type="stmt"/>
      <line num="2337" count="0" type="cond" truecount="0" falsecount="2"/>
      <line num="2338" count="0" type="stmt"/>
      <line num="2341" count="0" type="stmt"/>
      <line num="2342" count="0" type="stmt"/>
      <line num="2343" count="0" type="cond" truecount="0" falsecount="2"/>
      <line num="2344" count="0" type="stmt"/>
      <line num="2348" count="0" type="stmt"/>
      <line num="2350" count="0" type="stmt"/>
      <line num="2354" count="1" type="stmt"/>
      <line num="2355" count="0" type="stmt"/>
      <line num="2356" count="0" type="stmt"/>
      <line num="2357" count="0" type="cond" truecount="0" falsecount="2"/>
      <line num="2358" count="0" type="stmt"/>
      <line num="2360" count="0" type="stmt"/>
      <line num="2368" count="0" type="stmt"/>
      <line num="2369" count="0" type="stmt"/>
      <line num="2370" count="0" type="cond" truecount="0" falsecount="2"/>
      <line num="2372" count="0" type="stmt"/>
      <line num="2376" count="1" type="stmt"/>
      <line num="2377" count="0" type="stmt"/>
      <line num="2378" count="0" type="stmt"/>
      <line num="2379" count="0" type="cond" truecount="0" falsecount="2"/>
      <line num="2380" count="0" type="stmt"/>
      <line num="2382" count="0" type="stmt"/>
      <line num="2389" count="0" type="stmt"/>
      <line num="2390" count="0" type="stmt"/>
      <line num="2391" count="0" type="stmt"/>
      <line num="2392" count="0" type="cond" truecount="0" falsecount="2"/>
      <line num="2393" count="0" type="stmt"/>
      <line num="2400" count="0" type="stmt"/>
      <line num="2401" count="0" type="stmt"/>
      <line num="2402" count="0" type="cond" truecount="0" falsecount="2"/>
      <line num="2403" count="0" type="stmt"/>
      <line num="2404" count="0" type="stmt"/>
      <line num="2408" count="0" type="stmt"/>
      <line num="2410" count="0" type="stmt"/>
      <line num="2414" count="1" type="stmt"/>
      <line num="2415" count="0" type="stmt"/>
      <line num="2416" count="0" type="stmt"/>
      <line num="2417" count="0" type="cond" truecount="0" falsecount="2"/>
      <line num="2418" count="0" type="stmt"/>
      <line num="2420" count="0" type="stmt"/>
      <line num="2424" count="0" type="cond" truecount="0" falsecount="4"/>
      <line num="2425" count="0" type="stmt"/>
      <line num="2428" count="0" type="stmt"/>
      <line num="2431" count="0" type="stmt"/>
      <line num="2434" count="0" type="stmt"/>
      <line num="2436" count="0" type="stmt"/>
      <line num="2458" count="0" type="stmt"/>
      <line num="2467" count="0" type="stmt"/>
      <line num="2468" count="0" type="stmt"/>
      <line num="2469" count="0" type="stmt"/>
      <line num="2474" count="0" type="stmt"/>
      <line num="2475" count="0" type="cond" truecount="0" falsecount="2"/>
      <line num="2477" count="0" type="stmt"/>
      <line num="2481" count="1" type="stmt"/>
      <line num="2482" count="0" type="stmt"/>
      <line num="2483" count="0" type="stmt"/>
      <line num="2484" count="0" type="cond" truecount="0" falsecount="2"/>
      <line num="2485" count="0" type="stmt"/>
      <line num="2487" count="0" type="stmt"/>
      <line num="2499" count="0" type="stmt"/>
      <line num="2508" count="0" type="stmt"/>
      <line num="2509" count="0" type="stmt"/>
      <line num="2510" count="0" type="stmt"/>
      <line num="2515" count="0" type="stmt"/>
      <line num="2516" count="0" type="cond" truecount="0" falsecount="2"/>
      <line num="2518" count="0" type="stmt"/>
      <line num="2522" count="1" type="stmt"/>
      <line num="2523" count="0" type="stmt"/>
      <line num="2524" count="0" type="stmt"/>
      <line num="2525" count="0" type="stmt"/>
      <line num="2526" count="0" type="stmt"/>
      <line num="2530" count="0" type="stmt"/>
      <line num="2534" count="0" type="cond" truecount="0" falsecount="2"/>
      <line num="2536" count="0" type="stmt"/>
      <line num="2540" count="1" type="stmt"/>
      <line num="2541" count="0" type="stmt"/>
      <line num="2542" count="0" type="stmt"/>
      <line num="2543" count="0" type="stmt"/>
      <line num="2544" count="0" type="stmt"/>
      <line num="2545" count="0" type="cond" truecount="0" falsecount="2"/>
      <line num="2546" count="0" type="stmt"/>
      <line num="2550" count="0" type="stmt"/>
      <line num="2551" count="0" type="stmt"/>
      <line num="2552" count="0" type="stmt"/>
      <line num="2554" count="0" type="stmt"/>
      <line num="2558" count="1" type="stmt"/>
      <line num="2559" count="0" type="stmt"/>
      <line num="2560" count="0" type="stmt"/>
      <line num="2561" count="0" type="cond" truecount="0" falsecount="2"/>
      <line num="2562" count="0" type="cond" truecount="0" falsecount="2"/>
      <line num="2563" count="0" type="stmt"/>
      <line num="2566" count="0" type="stmt"/>
      <line num="2567" count="0" type="cond" truecount="0" falsecount="2"/>
      <line num="2568" count="0" type="cond" truecount="0" falsecount="2"/>
      <line num="2569" count="0" type="stmt"/>
      <line num="2572" count="0" type="stmt"/>
      <line num="2573" count="0" type="stmt"/>
      <line num="2574" count="0" type="cond" truecount="0" falsecount="2"/>
      <line num="2575" count="0" type="cond" truecount="0" falsecount="2"/>
      <line num="2579" count="0" type="stmt"/>
      <line num="2581" count="0" type="stmt"/>
      <line num="2585" count="1" type="stmt"/>
      <line num="2586" count="0" type="stmt"/>
      <line num="2587" count="0" type="stmt"/>
      <line num="2588" count="0" type="stmt"/>
      <line num="2592" count="0" type="stmt"/>
      <line num="2593" count="0" type="stmt"/>
      <line num="2594" count="0" type="cond" truecount="0" falsecount="2"/>
      <line num="2596" count="0" type="stmt"/>
      <line num="2600" count="1" type="stmt"/>
      <line num="2601" count="0" type="stmt"/>
      <line num="2602" count="0" type="cond" truecount="0" falsecount="2"/>
      <line num="2603" count="0" type="cond" truecount="0" falsecount="2"/>
      <line num="2604" count="0" type="cond" truecount="0" falsecount="4"/>
      <line num="2605" count="0" type="stmt"/>
      <line num="2607" count="0" type="cond" truecount="0" falsecount="2"/>
      <line num="2608" count="0" type="stmt"/>
      <line num="2611" count="0" type="stmt"/>
      <line num="2615" count="0" type="cond" truecount="0" falsecount="4"/>
      <line num="2616" count="0" type="stmt"/>
      <line num="2619" count="0" type="cond" truecount="0" falsecount="2"/>
      <line num="2621" count="0" type="cond" truecount="0" falsecount="2"/>
      <line num="2622" count="0" type="cond" truecount="0" falsecount="2"/>
      <line num="2623" count="0" type="cond" truecount="0" falsecount="2"/>
      <line num="2624" count="0" type="cond" truecount="0" falsecount="2"/>
      <line num="2625" count="0" type="cond" truecount="0" falsecount="2"/>
      <line num="2626" count="0" type="cond" truecount="0" falsecount="2"/>
      <line num="2627" count="0" type="cond" truecount="0" falsecount="2"/>
      <line num="2628" count="0" type="cond" truecount="0" falsecount="2"/>
      <line num="2630" count="0" type="stmt"/>
      <line num="2631" count="0" type="stmt"/>
      <line num="2633" count="0" type="stmt"/>
      <line num="2637" count="1" type="stmt"/>
      <line num="2638" count="0" type="stmt"/>
      <line num="2639" count="0" type="cond" truecount="0" falsecount="2"/>
      <line num="2640" count="0" type="cond" truecount="0" falsecount="2"/>
      <line num="2641" count="0" type="cond" truecount="0" falsecount="4"/>
      <line num="2642" count="0" type="stmt"/>
      <line num="2644" count="0" type="stmt"/>
      <line num="2645" count="0" type="cond" truecount="0" falsecount="2"/>
      <line num="2646" count="0" type="cond" truecount="0" falsecount="2"/>
      <line num="2647" count="0" type="stmt"/>
      <line num="2648" count="0" type="stmt"/>
      <line num="2650" count="0" type="stmt"/>
      <line num="2654" count="1" type="stmt"/>
      <line num="2655" count="0" type="stmt"/>
      <line num="2656" count="0" type="stmt"/>
      <line num="2657" count="0" type="stmt"/>
      <line num="2658" count="0" type="cond" truecount="0" falsecount="2"/>
      <line num="2660" count="0" type="cond" truecount="0" falsecount="2"/>
      <line num="2661" count="0" type="cond" truecount="0" falsecount="2"/>
      <line num="2662" count="0" type="stmt"/>
      <line num="2665" count="0" type="stmt"/>
      <line num="2668" count="0" type="stmt"/>
      <line num="2669" count="0" type="stmt"/>
      <line num="2670" count="0" type="stmt"/>
      <line num="2672" count="0" type="stmt"/>
      <line num="2678" count="0" type="stmt"/>
      <line num="2680" count="0" type="stmt"/>
      <line num="2684" count="1" type="stmt"/>
      <line num="2685" count="1" type="stmt"/>
      <line num="2686" count="1" type="cond" truecount="1" falsecount="1"/>
      <line num="2687" count="1" type="cond" truecount="1" falsecount="1"/>
      <line num="2688" count="1" type="cond" truecount="1" falsecount="1"/>
      <line num="2689" count="1" type="cond" truecount="1" falsecount="1"/>
      <line num="2690" count="1" type="cond" truecount="4" falsecount="1"/>
      <line num="2691" count="0" type="stmt"/>
      <line num="2693" count="1" type="cond" truecount="1" falsecount="1"/>
      <line num="2694" count="0" type="stmt"/>
      <line num="2697" count="1" type="stmt"/>
      <line num="2701" count="1" type="cond" truecount="3" falsecount="1"/>
      <line num="2702" count="0" type="stmt"/>
      <line num="2705" count="1" type="stmt"/>
      <line num="2711" count="1" type="cond" truecount="1" falsecount="1"/>
      <line num="2712" count="0" type="stmt"/>
      <line num="2715" count="1" type="stmt"/>
      <line num="2723" count="1" type="stmt"/>
      <line num="2725" count="0" type="stmt"/>
      <line num="2729" count="1" type="stmt"/>
      <line num="2730" count="1" type="stmt"/>
      <line num="2731" count="1" type="cond" truecount="1" falsecount="1"/>
      <line num="2732" count="1" type="stmt"/>
      <line num="2733" count="1" type="cond" truecount="2" falsecount="3"/>
      <line num="2734" count="1" type="stmt"/>
      <line num="2736" count="1" type="stmt"/>
      <line num="2737" count="1" type="stmt"/>
      <line num="2739" count="0" type="stmt"/>
      <line num="2743" count="1" type="stmt"/>
      <line num="2744" count="1" type="stmt"/>
      <line num="2745" count="1" type="cond" truecount="1" falsecount="1"/>
      <line num="2746" count="1" type="cond" truecount="1" falsecount="1"/>
      <line num="2747" count="1" type="cond" truecount="3" falsecount="1"/>
      <line num="2748" count="0" type="stmt"/>
      <line num="2750" count="1" type="cond" truecount="2" falsecount="3"/>
      <line num="2751" count="0" type="stmt"/>
      <line num="2754" count="1" type="stmt"/>
      <line num="2759" count="1" type="cond" truecount="1" falsecount="1"/>
      <line num="2760" count="0" type="stmt"/>
      <line num="2762" count="1" type="stmt"/>
      <line num="2764" count="0" type="stmt"/>
      <line num="2768" count="1" type="stmt"/>
      <line num="2769" count="0" type="stmt"/>
      <line num="2770" count="0" type="stmt"/>
      <line num="2775" count="0" type="cond" truecount="0" falsecount="2"/>
      <line num="2776" count="0" type="cond" truecount="0" falsecount="2"/>
      <line num="2777" count="0" type="stmt"/>
      <line num="2778" count="0" type="stmt"/>
      <line num="2780" count="0" type="stmt"/>
      <line num="2788" count="0" type="stmt"/>
      <line num="2792" count="1" type="stmt"/>
      <line num="2793" count="0" type="stmt"/>
      <line num="2794" count="0" type="stmt"/>
      <line num="2799" count="0" type="stmt"/>
      <line num="2813" count="0" type="stmt"/>
      <line num="2815" count="0" type="stmt"/>
      <line num="2819" count="1" type="stmt"/>
      <line num="2820" count="0" type="stmt"/>
      <line num="2821" count="0" type="stmt"/>
      <line num="2822" count="0" type="stmt"/>
      <line num="2823" count="0" type="stmt"/>
      <line num="2824" count="0" type="stmt"/>
      <line num="2826" count="0" type="stmt"/>
      <line num="2834" count="0" type="stmt"/>
      <line num="2835" count="0" type="stmt"/>
      <line num="2836" count="0" type="stmt"/>
      <line num="2837" count="0" type="stmt"/>
      <line num="2838" count="0" type="stmt"/>
      <line num="2839" count="0" type="stmt"/>
      <line num="2842" count="0" type="stmt"/>
      <line num="2843" count="0" type="stmt"/>
      <line num="2844" count="0" type="stmt"/>
      <line num="2845" count="0" type="cond" truecount="0" falsecount="2"/>
      <line num="2846" count="0" type="cond" truecount="0" falsecount="2"/>
      <line num="2849" count="0" type="stmt"/>
      <line num="2850" count="0" type="stmt"/>
      <line num="2851" count="0" type="stmt"/>
      <line num="2852" count="0" type="stmt"/>
      <line num="2853" count="0" type="stmt"/>
      <line num="2855" count="0" type="stmt"/>
      <line num="2856" count="0" type="stmt"/>
      <line num="2857" count="0" type="stmt"/>
      <line num="2858" count="0" type="stmt"/>
      <line num="2859" count="0" type="stmt"/>
      <line num="2860" count="0" type="stmt"/>
      <line num="2861" count="0" type="stmt"/>
      <line num="2862" count="0" type="cond" truecount="0" falsecount="2"/>
      <line num="2865" count="0" type="stmt"/>
      <line num="2866" count="0" type="stmt"/>
      <line num="2867" count="0" type="stmt"/>
      <line num="2874" count="0" type="stmt"/>
      <line num="2875" count="0" type="stmt"/>
      <line num="2882" count="0" type="stmt"/>
      <line num="2883" count="0" type="stmt"/>
      <line num="2890" count="0" type="stmt"/>
      <line num="2891" count="0" type="stmt"/>
      <line num="2899" count="0" type="stmt"/>
      <line num="2901" count="0" type="stmt"/>
      <line num="2906" count="0" type="stmt"/>
      <line num="2911" count="1" type="stmt"/>
      <line num="2912" count="0" type="stmt"/>
      <line num="2913" count="0" type="stmt"/>
      <line num="2914" count="0" type="cond" truecount="0" falsecount="6"/>
      <line num="2915" count="0" type="stmt"/>
      <line num="2918" count="0" type="stmt"/>
      <line num="2928" count="0" type="stmt"/>
      <line num="2930" count="0" type="stmt"/>
      <line num="2931" count="0" type="cond" truecount="0" falsecount="2"/>
      <line num="2932" count="0" type="stmt"/>
      <line num="2945" count="0" type="stmt"/>
      <line num="2946" count="0" type="stmt"/>
      <line num="2952" count="0" type="stmt"/>
      <line num="2953" count="0" type="stmt"/>
      <line num="2955" count="0" type="stmt"/>
      <line num="2957" count="0" type="stmt"/>
      <line num="2961" count="1" type="stmt"/>
      <line num="2962" count="0" type="stmt"/>
      <line num="2963" count="0" type="stmt"/>
      <line num="2964" count="0" type="cond" truecount="0" falsecount="2"/>
      <line num="2965" count="0" type="stmt"/>
      <line num="2966" count="0" type="cond" truecount="0" falsecount="2"/>
      <line num="2967" count="0" type="stmt"/>
      <line num="2970" count="0" type="stmt"/>
      <line num="2975" count="0" type="cond" truecount="0" falsecount="2"/>
      <line num="2978" count="0" type="stmt"/>
      <line num="2979" count="0" type="stmt"/>
      <line num="2981" count="0" type="stmt"/>
      <line num="2985" count="1" type="stmt"/>
      <line num="2986" count="0" type="stmt"/>
      <line num="2987" count="0" type="stmt"/>
      <line num="2988" count="0" type="stmt"/>
      <line num="2989" count="0" type="cond" truecount="0" falsecount="2"/>
      <line num="2990" count="0" type="stmt"/>
      <line num="2992" count="0" type="stmt"/>
      <line num="2994" count="0" type="stmt"/>
      <line num="2998" count="1" type="stmt"/>
      <line num="2999" count="0" type="stmt"/>
      <line num="3000" count="0" type="stmt"/>
      <line num="3001" count="0" type="cond" truecount="0" falsecount="2"/>
      <line num="3002" count="0" type="stmt"/>
      <line num="3003" count="0" type="cond" truecount="0" falsecount="2"/>
      <line num="3004" count="0" type="stmt"/>
      <line num="3006" count="0" type="cond" truecount="0" falsecount="2"/>
      <line num="3007" count="0" type="cond" truecount="0" falsecount="2"/>
      <line num="3008" count="0" type="cond" truecount="0" falsecount="4"/>
      <line num="3009" count="0" type="cond" truecount="0" falsecount="2"/>
      <line num="3010" count="0" type="cond" truecount="0" falsecount="2"/>
      <line num="3013" count="0" type="cond" truecount="0" falsecount="2"/>
      <line num="3016" count="0" type="cond" truecount="0" falsecount="7"/>
      <line num="3017" count="0" type="stmt"/>
      <line num="3019" count="0" type="stmt"/>
      <line num="3020" count="0" type="stmt"/>
      <line num="3022" count="0" type="stmt"/>
      <line num="3026" count="1" type="stmt"/>
      <line num="3027" count="0" type="stmt"/>
      <line num="3028" count="0" type="stmt"/>
      <line num="3029" count="0" type="stmt"/>
      <line num="3030" count="0" type="cond" truecount="0" falsecount="2"/>
      <line num="3032" count="0" type="cond" truecount="0" falsecount="2"/>
      <line num="3033" count="0" type="cond" truecount="0" falsecount="2"/>
      <line num="3034" count="0" type="cond" truecount="0" falsecount="6"/>
      <line num="3035" count="0" type="stmt"/>
      <line num="3038" count="0" type="stmt"/>
      <line num="3039" count="0" type="stmt"/>
      <line num="3040" count="0" type="cond" truecount="0" falsecount="2"/>
      <line num="3041" count="0" type="stmt"/>
      <line num="3043" count="0" type="stmt"/>
      <line num="3047" count="1" type="stmt"/>
      <line num="3048" count="0" type="stmt"/>
      <line num="3051" count="1" type="stmt"/>
      <line num="3052" count="0" type="cond" truecount="0" falsecount="2"/>
      <line num="3053" count="0" type="cond" truecount="0" falsecount="2"/>
      <line num="3054" count="0" type="cond" truecount="0" falsecount="2"/>
      <line num="3055" count="0" type="cond" truecount="0" falsecount="6"/>
      <line num="3056" count="0" type="cond" truecount="0" falsecount="2"/>
      <line num="3058" count="0" type="cond" truecount="0" falsecount="4"/>
      <line num="3062" count="0" type="cond" truecount="0" falsecount="2"/>
      <line num="3072" count="0" type="stmt"/>
      <line num="3079" count="1" type="stmt"/>
      <line num="3081" count="0" type="stmt"/>
      <line num="3082" count="0" type="cond" truecount="0" falsecount="2"/>
      <line num="3083" count="0" type="stmt"/>
      <line num="3084" count="0" type="stmt"/>
      <line num="3086" count="0" type="stmt"/>
      <line num="3089" count="1" type="cond" truecount="1" falsecount="1"/>
      <line num="3090" count="0" type="stmt"/>
      <line num="3091" count="0" type="stmt"/>
      <line num="3095" count="0" type="stmt"/>
      <line num="3099" count="1" type="stmt"/>
    </file>
  </project>
</coverage>
