{"C:\\Users\\gaury\\wertech\\server\\server.js": {"path":"C:\\Users\\gaury\\wertech\\server\\server.js","statementMap":{"0":{"start":{"line":1,"column":16},"end":{"line":1,"column":34}},"1":{"start":{"line":2,"column":17},"end":{"line":2,"column":36}},"2":{"start":{"line":3,"column":13},"end":{"line":3,"column":28}},"3":{"start":{"line":4,"column":15},"end":{"line":4,"column":32}},"4":{"start":{"line":6,"column":12},"end":{"line":6,"column":21}},"5":{"start":{"line":8,"column":29},"end":{"line":8,"column":44}},"6":{"start":{"line":9,"column":28},"end":{"line":9,"column":34}},"7":{"start":{"line":10,"column":24},"end":{"line":10,"column":26}},"8":{"start":{"line":11,"column":24},"end":{"line":11,"column":32}},"9":{"start":{"line":12,"column":33},"end":{"line":12,"column":40}},"10":{"start":{"line":13,"column":34},"end":{"line":13,"column":50}},"11":{"start":{"line":14,"column":19},"end":{"line":14,"column":75}},"12":{"start":{"line":15,"column":13},"end":{"line":15,"column":45}},"13":{"start":{"line":16,"column":20},"end":{"line":16,"column":85}},"14":{"start":{"line":17,"column":21},"end":{"line":20,"column":18}},"15":{"start":{"line":19,"column":14},"end":{"line":19,"column":22}},"16":{"start":{"line":21,"column":16},"end":{"line":21,"column":53}},"17":{"start":{"line":24,"column":2},"end":{"line":26,"column":3}},"18":{"start":{"line":25,"column":4},"end":{"line":25,"column":31}},"19":{"start":{"line":27,"column":2},"end":{"line":27,"column":48}},"20":{"start":{"line":31,"column":14},"end":{"line":37,"column":3}},"21":{"start":{"line":38,"column":15},"end":{"line":38,"column":34}},"22":{"start":{"line":39,"column":2},"end":{"line":43,"column":3}},"23":{"start":{"line":40,"column":4},"end":{"line":40,"column":24}},"24":{"start":{"line":42,"column":4},"end":{"line":42,"column":22}},"25":{"start":{"line":47,"column":2},"end":{"line":47,"column":68}},"26":{"start":{"line":51,"column":15},"end":{"line":51,"column":53}},"27":{"start":{"line":52,"column":18},"end":{"line":54,"column":20}},"28":{"start":{"line":55,"column":2},"end":{"line":55,"column":77}},"29":{"start":{"line":59,"column":17},"end":{"line":59,"column":45}},"30":{"start":{"line":60,"column":2},"end":{"line":63,"column":3}},"31":{"start":{"line":62,"column":4},"end":{"line":62,"column":44}},"32":{"start":{"line":65,"column":16},"end":{"line":65,"column":33}},"33":{"start":{"line":66,"column":2},"end":{"line":66,"column":39}},"34":{"start":{"line":66,"column":26},"end":{"line":66,"column":39}},"35":{"start":{"line":68,"column":21},"end":{"line":68,"column":37}},"36":{"start":{"line":69,"column":15},"end":{"line":69,"column":23}},"37":{"start":{"line":70,"column":20},"end":{"line":70,"column":28}},"38":{"start":{"line":71,"column":2},"end":{"line":71,"column":55}},"39":{"start":{"line":71,"column":42},"end":{"line":71,"column":55}},"40":{"start":{"line":73,"column":25},"end":{"line":75,"column":20}},"41":{"start":{"line":76,"column":2},"end":{"line":76,"column":99}},"42":{"start":{"line":80,"column":2},"end":{"line":84,"column":25}},"43":{"start":{"line":88,"column":21},"end":{"line":90,"column":23}},"44":{"start":{"line":91,"column":20},"end":{"line":91,"column":53}},"45":{"start":{"line":92,"column":2},"end":{"line":92,"column":89}},"46":{"start":{"line":96,"column":14},"end":{"line":96,"column":43}},"47":{"start":{"line":97,"column":22},"end":{"line":101,"column":3}},"48":{"start":{"line":102,"column":17},"end":{"line":102,"column":45}},"49":{"start":{"line":103,"column":21},"end":{"line":103,"column":60}},"50":{"start":{"line":104,"column":22},"end":{"line":104,"column":66}},"51":{"start":{"line":105,"column":23},"end":{"line":105,"column":53}},"52":{"start":{"line":106,"column":20},"end":{"line":112,"column":24}},"53":{"start":{"line":113,"column":2},"end":{"line":113,"column":40}},"54":{"start":{"line":117,"column":16},"end":{"line":117,"column":46}},"55":{"start":{"line":118,"column":2},"end":{"line":120,"column":3}},"56":{"start":{"line":119,"column":4},"end":{"line":119,"column":39}},"57":{"start":{"line":121,"column":55},"end":{"line":121,"column":60}},"58":{"start":{"line":122,"column":23},"end":{"line":122,"column":53}},"59":{"start":{"line":123,"column":28},"end":{"line":129,"column":24}},"60":{"start":{"line":131,"column":22},"end":{"line":131,"column":52}},"61":{"start":{"line":132,"column":22},"end":{"line":132,"column":52}},"62":{"start":{"line":133,"column":2},"end":{"line":135,"column":3}},"63":{"start":{"line":134,"column":4},"end":{"line":134,"column":41}},"64":{"start":{"line":137,"column":21},"end":{"line":137,"column":49}},"65":{"start":{"line":138,"column":18},"end":{"line":138,"column":40}},"66":{"start":{"line":139,"column":14},"end":{"line":139,"column":43}},"67":{"start":{"line":140,"column":2},"end":{"line":142,"column":3}},"68":{"start":{"line":141,"column":4},"end":{"line":141,"column":37}},"69":{"start":{"line":143,"column":2},"end":{"line":143,"column":17}},"70":{"start":{"line":147,"column":17},"end":{"line":147,"column":57}},"71":{"start":{"line":148,"column":2},"end":{"line":148,"column":66}},"72":{"start":{"line":148,"column":36},"end":{"line":148,"column":66}},"73":{"start":{"line":149,"column":15},"end":{"line":149,"column":37}},"74":{"start":{"line":150,"column":2},"end":{"line":150,"column":46}},"75":{"start":{"line":150,"column":36},"end":{"line":150,"column":46}},"76":{"start":{"line":151,"column":21},"end":{"line":151,"column":65}},"77":{"start":{"line":152,"column":2},"end":{"line":152,"column":20}},"78":{"start":{"line":156,"column":2},"end":{"line":156,"column":79}},"79":{"start":{"line":160,"column":2},"end":{"line":168,"column":4}},"80":{"start":{"line":172,"column":2},"end":{"line":180,"column":4}},"81":{"start":{"line":185,"column":4},"end":{"line":185,"column":19}},"82":{"start":{"line":186,"column":4},"end":{"line":186,"column":27}},"83":{"start":{"line":187,"column":4},"end":{"line":187,"column":40}},"84":{"start":{"line":188,"column":4},"end":{"line":188,"column":49}},"85":{"start":{"line":189,"column":4},"end":{"line":189,"column":35}},"86":{"start":{"line":194,"column":2},"end":{"line":194,"column":69}},"87":{"start":{"line":198,"column":12},"end":{"line":198,"column":33}},"88":{"start":{"line":199,"column":2},"end":{"line":199,"column":38}},"89":{"start":{"line":199,"column":17},"end":{"line":199,"column":38}},"90":{"start":{"line":200,"column":2},"end":{"line":200,"column":39}},"91":{"start":{"line":200,"column":17},"end":{"line":200,"column":39}},"92":{"start":{"line":201,"column":2},"end":{"line":201,"column":36}},"93":{"start":{"line":201,"column":17},"end":{"line":201,"column":36}},"94":{"start":{"line":202,"column":2},"end":{"line":202,"column":36}},"95":{"start":{"line":202,"column":17},"end":{"line":202,"column":36}},"96":{"start":{"line":203,"column":2},"end":{"line":203,"column":35}},"97":{"start":{"line":203,"column":17},"end":{"line":203,"column":35}},"98":{"start":{"line":204,"column":2},"end":{"line":204,"column":43}},"99":{"start":{"line":204,"column":17},"end":{"line":204,"column":43}},"100":{"start":{"line":205,"column":2},"end":{"line":205,"column":40}},"101":{"start":{"line":205,"column":16},"end":{"line":205,"column":40}},"102":{"start":{"line":206,"column":2},"end":{"line":206,"column":26}},"103":{"start":{"line":210,"column":15},"end":{"line":210,"column":29}},"104":{"start":{"line":211,"column":2},"end":{"line":211,"column":55}},"105":{"start":{"line":211,"column":43},"end":{"line":211,"column":55}},"106":{"start":{"line":212,"column":2},"end":{"line":212,"column":70}},"107":{"start":{"line":216,"column":19},"end":{"line":216,"column":50}},"108":{"start":{"line":217,"column":23},"end":{"line":217,"column":57}},"109":{"start":{"line":218,"column":18},"end":{"line":218,"column":41}},"110":{"start":{"line":219,"column":19},"end":{"line":219,"column":43}},"111":{"start":{"line":220,"column":15},"end":{"line":220,"column":80}},"112":{"start":{"line":221,"column":20},"end":{"line":221,"column":99}},"113":{"start":{"line":222,"column":16},"end":{"line":222,"column":58}},"114":{"start":{"line":223,"column":15},"end":{"line":223,"column":33}},"115":{"start":{"line":224,"column":19},"end":{"line":224,"column":82}},"116":{"start":{"line":225,"column":2},"end":{"line":225,"column":41}},"117":{"start":{"line":229,"column":21},"end":{"line":229,"column":39}},"118":{"start":{"line":230,"column":21},"end":{"line":230,"column":63}},"119":{"start":{"line":231,"column":2},"end":{"line":241,"column":4}},"120":{"start":{"line":244,"column":18},"end":{"line":244,"column":27}},"121":{"start":{"line":246,"column":14},"end":{"line":246,"column":32}},"122":{"start":{"line":247,"column":2},"end":{"line":247,"column":24}},"123":{"start":{"line":247,"column":12},"end":{"line":247,"column":24}},"124":{"start":{"line":248,"column":2},"end":{"line":251,"column":3}},"125":{"start":{"line":249,"column":4},"end":{"line":249,"column":26}},"126":{"start":{"line":250,"column":4},"end":{"line":250,"column":16}},"127":{"start":{"line":252,"column":2},"end":{"line":252,"column":19}},"128":{"start":{"line":256,"column":2},"end":{"line":259,"column":5}},"129":{"start":{"line":263,"column":2},"end":{"line":267,"column":3}},"130":{"start":{"line":264,"column":4},"end":{"line":266,"column":5}},"131":{"start":{"line":265,"column":6},"end":{"line":265,"column":28}},"132":{"start":{"line":271,"column":14},"end":{"line":271,"column":43}},"133":{"start":{"line":272,"column":2},"end":{"line":272,"column":19}},"134":{"start":{"line":272,"column":12},"end":{"line":272,"column":19}},"135":{"start":{"line":273,"column":2},"end":{"line":273,"column":51}},"136":{"start":{"line":274,"column":2},"end":{"line":274,"column":53}},"137":{"start":{"line":277,"column":27},"end":{"line":277,"column":36}},"138":{"start":{"line":279,"column":14},"end":{"line":279,"column":36}},"139":{"start":{"line":280,"column":2},"end":{"line":282,"column":3}},"140":{"start":{"line":281,"column":4},"end":{"line":281,"column":43}},"141":{"start":{"line":283,"column":2},"end":{"line":283,"column":39}},"142":{"start":{"line":287,"column":14},"end":{"line":287,"column":36}},"143":{"start":{"line":288,"column":14},"end":{"line":288,"column":41}},"144":{"start":{"line":289,"column":2},"end":{"line":289,"column":19}},"145":{"start":{"line":289,"column":12},"end":{"line":289,"column":19}},"146":{"start":{"line":290,"column":2},"end":{"line":290,"column":18}},"147":{"start":{"line":291,"column":2},"end":{"line":293,"column":3}},"148":{"start":{"line":292,"column":4},"end":{"line":292,"column":35}},"149":{"start":{"line":297,"column":14},"end":{"line":297,"column":60}},"150":{"start":{"line":298,"column":2},"end":{"line":298,"column":37}},"151":{"start":{"line":298,"column":30},"end":{"line":298,"column":37}},"152":{"start":{"line":299,"column":20},"end":{"line":299,"column":44}},"153":{"start":{"line":300,"column":15},"end":{"line":304,"column":4}},"154":{"start":{"line":305,"column":2},"end":{"line":308,"column":3}},"155":{"start":{"line":306,"column":4},"end":{"line":306,"column":39}},"156":{"start":{"line":307,"column":4},"end":{"line":307,"column":35}},"157":{"start":{"line":312,"column":15},"end":{"line":312,"column":95}},"158":{"start":{"line":313,"column":2},"end":{"line":313,"column":65}},"159":{"start":{"line":313,"column":29},"end":{"line":313,"column":63}},"160":{"start":{"line":317,"column":2},"end":{"line":319,"column":3}},"161":{"start":{"line":318,"column":4},"end":{"line":318,"column":19}},"162":{"start":{"line":321,"column":18},"end":{"line":323,"column":50}},"163":{"start":{"line":325,"column":4},"end":{"line":327,"column":12}},"164":{"start":{"line":329,"column":2},"end":{"line":333,"column":4}},"165":{"start":{"line":337,"column":15},"end":{"line":337,"column":71}},"166":{"start":{"line":338,"column":16},"end":{"line":338,"column":75}},"167":{"start":{"line":340,"column":24},"end":{"line":348,"column":3}},"168":{"start":{"line":341,"column":22},"end":{"line":341,"column":55}},"169":{"start":{"line":342,"column":18},"end":{"line":342,"column":32}},"170":{"start":{"line":343,"column":4},"end":{"line":346,"column":5}},"171":{"start":{"line":344,"column":6},"end":{"line":344,"column":72}},"172":{"start":{"line":345,"column":6},"end":{"line":345,"column":16}},"173":{"start":{"line":347,"column":4},"end":{"line":347,"column":24}},"174":{"start":{"line":350,"column":23},"end":{"line":359,"column":3}},"175":{"start":{"line":351,"column":22},"end":{"line":351,"column":55}},"176":{"start":{"line":352,"column":4},"end":{"line":354,"column":5}},"177":{"start":{"line":353,"column":6},"end":{"line":353,"column":13}},"178":{"start":{"line":355,"column":18},"end":{"line":355,"column":47}},"179":{"start":{"line":356,"column":4},"end":{"line":358,"column":5}},"180":{"start":{"line":357,"column":6},"end":{"line":357,"column":96}},"181":{"start":{"line":361,"column":30},"end":{"line":370,"column":3}},"182":{"start":{"line":362,"column":22},"end":{"line":362,"column":55}},"183":{"start":{"line":363,"column":4},"end":{"line":365,"column":5}},"184":{"start":{"line":364,"column":6},"end":{"line":364,"column":13}},"185":{"start":{"line":366,"column":18},"end":{"line":366,"column":40}},"186":{"start":{"line":367,"column":4},"end":{"line":369,"column":5}},"187":{"start":{"line":368,"column":6},"end":{"line":368,"column":78}},"188":{"start":{"line":372,"column":31},"end":{"line":379,"column":3}},"189":{"start":{"line":373,"column":18},"end":{"line":373,"column":39}},"190":{"start":{"line":374,"column":4},"end":{"line":374,"column":23}},"191":{"start":{"line":374,"column":16},"end":{"line":374,"column":23}},"192":{"start":{"line":375,"column":20},"end":{"line":375,"column":49}},"193":{"start":{"line":376,"column":4},"end":{"line":378,"column":5}},"194":{"start":{"line":377,"column":6},"end":{"line":377,"column":68}},"195":{"start":{"line":381,"column":2},"end":{"line":381,"column":84}},"196":{"start":{"line":385,"column":17},"end":{"line":385,"column":19}},"197":{"start":{"line":386,"column":17},"end":{"line":386,"column":55}},"198":{"start":{"line":387,"column":15},"end":{"line":387,"column":37}},"199":{"start":{"line":388,"column":85},"end":{"line":388,"column":121}},"200":{"start":{"line":390,"column":2},"end":{"line":392,"column":3}},"201":{"start":{"line":391,"column":4},"end":{"line":391,"column":75}},"202":{"start":{"line":394,"column":2},"end":{"line":398,"column":3}},"203":{"start":{"line":395,"column":4},"end":{"line":395,"column":50}},"204":{"start":{"line":396,"column":4},"end":{"line":396,"column":44}},"205":{"start":{"line":397,"column":4},"end":{"line":397,"column":50}},"206":{"start":{"line":399,"column":2},"end":{"line":402,"column":3}},"207":{"start":{"line":400,"column":4},"end":{"line":400,"column":56}},"208":{"start":{"line":401,"column":4},"end":{"line":401,"column":50}},"209":{"start":{"line":403,"column":2},"end":{"line":405,"column":3}},"210":{"start":{"line":404,"column":4},"end":{"line":404,"column":51}},"211":{"start":{"line":406,"column":2},"end":{"line":408,"column":3}},"212":{"start":{"line":407,"column":4},"end":{"line":407,"column":51}},"213":{"start":{"line":409,"column":2},"end":{"line":411,"column":3}},"214":{"start":{"line":410,"column":4},"end":{"line":410,"column":60}},"215":{"start":{"line":412,"column":2},"end":{"line":414,"column":3}},"216":{"start":{"line":415,"column":2},"end":{"line":417,"column":3}},"217":{"start":{"line":416,"column":4},"end":{"line":416,"column":50}},"218":{"start":{"line":418,"column":2},"end":{"line":420,"column":3}},"219":{"start":{"line":419,"column":4},"end":{"line":419,"column":93}},"220":{"start":{"line":421,"column":2},"end":{"line":427,"column":3}},"221":{"start":{"line":423,"column":17},"end":{"line":423,"column":44}},"222":{"start":{"line":424,"column":4},"end":{"line":426,"column":5}},"223":{"start":{"line":425,"column":6},"end":{"line":425,"column":86}},"224":{"start":{"line":428,"column":2},"end":{"line":431,"column":3}},"225":{"start":{"line":429,"column":4},"end":{"line":429,"column":60}},"226":{"start":{"line":430,"column":4},"end":{"line":430,"column":56}},"227":{"start":{"line":432,"column":2},"end":{"line":435,"column":3}},"228":{"start":{"line":433,"column":4},"end":{"line":433,"column":70}},"229":{"start":{"line":434,"column":4},"end":{"line":434,"column":70}},"230":{"start":{"line":436,"column":2},"end":{"line":439,"column":3}},"231":{"start":{"line":437,"column":4},"end":{"line":437,"column":70}},"232":{"start":{"line":438,"column":4},"end":{"line":438,"column":70}},"233":{"start":{"line":440,"column":2},"end":{"line":443,"column":3}},"234":{"start":{"line":441,"column":4},"end":{"line":441,"column":50}},"235":{"start":{"line":442,"column":4},"end":{"line":442,"column":64}},"236":{"start":{"line":444,"column":2},"end":{"line":448,"column":3}},"237":{"start":{"line":445,"column":4},"end":{"line":445,"column":64}},"238":{"start":{"line":446,"column":4},"end":{"line":446,"column":68}},"239":{"start":{"line":447,"column":4},"end":{"line":447,"column":42}},"240":{"start":{"line":449,"column":2},"end":{"line":452,"column":3}},"241":{"start":{"line":450,"column":4},"end":{"line":450,"column":70}},"242":{"start":{"line":451,"column":4},"end":{"line":451,"column":119}},"243":{"start":{"line":453,"column":2},"end":{"line":457,"column":3}},"244":{"start":{"line":454,"column":4},"end":{"line":454,"column":50}},"245":{"start":{"line":455,"column":4},"end":{"line":455,"column":42}},"246":{"start":{"line":456,"column":4},"end":{"line":456,"column":44}},"247":{"start":{"line":458,"column":2},"end":{"line":462,"column":3}},"248":{"start":{"line":459,"column":4},"end":{"line":459,"column":64}},"249":{"start":{"line":460,"column":4},"end":{"line":460,"column":68}},"250":{"start":{"line":461,"column":4},"end":{"line":461,"column":42}},"251":{"start":{"line":463,"column":2},"end":{"line":465,"column":3}},"252":{"start":{"line":464,"column":4},"end":{"line":464,"column":70}},"253":{"start":{"line":466,"column":2},"end":{"line":468,"column":3}},"254":{"start":{"line":467,"column":4},"end":{"line":467,"column":70}},"255":{"start":{"line":469,"column":2},"end":{"line":472,"column":3}},"256":{"start":{"line":470,"column":4},"end":{"line":470,"column":66}},"257":{"start":{"line":471,"column":4},"end":{"line":471,"column":64}},"258":{"start":{"line":473,"column":2},"end":{"line":476,"column":3}},"259":{"start":{"line":474,"column":4},"end":{"line":474,"column":66}},"260":{"start":{"line":475,"column":4},"end":{"line":475,"column":64}},"261":{"start":{"line":477,"column":2},"end":{"line":481,"column":3}},"262":{"start":{"line":478,"column":4},"end":{"line":478,"column":68}},"263":{"start":{"line":479,"column":4},"end":{"line":479,"column":68}},"264":{"start":{"line":480,"column":4},"end":{"line":480,"column":46}},"265":{"start":{"line":482,"column":2},"end":{"line":484,"column":3}},"266":{"start":{"line":483,"column":4},"end":{"line":483,"column":71}},"267":{"start":{"line":485,"column":2},"end":{"line":488,"column":3}},"268":{"start":{"line":486,"column":4},"end":{"line":486,"column":46}},"269":{"start":{"line":487,"column":4},"end":{"line":487,"column":70}},"270":{"start":{"line":489,"column":2},"end":{"line":493,"column":3}},"271":{"start":{"line":490,"column":4},"end":{"line":490,"column":62}},"272":{"start":{"line":491,"column":4},"end":{"line":491,"column":44}},"273":{"start":{"line":492,"column":4},"end":{"line":492,"column":50}},"274":{"start":{"line":495,"column":2},"end":{"line":498,"column":3}},"275":{"start":{"line":496,"column":4},"end":{"line":496,"column":41}},"276":{"start":{"line":497,"column":4},"end":{"line":497,"column":42}},"277":{"start":{"line":500,"column":2},"end":{"line":500,"column":61}},"278":{"start":{"line":501,"column":2},"end":{"line":501,"column":54}},"279":{"start":{"line":502,"column":2},"end":{"line":502,"column":60}},"280":{"start":{"line":503,"column":2},"end":{"line":503,"column":65}},"281":{"start":{"line":504,"column":2},"end":{"line":504,"column":74}},"282":{"start":{"line":505,"column":2},"end":{"line":505,"column":54}},"283":{"start":{"line":507,"column":2},"end":{"line":509,"column":3}},"284":{"start":{"line":508,"column":4},"end":{"line":508,"column":92}},"285":{"start":{"line":510,"column":2},"end":{"line":510,"column":16}},"286":{"start":{"line":514,"column":0},"end":{"line":520,"column":4}},"287":{"start":{"line":516,"column":4},"end":{"line":516,"column":45}},"288":{"start":{"line":516,"column":17},"end":{"line":516,"column":45}},"289":{"start":{"line":517,"column":4},"end":{"line":517,"column":67}},"290":{"start":{"line":517,"column":39},"end":{"line":517,"column":67}},"291":{"start":{"line":518,"column":4},"end":{"line":518,"column":54}},"292":{"start":{"line":521,"column":0},"end":{"line":521,"column":41}},"293":{"start":{"line":522,"column":0},"end":{"line":522,"column":63}},"294":{"start":{"line":523,"column":0},"end":{"line":552,"column":3}},"295":{"start":{"line":524,"column":27},"end":{"line":524,"column":75}},"296":{"start":{"line":525,"column":20},"end":{"line":525,"column":59}},"297":{"start":{"line":526,"column":16},"end":{"line":526,"column":26}},"298":{"start":{"line":528,"column":2},"end":{"line":528,"column":28}},"299":{"start":{"line":529,"column":2},"end":{"line":529,"column":43}},"300":{"start":{"line":531,"column":2},"end":{"line":537,"column":5}},"301":{"start":{"line":539,"column":2},"end":{"line":549,"column":5}},"302":{"start":{"line":540,"column":23},"end":{"line":540,"column":41}},"303":{"start":{"line":541,"column":4},"end":{"line":548,"column":7}},"304":{"start":{"line":551,"column":2},"end":{"line":551,"column":16}},"305":{"start":{"line":553,"column":0},"end":{"line":570,"column":3}},"306":{"start":{"line":554,"column":23},"end":{"line":554,"column":41}},"307":{"start":{"line":555,"column":2},"end":{"line":568,"column":4}},"308":{"start":{"line":556,"column":4},"end":{"line":566,"column":5}},"309":{"start":{"line":557,"column":25},"end":{"line":557,"column":71}},"310":{"start":{"line":558,"column":6},"end":{"line":564,"column":7}},"311":{"start":{"line":559,"column":8},"end":{"line":563,"column":9}},"312":{"start":{"line":560,"column":10},"end":{"line":560,"column":92}},"313":{"start":{"line":562,"column":10},"end":{"line":562,"column":69}},"314":{"start":{"line":565,"column":6},"end":{"line":565,"column":38}},"315":{"start":{"line":567,"column":4},"end":{"line":567,"column":33}},"316":{"start":{"line":569,"column":2},"end":{"line":569,"column":16}},"317":{"start":{"line":571,"column":0},"end":{"line":571,"column":36}},"318":{"start":{"line":573,"column":29},"end":{"line":573,"column":33}},"319":{"start":{"line":575,"column":2},"end":{"line":592,"column":3}},"320":{"start":{"line":576,"column":4},"end":{"line":591,"column":9}},"321":{"start":{"line":578,"column":8},"end":{"line":581,"column":11}},"322":{"start":{"line":582,"column":8},"end":{"line":582,"column":35}},"323":{"start":{"line":585,"column":8},"end":{"line":588,"column":11}},"324":{"start":{"line":589,"column":8},"end":{"line":589,"column":38}},"325":{"start":{"line":590,"column":8},"end":{"line":590,"column":18}},"326":{"start":{"line":593,"column":2},"end":{"line":593,"column":32}},"327":{"start":{"line":597,"column":19},"end":{"line":622,"column":2}},"328":{"start":{"line":624,"column":13},"end":{"line":624,"column":48}},"329":{"start":{"line":626,"column":22},"end":{"line":636,"column":2}},"330":{"start":{"line":634,"column":39},"end":{"line":634,"column":130}},"331":{"start":{"line":638,"column":16},"end":{"line":638,"column":57}},"332":{"start":{"line":640,"column":26},"end":{"line":648,"column":2}},"333":{"start":{"line":650,"column":20},"end":{"line":650,"column":69}},"334":{"start":{"line":652,"column":22},"end":{"line":670,"column":2}},"335":{"start":{"line":671,"column":0},"end":{"line":671,"column":102}},"336":{"start":{"line":672,"column":0},"end":{"line":672,"column":82}},"337":{"start":{"line":673,"column":0},"end":{"line":673,"column":82}},"338":{"start":{"line":674,"column":0},"end":{"line":674,"column":79}},"339":{"start":{"line":676,"column":16},"end":{"line":676,"column":57}},"340":{"start":{"line":678,"column":21},"end":{"line":690,"column":2}},"341":{"start":{"line":692,"column":15},"end":{"line":692,"column":54}},"342":{"start":{"line":694,"column":27},"end":{"line":703,"column":2}},"343":{"start":{"line":704,"column":0},"end":{"line":704,"column":77}},"344":{"start":{"line":705,"column":0},"end":{"line":705,"column":86}},"345":{"start":{"line":707,"column":21},"end":{"line":707,"column":72}},"346":{"start":{"line":709,"column":25},"end":{"line":716,"column":2}},"347":{"start":{"line":717,"column":0},"end":{"line":717,"column":54}},"348":{"start":{"line":718,"column":0},"end":{"line":718,"column":93}},"349":{"start":{"line":720,"column":19},"end":{"line":720,"column":67}},"350":{"start":{"line":723,"column":0},"end":{"line":758,"column":3}},"351":{"start":{"line":724,"column":2},"end":{"line":757,"column":3}},"352":{"start":{"line":725,"column":21},"end":{"line":725,"column":60}},"353":{"start":{"line":726,"column":18},"end":{"line":726,"column":54}},"354":{"start":{"line":727,"column":21},"end":{"line":727,"column":53}},"355":{"start":{"line":728,"column":4},"end":{"line":730,"column":5}},"356":{"start":{"line":729,"column":6},"end":{"line":729,"column":93}},"357":{"start":{"line":732,"column":26},"end":{"line":732,"column":71}},"358":{"start":{"line":733,"column":23},"end":{"line":733,"column":65}},"359":{"start":{"line":734,"column":25},"end":{"line":734,"column":106}},"360":{"start":{"line":735,"column":4},"end":{"line":740,"column":5}},"361":{"start":{"line":736,"column":6},"end":{"line":738,"column":7}},"362":{"start":{"line":737,"column":8},"end":{"line":737,"column":77}},"363":{"start":{"line":739,"column":6},"end":{"line":739,"column":73}},"364":{"start":{"line":742,"column":20},"end":{"line":751,"column":6}},"365":{"start":{"line":752,"column":4},"end":{"line":752,"column":25}},"366":{"start":{"line":753,"column":4},"end":{"line":753,"column":50}},"367":{"start":{"line":754,"column":4},"end":{"line":754,"column":66}},"368":{"start":{"line":756,"column":4},"end":{"line":756,"column":79}},"369":{"start":{"line":761,"column":0},"end":{"line":821,"column":3}},"370":{"start":{"line":762,"column":2},"end":{"line":820,"column":3}},"371":{"start":{"line":763,"column":32},"end":{"line":763,"column":40}},"372":{"start":{"line":764,"column":23},"end":{"line":764,"column":49}},"373":{"start":{"line":765,"column":17},"end":{"line":767,"column":6}},"374":{"start":{"line":769,"column":4},"end":{"line":769,"column":74}},"375":{"start":{"line":769,"column":15},"end":{"line":769,"column":74}},"376":{"start":{"line":770,"column":4},"end":{"line":770,"column":114}},"377":{"start":{"line":770,"column":50},"end":{"line":770,"column":114}},"378":{"start":{"line":773,"column":4},"end":{"line":776,"column":5}},"379":{"start":{"line":774,"column":6},"end":{"line":774,"column":45}},"380":{"start":{"line":775,"column":6},"end":{"line":775,"column":24}},"381":{"start":{"line":779,"column":4},"end":{"line":784,"column":5}},"382":{"start":{"line":780,"column":6},"end":{"line":780,"column":33}},"383":{"start":{"line":781,"column":6},"end":{"line":781,"column":33}},"384":{"start":{"line":782,"column":6},"end":{"line":782,"column":35}},"385":{"start":{"line":783,"column":6},"end":{"line":783,"column":24}},"386":{"start":{"line":788,"column":4},"end":{"line":797,"column":5}},"387":{"start":{"line":789,"column":6},"end":{"line":789,"column":30}},"388":{"start":{"line":790,"column":6},"end":{"line":790,"column":24}},"389":{"start":{"line":791,"column":11},"end":{"line":797,"column":5}},"390":{"start":{"line":792,"column":22},"end":{"line":792,"column":83}},"391":{"start":{"line":793,"column":6},"end":{"line":796,"column":7}},"392":{"start":{"line":794,"column":8},"end":{"line":794,"column":32}},"393":{"start":{"line":795,"column":8},"end":{"line":795,"column":26}},"394":{"start":{"line":799,"column":24},"end":{"line":799,"column":46}},"395":{"start":{"line":800,"column":25},"end":{"line":800,"column":48}},"396":{"start":{"line":801,"column":4},"end":{"line":801,"column":54}},"397":{"start":{"line":802,"column":4},"end":{"line":802,"column":92}},"398":{"start":{"line":803,"column":4},"end":{"line":803,"column":22}},"399":{"start":{"line":805,"column":4},"end":{"line":817,"column":7}},"400":{"start":{"line":819,"column":4},"end":{"line":819,"column":74}},"401":{"start":{"line":823,"column":0},"end":{"line":836,"column":3}},"402":{"start":{"line":824,"column":2},"end":{"line":835,"column":3}},"403":{"start":{"line":825,"column":21},"end":{"line":825,"column":61}},"404":{"start":{"line":826,"column":4},"end":{"line":828,"column":5}},"405":{"start":{"line":827,"column":6},"end":{"line":827,"column":89}},"406":{"start":{"line":830,"column":26},"end":{"line":830,"column":71}},"407":{"start":{"line":831,"column":19},"end":{"line":831,"column":65}},"408":{"start":{"line":832,"column":4},"end":{"line":832,"column":44}},"409":{"start":{"line":834,"column":4},"end":{"line":834,"column":105}},"410":{"start":{"line":838,"column":0},"end":{"line":879,"column":3}},"411":{"start":{"line":839,"column":2},"end":{"line":878,"column":3}},"412":{"start":{"line":840,"column":25},"end":{"line":840,"column":69}},"413":{"start":{"line":841,"column":4},"end":{"line":843,"column":5}},"414":{"start":{"line":842,"column":6},"end":{"line":842,"column":72}},"415":{"start":{"line":846,"column":4},"end":{"line":850,"column":5}},"416":{"start":{"line":847,"column":6},"end":{"line":847,"column":40}},"417":{"start":{"line":849,"column":6},"end":{"line":849,"column":72}},"418":{"start":{"line":851,"column":4},"end":{"line":853,"column":5}},"419":{"start":{"line":852,"column":6},"end":{"line":852,"column":69}},"420":{"start":{"line":855,"column":17},"end":{"line":855,"column":49}},"421":{"start":{"line":856,"column":4},"end":{"line":858,"column":5}},"422":{"start":{"line":857,"column":6},"end":{"line":857,"column":75}},"423":{"start":{"line":860,"column":22},"end":{"line":860,"column":45}},"424":{"start":{"line":861,"column":22},"end":{"line":861,"column":118}},"425":{"start":{"line":862,"column":4},"end":{"line":864,"column":5}},"426":{"start":{"line":863,"column":6},"end":{"line":863,"column":83}},"427":{"start":{"line":866,"column":24},"end":{"line":866,"column":46}},"428":{"start":{"line":867,"column":29},"end":{"line":867,"column":52}},"429":{"start":{"line":868,"column":4},"end":{"line":868,"column":58}},"430":{"start":{"line":869,"column":4},"end":{"line":869,"column":92}},"431":{"start":{"line":870,"column":4},"end":{"line":870,"column":22}},"432":{"start":{"line":872,"column":4},"end":{"line":875,"column":7}},"433":{"start":{"line":877,"column":4},"end":{"line":877,"column":92}},"434":{"start":{"line":881,"column":0},"end":{"line":904,"column":3}},"435":{"start":{"line":882,"column":21},"end":{"line":882,"column":57}},"436":{"start":{"line":883,"column":19},"end":{"line":888,"column":3}},"437":{"start":{"line":889,"column":19},"end":{"line":889,"column":52}},"438":{"start":{"line":890,"column":18},"end":{"line":890,"column":42}},"439":{"start":{"line":891,"column":18},"end":{"line":902,"column":3}},"440":{"start":{"line":903,"column":2},"end":{"line":903,"column":55}},"441":{"start":{"line":906,"column":0},"end":{"line":1013,"column":3}},"442":{"start":{"line":907,"column":22},"end":{"line":913,"column":4}},"443":{"start":{"line":914,"column":2},"end":{"line":916,"column":3}},"444":{"start":{"line":915,"column":4},"end":{"line":915,"column":18}},"445":{"start":{"line":918,"column":22},"end":{"line":918,"column":41}},"446":{"start":{"line":919,"column":2},"end":{"line":921,"column":3}},"447":{"start":{"line":920,"column":4},"end":{"line":920,"column":76}},"448":{"start":{"line":924,"column":2},"end":{"line":928,"column":3}},"449":{"start":{"line":925,"column":4},"end":{"line":925,"column":37}},"450":{"start":{"line":927,"column":4},"end":{"line":927,"column":73}},"451":{"start":{"line":929,"column":2},"end":{"line":931,"column":3}},"452":{"start":{"line":930,"column":4},"end":{"line":930,"column":67}},"453":{"start":{"line":933,"column":19},"end":{"line":933,"column":96}},"454":{"start":{"line":934,"column":2},"end":{"line":936,"column":3}},"455":{"start":{"line":935,"column":4},"end":{"line":935,"column":69}},"456":{"start":{"line":937,"column":2},"end":{"line":939,"column":3}},"457":{"start":{"line":938,"column":4},"end":{"line":938,"column":95}},"458":{"start":{"line":941,"column":2},"end":{"line":945,"column":4}},"459":{"start":{"line":947,"column":2},"end":{"line":949,"column":3}},"460":{"start":{"line":948,"column":4},"end":{"line":948,"column":70}},"461":{"start":{"line":951,"column":2},"end":{"line":1010,"column":3}},"462":{"start":{"line":952,"column":19},"end":{"line":952,"column":57}},"463":{"start":{"line":953,"column":17},"end":{"line":953,"column":39}},"464":{"start":{"line":955,"column":24},"end":{"line":959,"column":5}},"465":{"start":{"line":956,"column":22},"end":{"line":956,"column":39}},"466":{"start":{"line":957,"column":6},"end":{"line":957,"column":30}},"467":{"start":{"line":957,"column":20},"end":{"line":957,"column":30}},"468":{"start":{"line":958,"column":6},"end":{"line":958,"column":50}},"469":{"start":{"line":961,"column":25},"end":{"line":961,"column":27}},"470":{"start":{"line":962,"column":4},"end":{"line":962,"column":107}},"471":{"start":{"line":962,"column":27},"end":{"line":962,"column":107}},"472":{"start":{"line":963,"column":4},"end":{"line":963,"column":81}},"473":{"start":{"line":964,"column":4},"end":{"line":964,"column":106}},"474":{"start":{"line":964,"column":28},"end":{"line":964,"column":106}},"475":{"start":{"line":965,"column":4},"end":{"line":965,"column":82}},"476":{"start":{"line":966,"column":4},"end":{"line":966,"column":86}},"477":{"start":{"line":967,"column":4},"end":{"line":967,"column":79}},"478":{"start":{"line":968,"column":4},"end":{"line":968,"column":81}},"479":{"start":{"line":969,"column":4},"end":{"line":969,"column":91}},"480":{"start":{"line":970,"column":4},"end":{"line":970,"column":90}},"481":{"start":{"line":971,"column":4},"end":{"line":971,"column":84}},"482":{"start":{"line":972,"column":4},"end":{"line":972,"column":96}},"483":{"start":{"line":973,"column":4},"end":{"line":973,"column":86}},"484":{"start":{"line":974,"column":4},"end":{"line":974,"column":95}},"485":{"start":{"line":975,"column":4},"end":{"line":975,"column":74}},"486":{"start":{"line":976,"column":4},"end":{"line":976,"column":81}},"487":{"start":{"line":977,"column":4},"end":{"line":977,"column":95}},"488":{"start":{"line":978,"column":4},"end":{"line":978,"column":91}},"489":{"start":{"line":980,"column":4},"end":{"line":982,"column":5}},"490":{"start":{"line":981,"column":6},"end":{"line":981,"column":86}},"491":{"start":{"line":984,"column":4},"end":{"line":989,"column":5}},"492":{"start":{"line":985,"column":32},"end":{"line":985,"column":72}},"493":{"start":{"line":986,"column":6},"end":{"line":988,"column":7}},"494":{"start":{"line":987,"column":8},"end":{"line":987,"column":88}},"495":{"start":{"line":991,"column":28},"end":{"line":998,"column":5}},"496":{"start":{"line":999,"column":4},"end":{"line":1004,"column":5}},"497":{"start":{"line":1000,"column":20},"end":{"line":1000,"column":37}},"498":{"start":{"line":1001,"column":6},"end":{"line":1003,"column":7}},"499":{"start":{"line":1002,"column":8},"end":{"line":1002,"column":104}},"500":{"start":{"line":1006,"column":27},"end":{"line":1006,"column":74}},"501":{"start":{"line":1007,"column":4},"end":{"line":1009,"column":5}},"502":{"start":{"line":1008,"column":6},"end":{"line":1008,"column":96}},"503":{"start":{"line":1012,"column":2},"end":{"line":1012,"column":16}},"504":{"start":{"line":1015,"column":0},"end":{"line":1036,"column":3}},"505":{"start":{"line":1016,"column":2},"end":{"line":1035,"column":3}},"506":{"start":{"line":1017,"column":17},"end":{"line":1019,"column":13}},"507":{"start":{"line":1020,"column":4},"end":{"line":1022,"column":5}},"508":{"start":{"line":1021,"column":6},"end":{"line":1021,"column":65}},"509":{"start":{"line":1023,"column":4},"end":{"line":1032,"column":7}},"510":{"start":{"line":1034,"column":4},"end":{"line":1034,"column":97}},"511":{"start":{"line":1038,"column":0},"end":{"line":1049,"column":3}},"512":{"start":{"line":1039,"column":2},"end":{"line":1048,"column":3}},"513":{"start":{"line":1040,"column":17},"end":{"line":1040,"column":54}},"514":{"start":{"line":1041,"column":4},"end":{"line":1041,"column":74}},"515":{"start":{"line":1041,"column":15},"end":{"line":1041,"column":74}},"516":{"start":{"line":1042,"column":4},"end":{"line":1042,"column":33}},"517":{"start":{"line":1043,"column":4},"end":{"line":1043,"column":41}},"518":{"start":{"line":1044,"column":4},"end":{"line":1044,"column":22}},"519":{"start":{"line":1045,"column":4},"end":{"line":1045,"column":60}},"520":{"start":{"line":1047,"column":4},"end":{"line":1047,"column":85}},"521":{"start":{"line":1051,"column":0},"end":{"line":1083,"column":3}},"522":{"start":{"line":1052,"column":2},"end":{"line":1082,"column":3}},"523":{"start":{"line":1053,"column":21},"end":{"line":1053,"column":62}},"524":{"start":{"line":1054,"column":4},"end":{"line":1056,"column":5}},"525":{"start":{"line":1055,"column":6},"end":{"line":1055,"column":67}},"526":{"start":{"line":1057,"column":4},"end":{"line":1059,"column":5}},"527":{"start":{"line":1058,"column":6},"end":{"line":1058,"column":89}},"528":{"start":{"line":1061,"column":4},"end":{"line":1061,"column":55}},"529":{"start":{"line":1062,"column":4},"end":{"line":1062,"column":47}},"530":{"start":{"line":1063,"column":4},"end":{"line":1063,"column":46}},"531":{"start":{"line":1064,"column":4},"end":{"line":1064,"column":25}},"532":{"start":{"line":1066,"column":4},"end":{"line":1066,"column":34}},"533":{"start":{"line":1067,"column":4},"end":{"line":1067,"column":36}},"534":{"start":{"line":1068,"column":4},"end":{"line":1068,"column":113}},"535":{"start":{"line":1070,"column":22},"end":{"line":1073,"column":13}},"536":{"start":{"line":1071,"column":6},"end":{"line":1071,"column":33}},"537":{"start":{"line":1072,"column":6},"end":{"line":1072,"column":67}},"538":{"start":{"line":1075,"column":4},"end":{"line":1079,"column":7}},"539":{"start":{"line":1076,"column":6},"end":{"line":1076,"column":31}},"540":{"start":{"line":1077,"column":6},"end":{"line":1077,"column":39}},"541":{"start":{"line":1078,"column":6},"end":{"line":1078,"column":16}},"542":{"start":{"line":1081,"column":4},"end":{"line":1081,"column":96}},"543":{"start":{"line":1086,"column":0},"end":{"line":1107,"column":3}},"544":{"start":{"line":1087,"column":2},"end":{"line":1106,"column":3}},"545":{"start":{"line":1088,"column":25},"end":{"line":1088,"column":35}},"546":{"start":{"line":1089,"column":17},"end":{"line":1089,"column":49}},"547":{"start":{"line":1091,"column":4},"end":{"line":1091,"column":74}},"548":{"start":{"line":1091,"column":15},"end":{"line":1091,"column":74}},"549":{"start":{"line":1092,"column":4},"end":{"line":1092,"column":101}},"550":{"start":{"line":1092,"column":29},"end":{"line":1092,"column":101}},"551":{"start":{"line":1094,"column":4},"end":{"line":1094,"column":31}},"552":{"start":{"line":1095,"column":4},"end":{"line":1095,"column":33}},"553":{"start":{"line":1096,"column":4},"end":{"line":1096,"column":29}},"554":{"start":{"line":1097,"column":4},"end":{"line":1097,"column":22}},"555":{"start":{"line":1099,"column":4},"end":{"line":1103,"column":7}},"556":{"start":{"line":1105,"column":4},"end":{"line":1105,"column":74}},"557":{"start":{"line":1110,"column":0},"end":{"line":1117,"column":3}},"558":{"start":{"line":1111,"column":2},"end":{"line":1116,"column":3}},"559":{"start":{"line":1112,"column":21},"end":{"line":1112,"column":38}},"560":{"start":{"line":1113,"column":4},"end":{"line":1113,"column":23}},"561":{"start":{"line":1115,"column":4},"end":{"line":1115,"column":51}},"562":{"start":{"line":1119,"column":0},"end":{"line":1149,"column":3}},"563":{"start":{"line":1120,"column":2},"end":{"line":1148,"column":3}},"564":{"start":{"line":1121,"column":19},"end":{"line":1121,"column":57}},"565":{"start":{"line":1122,"column":18},"end":{"line":1122,"column":44}},"566":{"start":{"line":1123,"column":4},"end":{"line":1128,"column":5}},"567":{"start":{"line":1124,"column":6},"end":{"line":1127,"column":8}},"568":{"start":{"line":1130,"column":18},"end":{"line":1133,"column":13}},"569":{"start":{"line":1135,"column":19},"end":{"line":1143,"column":7}},"570":{"start":{"line":1135,"column":37},"end":{"line":1143,"column":5}},"571":{"start":{"line":1145,"column":4},"end":{"line":1145,"column":28}},"572":{"start":{"line":1147,"column":4},"end":{"line":1147,"column":96}},"573":{"start":{"line":1151,"column":0},"end":{"line":1169,"column":3}},"574":{"start":{"line":1152,"column":2},"end":{"line":1168,"column":3}},"575":{"start":{"line":1153,"column":19},"end":{"line":1156,"column":13}},"576":{"start":{"line":1158,"column":4},"end":{"line":1165,"column":6}},"577":{"start":{"line":1159,"column":25},"end":{"line":1164,"column":7}},"578":{"start":{"line":1167,"column":4},"end":{"line":1167,"column":99}},"579":{"start":{"line":1171,"column":0},"end":{"line":1196,"column":3}},"580":{"start":{"line":1172,"column":2},"end":{"line":1195,"column":3}},"581":{"start":{"line":1173,"column":21},"end":{"line":1173,"column":60}},"582":{"start":{"line":1174,"column":4},"end":{"line":1174,"column":80}},"583":{"start":{"line":1174,"column":19},"end":{"line":1174,"column":80}},"584":{"start":{"line":1176,"column":17},"end":{"line":1176,"column":49}},"585":{"start":{"line":1177,"column":4},"end":{"line":1177,"column":74}},"586":{"start":{"line":1177,"column":15},"end":{"line":1177,"column":74}},"587":{"start":{"line":1178,"column":4},"end":{"line":1180,"column":5}},"588":{"start":{"line":1179,"column":6},"end":{"line":1179,"column":75}},"589":{"start":{"line":1182,"column":4},"end":{"line":1182,"column":24}},"590":{"start":{"line":1183,"column":4},"end":{"line":1183,"column":22}},"591":{"start":{"line":1185,"column":4},"end":{"line":1192,"column":7}},"592":{"start":{"line":1194,"column":4},"end":{"line":1194,"column":91}},"593":{"start":{"line":1198,"column":0},"end":{"line":1216,"column":3}},"594":{"start":{"line":1199,"column":2},"end":{"line":1215,"column":3}},"595":{"start":{"line":1200,"column":21},"end":{"line":1200,"column":62}},"596":{"start":{"line":1201,"column":4},"end":{"line":1201,"column":80}},"597":{"start":{"line":1201,"column":19},"end":{"line":1201,"column":80}},"598":{"start":{"line":1203,"column":17},"end":{"line":1203,"column":49}},"599":{"start":{"line":1204,"column":4},"end":{"line":1204,"column":74}},"600":{"start":{"line":1204,"column":15},"end":{"line":1204,"column":74}},"601":{"start":{"line":1205,"column":4},"end":{"line":1207,"column":5}},"602":{"start":{"line":1206,"column":6},"end":{"line":1206,"column":71}},"603":{"start":{"line":1209,"column":4},"end":{"line":1209,"column":23}},"604":{"start":{"line":1210,"column":4},"end":{"line":1210,"column":22}},"605":{"start":{"line":1212,"column":4},"end":{"line":1212,"column":99}},"606":{"start":{"line":1214,"column":4},"end":{"line":1214,"column":91}},"607":{"start":{"line":1218,"column":0},"end":{"line":1255,"column":3}},"608":{"start":{"line":1219,"column":2},"end":{"line":1254,"column":3}},"609":{"start":{"line":1220,"column":21},"end":{"line":1220,"column":62}},"610":{"start":{"line":1221,"column":22},"end":{"line":1221,"column":73}},"611":{"start":{"line":1222,"column":4},"end":{"line":1222,"column":80}},"612":{"start":{"line":1222,"column":19},"end":{"line":1222,"column":80}},"613":{"start":{"line":1224,"column":17},"end":{"line":1224,"column":49}},"614":{"start":{"line":1225,"column":4},"end":{"line":1225,"column":74}},"615":{"start":{"line":1225,"column":15},"end":{"line":1225,"column":74}},"616":{"start":{"line":1226,"column":4},"end":{"line":1228,"column":5}},"617":{"start":{"line":1227,"column":6},"end":{"line":1227,"column":85}},"618":{"start":{"line":1230,"column":20},"end":{"line":1230,"column":85}},"619":{"start":{"line":1231,"column":20},"end":{"line":1233,"column":16}},"620":{"start":{"line":1234,"column":17},"end":{"line":1238,"column":18}},"621":{"start":{"line":1240,"column":4},"end":{"line":1240,"column":30}},"622":{"start":{"line":1241,"column":4},"end":{"line":1241,"column":22}},"623":{"start":{"line":1243,"column":4},"end":{"line":1251,"column":7}},"624":{"start":{"line":1253,"column":4},"end":{"line":1253,"column":97}},"625":{"start":{"line":1257,"column":0},"end":{"line":1291,"column":3}},"626":{"start":{"line":1258,"column":2},"end":{"line":1290,"column":3}},"627":{"start":{"line":1259,"column":21},"end":{"line":1259,"column":62}},"628":{"start":{"line":1260,"column":4},"end":{"line":1260,"column":80}},"629":{"start":{"line":1260,"column":19},"end":{"line":1260,"column":80}},"630":{"start":{"line":1262,"column":17},"end":{"line":1262,"column":49}},"631":{"start":{"line":1263,"column":4},"end":{"line":1263,"column":74}},"632":{"start":{"line":1263,"column":15},"end":{"line":1263,"column":74}},"633":{"start":{"line":1264,"column":4},"end":{"line":1266,"column":5}},"634":{"start":{"line":1265,"column":6},"end":{"line":1265,"column":78}},"635":{"start":{"line":1268,"column":4},"end":{"line":1285,"column":7}},"636":{"start":{"line":1287,"column":4},"end":{"line":1287,"column":49}},"637":{"start":{"line":1289,"column":4},"end":{"line":1289,"column":90}},"638":{"start":{"line":1293,"column":0},"end":{"line":1351,"column":3}},"639":{"start":{"line":1294,"column":2},"end":{"line":1350,"column":3}},"640":{"start":{"line":1295,"column":25},"end":{"line":1295,"column":35}},"641":{"start":{"line":1296,"column":21},"end":{"line":1308,"column":13}},"642":{"start":{"line":1310,"column":19},"end":{"line":1310,"column":28}},"643":{"start":{"line":1311,"column":4},"end":{"line":1338,"column":5}},"644":{"start":{"line":1313,"column":8},"end":{"line":1313,"column":86}},"645":{"start":{"line":1314,"column":6},"end":{"line":1323,"column":7}},"646":{"start":{"line":1315,"column":21},"end":{"line":1315,"column":126}},"647":{"start":{"line":1316,"column":8},"end":{"line":1316,"column":28}},"648":{"start":{"line":1316,"column":19},"end":{"line":1316,"column":28}},"649":{"start":{"line":1317,"column":8},"end":{"line":1322,"column":11}},"650":{"start":{"line":1324,"column":18},"end":{"line":1324,"column":43}},"651":{"start":{"line":1326,"column":6},"end":{"line":1329,"column":7}},"652":{"start":{"line":1327,"column":8},"end":{"line":1327,"column":45}},"653":{"start":{"line":1328,"column":8},"end":{"line":1328,"column":41}},"654":{"start":{"line":1331,"column":6},"end":{"line":1337,"column":7}},"655":{"start":{"line":1336,"column":8},"end":{"line":1336,"column":30}},"656":{"start":{"line":1340,"column":19},"end":{"line":1345,"column":6}},"657":{"start":{"line":1341,"column":20},"end":{"line":1341,"column":81}},"658":{"start":{"line":1342,"column":20},"end":{"line":1342,"column":81}},"659":{"start":{"line":1343,"column":6},"end":{"line":1343,"column":48}},"660":{"start":{"line":1343,"column":27},"end":{"line":1343,"column":48}},"661":{"start":{"line":1344,"column":6},"end":{"line":1344,"column":50}},"662":{"start":{"line":1347,"column":4},"end":{"line":1347,"column":28}},"663":{"start":{"line":1349,"column":4},"end":{"line":1349,"column":95}},"664":{"start":{"line":1353,"column":0},"end":{"line":1374,"column":3}},"665":{"start":{"line":1354,"column":2},"end":{"line":1373,"column":3}},"666":{"start":{"line":1355,"column":25},"end":{"line":1355,"column":35}},"667":{"start":{"line":1356,"column":17},"end":{"line":1356,"column":49}},"668":{"start":{"line":1357,"column":4},"end":{"line":1357,"column":74}},"669":{"start":{"line":1357,"column":15},"end":{"line":1357,"column":74}},"670":{"start":{"line":1359,"column":4},"end":{"line":1368,"column":5}},"671":{"start":{"line":1360,"column":6},"end":{"line":1360,"column":30}},"672":{"start":{"line":1361,"column":6},"end":{"line":1361,"column":24}},"673":{"start":{"line":1362,"column":11},"end":{"line":1368,"column":5}},"674":{"start":{"line":1363,"column":22},"end":{"line":1363,"column":83}},"675":{"start":{"line":1364,"column":6},"end":{"line":1367,"column":7}},"676":{"start":{"line":1365,"column":8},"end":{"line":1365,"column":32}},"677":{"start":{"line":1366,"column":8},"end":{"line":1366,"column":26}},"678":{"start":{"line":1370,"column":4},"end":{"line":1370,"column":80}},"679":{"start":{"line":1372,"column":4},"end":{"line":1372,"column":91}},"680":{"start":{"line":1376,"column":0},"end":{"line":1432,"column":3}},"681":{"start":{"line":1377,"column":2},"end":{"line":1431,"column":3}},"682":{"start":{"line":1378,"column":25},"end":{"line":1378,"column":35}},"683":{"start":{"line":1379,"column":27},"end":{"line":1379,"column":73}},"684":{"start":{"line":1380,"column":17},"end":{"line":1380,"column":49}},"685":{"start":{"line":1381,"column":4},"end":{"line":1381,"column":74}},"686":{"start":{"line":1381,"column":15},"end":{"line":1381,"column":74}},"687":{"start":{"line":1382,"column":19},"end":{"line":1382,"column":122}},"688":{"start":{"line":1383,"column":30},"end":{"line":1385,"column":13}},"689":{"start":{"line":1386,"column":29},"end":{"line":1388,"column":13}},"690":{"start":{"line":1389,"column":25},"end":{"line":1389,"column":75}},"691":{"start":{"line":1390,"column":21},"end":{"line":1392,"column":13}},"692":{"start":{"line":1393,"column":28},"end":{"line":1393,"column":78}},"693":{"start":{"line":1394,"column":28},"end":{"line":1394,"column":116}},"694":{"start":{"line":1395,"column":27},"end":{"line":1395,"column":33}},"695":{"start":{"line":1396,"column":4},"end":{"line":1400,"column":173}},"696":{"start":{"line":1396,"column":22},"end":{"line":1396,"column":48}},"697":{"start":{"line":1397,"column":9},"end":{"line":1400,"column":173}},"698":{"start":{"line":1397,"column":52},"end":{"line":1397,"column":81}},"699":{"start":{"line":1398,"column":9},"end":{"line":1400,"column":173}},"700":{"start":{"line":1398,"column":23},"end":{"line":1398,"column":52}},"701":{"start":{"line":1399,"column":9},"end":{"line":1400,"column":173}},"702":{"start":{"line":1399,"column":135},"end":{"line":1399,"column":169}},"703":{"start":{"line":1400,"column":9},"end":{"line":1400,"column":173}},"704":{"start":{"line":1400,"column":135},"end":{"line":1400,"column":173}},"705":{"start":{"line":1402,"column":17},"end":{"line":1402,"column":105}},"706":{"start":{"line":1403,"column":20},"end":{"line":1403,"column":44}},"707":{"start":{"line":1404,"column":16},"end":{"line":1404,"column":26}},"708":{"start":{"line":1405,"column":30},"end":{"line":1405,"column":60}},"709":{"start":{"line":1406,"column":33},"end":{"line":1406,"column":71}},"710":{"start":{"line":1407,"column":22},"end":{"line":1407,"column":104}},"711":{"start":{"line":1408,"column":27},"end":{"line":1408,"column":67}},"712":{"start":{"line":1409,"column":30},"end":{"line":1409,"column":78}},"713":{"start":{"line":1411,"column":4},"end":{"line":1428,"column":7}},"714":{"start":{"line":1430,"column":4},"end":{"line":1430,"column":92}},"715":{"start":{"line":1434,"column":0},"end":{"line":1463,"column":3}},"716":{"start":{"line":1435,"column":2},"end":{"line":1462,"column":3}},"717":{"start":{"line":1436,"column":25},"end":{"line":1436,"column":35}},"718":{"start":{"line":1437,"column":17},"end":{"line":1437,"column":74}},"719":{"start":{"line":1438,"column":4},"end":{"line":1438,"column":74}},"720":{"start":{"line":1438,"column":15},"end":{"line":1438,"column":74}},"721":{"start":{"line":1440,"column":28},"end":{"line":1440,"column":75}},"722":{"start":{"line":1441,"column":4},"end":{"line":1443,"column":5}},"723":{"start":{"line":1442,"column":6},"end":{"line":1442,"column":49}},"724":{"start":{"line":1445,"column":20},"end":{"line":1447,"column":13}},"725":{"start":{"line":1449,"column":23},"end":{"line":1449,"column":67}},"726":{"start":{"line":1449,"column":50},"end":{"line":1449,"column":65}},"727":{"start":{"line":1450,"column":20},"end":{"line":1457,"column":9}},"728":{"start":{"line":1451,"column":21},"end":{"line":1451,"column":41}},"729":{"start":{"line":1453,"column":19},"end":{"line":1457,"column":7}},"730":{"start":{"line":1459,"column":4},"end":{"line":1459,"column":65}},"731":{"start":{"line":1461,"column":4},"end":{"line":1461,"column":92}},"732":{"start":{"line":1465,"column":0},"end":{"line":1592,"column":3}},"733":{"start":{"line":1466,"column":2},"end":{"line":1591,"column":3}},"734":{"start":{"line":1467,"column":25},"end":{"line":1467,"column":35}},"735":{"start":{"line":1476,"column":8},"end":{"line":1476,"column":22}},"736":{"start":{"line":1478,"column":17},"end":{"line":1478,"column":49}},"737":{"start":{"line":1479,"column":4},"end":{"line":1479,"column":74}},"738":{"start":{"line":1479,"column":15},"end":{"line":1479,"column":74}},"739":{"start":{"line":1480,"column":4},"end":{"line":1482,"column":5}},"740":{"start":{"line":1481,"column":6},"end":{"line":1481,"column":83}},"741":{"start":{"line":1484,"column":25},"end":{"line":1484,"column":60}},"742":{"start":{"line":1485,"column":22},"end":{"line":1485,"column":54}},"743":{"start":{"line":1486,"column":32},"end":{"line":1486,"column":78}},"744":{"start":{"line":1487,"column":29},"end":{"line":1487,"column":66}},"745":{"start":{"line":1489,"column":4},"end":{"line":1505,"column":5}},"746":{"start":{"line":1490,"column":19},"end":{"line":1490,"column":107}},"747":{"start":{"line":1491,"column":22},"end":{"line":1491,"column":46}},"748":{"start":{"line":1492,"column":18},"end":{"line":1492,"column":28}},"749":{"start":{"line":1493,"column":6},"end":{"line":1499,"column":7}},"750":{"start":{"line":1494,"column":23},"end":{"line":1494,"column":47}},"751":{"start":{"line":1495,"column":8},"end":{"line":1498,"column":11}},"752":{"start":{"line":1501,"column":23},"end":{"line":1501,"column":69}},"753":{"start":{"line":1502,"column":6},"end":{"line":1504,"column":7}},"754":{"start":{"line":1503,"column":8},"end":{"line":1503,"column":75}},"755":{"start":{"line":1507,"column":4},"end":{"line":1523,"column":5}},"756":{"start":{"line":1508,"column":19},"end":{"line":1508,"column":101}},"757":{"start":{"line":1509,"column":22},"end":{"line":1509,"column":46}},"758":{"start":{"line":1510,"column":18},"end":{"line":1510,"column":28}},"759":{"start":{"line":1511,"column":6},"end":{"line":1517,"column":7}},"760":{"start":{"line":1512,"column":23},"end":{"line":1512,"column":47}},"761":{"start":{"line":1513,"column":8},"end":{"line":1516,"column":11}},"762":{"start":{"line":1519,"column":28},"end":{"line":1519,"column":68}},"763":{"start":{"line":1520,"column":6},"end":{"line":1522,"column":7}},"764":{"start":{"line":1521,"column":8},"end":{"line":1521,"column":77}},"765":{"start":{"line":1525,"column":24},"end":{"line":1525,"column":37}},"766":{"start":{"line":1526,"column":4},"end":{"line":1526,"column":70}},"767":{"start":{"line":1526,"column":38},"end":{"line":1526,"column":70}},"768":{"start":{"line":1527,"column":4},"end":{"line":1527,"column":78}},"769":{"start":{"line":1527,"column":43},"end":{"line":1527,"column":78}},"770":{"start":{"line":1528,"column":4},"end":{"line":1528,"column":97}},"771":{"start":{"line":1528,"column":31},"end":{"line":1528,"column":97}},"772":{"start":{"line":1528,"column":63},"end":{"line":1528,"column":79}},"773":{"start":{"line":1529,"column":4},"end":{"line":1532,"column":5}},"774":{"start":{"line":1530,"column":21},"end":{"line":1530,"column":35}},"775":{"start":{"line":1531,"column":6},"end":{"line":1531,"column":68}},"776":{"start":{"line":1531,"column":47},"end":{"line":1531,"column":68}},"777":{"start":{"line":1533,"column":4},"end":{"line":1535,"column":5}},"778":{"start":{"line":1534,"column":6},"end":{"line":1534,"column":51}},"779":{"start":{"line":1537,"column":4},"end":{"line":1540,"column":5}},"780":{"start":{"line":1538,"column":6},"end":{"line":1538,"column":35}},"781":{"start":{"line":1539,"column":6},"end":{"line":1539,"column":49}},"782":{"start":{"line":1541,"column":4},"end":{"line":1544,"column":5}},"783":{"start":{"line":1542,"column":6},"end":{"line":1542,"column":29}},"784":{"start":{"line":1543,"column":6},"end":{"line":1543,"column":46}},"785":{"start":{"line":1545,"column":4},"end":{"line":1545,"column":22}},"786":{"start":{"line":1547,"column":4},"end":{"line":1564,"column":5}},"787":{"start":{"line":1548,"column":6},"end":{"line":1563,"column":9}},"788":{"start":{"line":1566,"column":17},"end":{"line":1566,"column":105}},"789":{"start":{"line":1567,"column":20},"end":{"line":1567,"column":44}},"790":{"start":{"line":1568,"column":16},"end":{"line":1568,"column":26}},"791":{"start":{"line":1569,"column":30},"end":{"line":1569,"column":60}},"792":{"start":{"line":1570,"column":33},"end":{"line":1570,"column":71}},"793":{"start":{"line":1571,"column":22},"end":{"line":1571,"column":104}},"794":{"start":{"line":1572,"column":27},"end":{"line":1572,"column":67}},"795":{"start":{"line":1573,"column":30},"end":{"line":1573,"column":78}},"796":{"start":{"line":1575,"column":4},"end":{"line":1588,"column":7}},"797":{"start":{"line":1590,"column":4},"end":{"line":1590,"column":93}},"798":{"start":{"line":1594,"column":0},"end":{"line":1652,"column":3}},"799":{"start":{"line":1595,"column":2},"end":{"line":1651,"column":3}},"800":{"start":{"line":1596,"column":25},"end":{"line":1596,"column":69}},"801":{"start":{"line":1597,"column":23},"end":{"line":1597,"column":65}},"802":{"start":{"line":1598,"column":4},"end":{"line":1600,"column":5}},"803":{"start":{"line":1599,"column":6},"end":{"line":1599,"column":68}},"804":{"start":{"line":1601,"column":4},"end":{"line":1603,"column":5}},"805":{"start":{"line":1602,"column":6},"end":{"line":1602,"column":82}},"806":{"start":{"line":1605,"column":31},"end":{"line":1608,"column":6}},"807":{"start":{"line":1609,"column":4},"end":{"line":1611,"column":5}},"808":{"start":{"line":1610,"column":6},"end":{"line":1610,"column":65}},"809":{"start":{"line":1613,"column":6},"end":{"line":1614,"column":90}},"810":{"start":{"line":1615,"column":4},"end":{"line":1617,"column":5}},"811":{"start":{"line":1616,"column":6},"end":{"line":1616,"column":99}},"812":{"start":{"line":1619,"column":4},"end":{"line":1621,"column":5}},"813":{"start":{"line":1620,"column":6},"end":{"line":1620,"column":66}},"814":{"start":{"line":1622,"column":4},"end":{"line":1624,"column":5}},"815":{"start":{"line":1623,"column":6},"end":{"line":1623,"column":78}},"816":{"start":{"line":1626,"column":4},"end":{"line":1626,"column":120}},"817":{"start":{"line":1627,"column":4},"end":{"line":1627,"column":118}},"818":{"start":{"line":1628,"column":4},"end":{"line":1628,"column":56}},"819":{"start":{"line":1630,"column":19},"end":{"line":1635,"column":6}},"820":{"start":{"line":1637,"column":4},"end":{"line":1646,"column":5}},"821":{"start":{"line":1638,"column":6},"end":{"line":1645,"column":9}},"822":{"start":{"line":1648,"column":4},"end":{"line":1648,"column":68}},"823":{"start":{"line":1650,"column":4},"end":{"line":1650,"column":98}},"824":{"start":{"line":1654,"column":0},"end":{"line":1731,"column":3}},"825":{"start":{"line":1655,"column":2},"end":{"line":1730,"column":3}},"826":{"start":{"line":1656,"column":30},"end":{"line":1656,"column":79}},"827":{"start":{"line":1657,"column":30},"end":{"line":1657,"column":79}},"828":{"start":{"line":1658,"column":4},"end":{"line":1660,"column":5}},"829":{"start":{"line":1659,"column":6},"end":{"line":1659,"column":68}},"830":{"start":{"line":1662,"column":35},"end":{"line":1665,"column":6}},"831":{"start":{"line":1666,"column":4},"end":{"line":1668,"column":5}},"832":{"start":{"line":1667,"column":6},"end":{"line":1667,"column":65}},"833":{"start":{"line":1670,"column":4},"end":{"line":1672,"column":5}},"834":{"start":{"line":1671,"column":6},"end":{"line":1671,"column":84}},"835":{"start":{"line":1674,"column":4},"end":{"line":1674,"column":123}},"836":{"start":{"line":1674,"column":98},"end":{"line":1674,"column":121}},"837":{"start":{"line":1675,"column":4},"end":{"line":1675,"column":123}},"838":{"start":{"line":1675,"column":98},"end":{"line":1675,"column":121}},"839":{"start":{"line":1677,"column":4},"end":{"line":1677,"column":95}},"840":{"start":{"line":1678,"column":4},"end":{"line":1678,"column":95}},"841":{"start":{"line":1680,"column":4},"end":{"line":1680,"column":115}},"842":{"start":{"line":1681,"column":4},"end":{"line":1681,"column":115}},"843":{"start":{"line":1683,"column":4},"end":{"line":1683,"column":60}},"844":{"start":{"line":1685,"column":4},"end":{"line":1706,"column":6}},"845":{"start":{"line":1708,"column":4},"end":{"line":1716,"column":6}},"846":{"start":{"line":1718,"column":4},"end":{"line":1725,"column":7}},"847":{"start":{"line":1727,"column":4},"end":{"line":1727,"column":60}},"848":{"start":{"line":1729,"column":4},"end":{"line":1729,"column":100}},"849":{"start":{"line":1733,"column":0},"end":{"line":1768,"column":3}},"850":{"start":{"line":1734,"column":2},"end":{"line":1767,"column":3}},"851":{"start":{"line":1735,"column":30},"end":{"line":1735,"column":79}},"852":{"start":{"line":1736,"column":30},"end":{"line":1736,"column":79}},"853":{"start":{"line":1737,"column":4},"end":{"line":1739,"column":5}},"854":{"start":{"line":1738,"column":6},"end":{"line":1738,"column":68}},"855":{"start":{"line":1741,"column":35},"end":{"line":1744,"column":6}},"856":{"start":{"line":1745,"column":4},"end":{"line":1747,"column":5}},"857":{"start":{"line":1746,"column":6},"end":{"line":1746,"column":65}},"858":{"start":{"line":1749,"column":4},"end":{"line":1749,"column":123}},"859":{"start":{"line":1749,"column":98},"end":{"line":1749,"column":121}},"860":{"start":{"line":1750,"column":4},"end":{"line":1750,"column":123}},"861":{"start":{"line":1750,"column":98},"end":{"line":1750,"column":121}},"862":{"start":{"line":1752,"column":4},"end":{"line":1752,"column":60}},"863":{"start":{"line":1754,"column":4},"end":{"line":1762,"column":6}},"864":{"start":{"line":1764,"column":4},"end":{"line":1764,"column":60}},"865":{"start":{"line":1766,"column":4},"end":{"line":1766,"column":100}},"866":{"start":{"line":1770,"column":0},"end":{"line":1802,"column":3}},"867":{"start":{"line":1771,"column":2},"end":{"line":1801,"column":3}},"868":{"start":{"line":1772,"column":21},"end":{"line":1772,"column":60}},"869":{"start":{"line":1773,"column":27},"end":{"line":1773,"column":73}},"870":{"start":{"line":1774,"column":4},"end":{"line":1776,"column":5}},"871":{"start":{"line":1775,"column":6},"end":{"line":1775,"column":68}},"872":{"start":{"line":1777,"column":4},"end":{"line":1779,"column":5}},"873":{"start":{"line":1778,"column":6},"end":{"line":1778,"column":74}},"874":{"start":{"line":1781,"column":27},"end":{"line":1784,"column":6}},"875":{"start":{"line":1785,"column":4},"end":{"line":1787,"column":5}},"876":{"start":{"line":1786,"column":6},"end":{"line":1786,"column":65}},"877":{"start":{"line":1789,"column":4},"end":{"line":1789,"column":76}},"878":{"start":{"line":1789,"column":54},"end":{"line":1789,"column":74}},"879":{"start":{"line":1790,"column":4},"end":{"line":1790,"column":74}},"880":{"start":{"line":1790,"column":58},"end":{"line":1790,"column":72}},"881":{"start":{"line":1791,"column":4},"end":{"line":1791,"column":110}},"882":{"start":{"line":1791,"column":88},"end":{"line":1791,"column":108}},"883":{"start":{"line":1792,"column":4},"end":{"line":1792,"column":110}},"884":{"start":{"line":1792,"column":88},"end":{"line":1792,"column":108}},"885":{"start":{"line":1793,"column":4},"end":{"line":1793,"column":108}},"886":{"start":{"line":1793,"column":92},"end":{"line":1793,"column":106}},"887":{"start":{"line":1794,"column":4},"end":{"line":1794,"column":108}},"888":{"start":{"line":1794,"column":92},"end":{"line":1794,"column":106}},"889":{"start":{"line":1796,"column":4},"end":{"line":1796,"column":52}},"890":{"start":{"line":1798,"column":4},"end":{"line":1798,"column":60}},"891":{"start":{"line":1800,"column":4},"end":{"line":1800,"column":92}},"892":{"start":{"line":1804,"column":0},"end":{"line":1858,"column":3}},"893":{"start":{"line":1805,"column":2},"end":{"line":1857,"column":3}},"894":{"start":{"line":1806,"column":27},"end":{"line":1806,"column":73}},"895":{"start":{"line":1807,"column":29},"end":{"line":1807,"column":77}},"896":{"start":{"line":1808,"column":17},"end":{"line":1808,"column":52}},"897":{"start":{"line":1809,"column":16},"end":{"line":1809,"column":42}},"898":{"start":{"line":1811,"column":4},"end":{"line":1813,"column":5}},"899":{"start":{"line":1812,"column":6},"end":{"line":1812,"column":72}},"900":{"start":{"line":1814,"column":4},"end":{"line":1816,"column":5}},"901":{"start":{"line":1815,"column":6},"end":{"line":1815,"column":85}},"902":{"start":{"line":1818,"column":31},"end":{"line":1821,"column":6}},"903":{"start":{"line":1822,"column":4},"end":{"line":1824,"column":5}},"904":{"start":{"line":1823,"column":6},"end":{"line":1823,"column":79}},"905":{"start":{"line":1826,"column":6},"end":{"line":1827,"column":96}},"906":{"start":{"line":1828,"column":4},"end":{"line":1830,"column":5}},"907":{"start":{"line":1829,"column":6},"end":{"line":1829,"column":99}},"908":{"start":{"line":1832,"column":20},"end":{"line":1838,"column":6}},"909":{"start":{"line":1840,"column":4},"end":{"line":1852,"column":7}},"910":{"start":{"line":1854,"column":4},"end":{"line":1854,"column":41}},"911":{"start":{"line":1856,"column":4},"end":{"line":1856,"column":92}},"912":{"start":{"line":1860,"column":0},"end":{"line":1875,"column":3}},"913":{"start":{"line":1861,"column":2},"end":{"line":1874,"column":3}},"914":{"start":{"line":1862,"column":25},"end":{"line":1862,"column":35}},"915":{"start":{"line":1863,"column":23},"end":{"line":1863,"column":83}},"916":{"start":{"line":1864,"column":19},"end":{"line":1866,"column":5}},"917":{"start":{"line":1867,"column":4},"end":{"line":1869,"column":5}},"918":{"start":{"line":1868,"column":6},"end":{"line":1868,"column":89}},"919":{"start":{"line":1870,"column":20},"end":{"line":1870,"column":70}},"920":{"start":{"line":1871,"column":4},"end":{"line":1871,"column":29}},"921":{"start":{"line":1873,"column":4},"end":{"line":1873,"column":92}},"922":{"start":{"line":1877,"column":0},"end":{"line":1923,"column":3}},"923":{"start":{"line":1878,"column":2},"end":{"line":1922,"column":3}},"924":{"start":{"line":1879,"column":19},"end":{"line":1879,"column":29}},"925":{"start":{"line":1880,"column":30},"end":{"line":1880,"column":79}},"926":{"start":{"line":1881,"column":23},"end":{"line":1881,"column":74}},"927":{"start":{"line":1882,"column":20},"end":{"line":1882,"column":111}},"928":{"start":{"line":1884,"column":4},"end":{"line":1886,"column":5}},"929":{"start":{"line":1885,"column":6},"end":{"line":1885,"column":80}},"930":{"start":{"line":1888,"column":19},"end":{"line":1888,"column":44}},"931":{"start":{"line":1889,"column":4},"end":{"line":1889,"column":78}},"932":{"start":{"line":1889,"column":17},"end":{"line":1889,"column":78}},"933":{"start":{"line":1891,"column":4},"end":{"line":1893,"column":5}},"934":{"start":{"line":1892,"column":6},"end":{"line":1892,"column":62}},"935":{"start":{"line":1895,"column":4},"end":{"line":1895,"column":31}},"936":{"start":{"line":1896,"column":4},"end":{"line":1896,"column":24}},"937":{"start":{"line":1898,"column":4},"end":{"line":1917,"column":5}},"938":{"start":{"line":1900,"column":8},"end":{"line":1902,"column":36}},"939":{"start":{"line":1904,"column":6},"end":{"line":1916,"column":9}},"940":{"start":{"line":1919,"column":4},"end":{"line":1919,"column":28}},"941":{"start":{"line":1921,"column":4},"end":{"line":1921,"column":99}},"942":{"start":{"line":1926,"column":0},"end":{"line":2008,"column":3}},"943":{"start":{"line":1927,"column":2},"end":{"line":2007,"column":3}},"944":{"start":{"line":1928,"column":50},"end":{"line":1928,"column":58}},"945":{"start":{"line":1929,"column":19},"end":{"line":1929,"column":30}},"946":{"start":{"line":1931,"column":4},"end":{"line":1933,"column":5}},"947":{"start":{"line":1932,"column":6},"end":{"line":1932,"column":78}},"948":{"start":{"line":1935,"column":19},"end":{"line":1935,"column":51}},"949":{"start":{"line":1936,"column":4},"end":{"line":1936,"column":76}},"950":{"start":{"line":1936,"column":17},"end":{"line":1936,"column":76}},"951":{"start":{"line":1937,"column":4},"end":{"line":1937,"column":111}},"952":{"start":{"line":1937,"column":35},"end":{"line":1937,"column":111}},"953":{"start":{"line":1939,"column":21},"end":{"line":1939,"column":67}},"954":{"start":{"line":1940,"column":4},"end":{"line":1940,"column":88}},"955":{"start":{"line":1940,"column":19},"end":{"line":1940,"column":88}},"956":{"start":{"line":1942,"column":4},"end":{"line":1944,"column":5}},"957":{"start":{"line":1943,"column":6},"end":{"line":1943,"column":72}},"958":{"start":{"line":1946,"column":18},"end":{"line":1948,"column":45}},"959":{"start":{"line":1949,"column":19},"end":{"line":1949,"column":61}},"960":{"start":{"line":1950,"column":21},"end":{"line":1950,"column":48}},"961":{"start":{"line":1953,"column":4},"end":{"line":1998,"column":5}},"962":{"start":{"line":1954,"column":6},"end":{"line":1954,"column":35}},"963":{"start":{"line":1955,"column":6},"end":{"line":1955,"column":37}},"964":{"start":{"line":1956,"column":6},"end":{"line":1956,"column":26}},"965":{"start":{"line":1957,"column":6},"end":{"line":1957,"column":28}},"966":{"start":{"line":1959,"column":22},"end":{"line":1976,"column":8}},"967":{"start":{"line":1977,"column":6},"end":{"line":1977,"column":28}},"968":{"start":{"line":1979,"column":22},"end":{"line":1996,"column":8}},"969":{"start":{"line":1997,"column":6},"end":{"line":1997,"column":28}},"970":{"start":{"line":2000,"column":4},"end":{"line":2004,"column":7}},"971":{"start":{"line":2006,"column":4},"end":{"line":2006,"column":95}},"972":{"start":{"line":2010,"column":0},"end":{"line":2018,"column":3}},"973":{"start":{"line":2011,"column":2},"end":{"line":2017,"column":3}},"974":{"start":{"line":2012,"column":25},"end":{"line":2012,"column":35}},"975":{"start":{"line":2013,"column":25},"end":{"line":2013,"column":86}},"976":{"start":{"line":2014,"column":4},"end":{"line":2014,"column":34}},"977":{"start":{"line":2016,"column":4},"end":{"line":2016,"column":97}},"978":{"start":{"line":2020,"column":0},"end":{"line":2050,"column":3}},"979":{"start":{"line":2021,"column":2},"end":{"line":2049,"column":3}},"980":{"start":{"line":2022,"column":40},"end":{"line":2022,"column":50}},"981":{"start":{"line":2023,"column":44},"end":{"line":2023,"column":99}},"982":{"start":{"line":2024,"column":18},"end":{"line":2040,"column":5}},"983":{"start":{"line":2041,"column":30},"end":{"line":2044,"column":6}},"984":{"start":{"line":2045,"column":20},"end":{"line":2045,"column":46}},"985":{"start":{"line":2046,"column":4},"end":{"line":2046,"column":95}},"986":{"start":{"line":2048,"column":4},"end":{"line":2048,"column":93}},"987":{"start":{"line":2052,"column":0},"end":{"line":2199,"column":3}},"988":{"start":{"line":2053,"column":2},"end":{"line":2198,"column":3}},"989":{"start":{"line":2054,"column":77},"end":{"line":2054,"column":85}},"990":{"start":{"line":2055,"column":27},"end":{"line":2055,"column":86}},"991":{"start":{"line":2056,"column":22},"end":{"line":2056,"column":47}},"992":{"start":{"line":2058,"column":4},"end":{"line":2060,"column":5}},"993":{"start":{"line":2059,"column":6},"end":{"line":2059,"column":74}},"994":{"start":{"line":2061,"column":4},"end":{"line":2063,"column":5}},"995":{"start":{"line":2062,"column":6},"end":{"line":2062,"column":75}},"996":{"start":{"line":2064,"column":4},"end":{"line":2066,"column":5}},"997":{"start":{"line":2065,"column":6},"end":{"line":2065,"column":74}},"998":{"start":{"line":2068,"column":39},"end":{"line":2071,"column":6}},"999":{"start":{"line":2073,"column":4},"end":{"line":2075,"column":5}},"1000":{"start":{"line":2074,"column":6},"end":{"line":2074,"column":79}},"1001":{"start":{"line":2077,"column":6},"end":{"line":2078,"column":105}},"1002":{"start":{"line":2079,"column":4},"end":{"line":2081,"column":5}},"1003":{"start":{"line":2080,"column":6},"end":{"line":2080,"column":79}},"1004":{"start":{"line":2084,"column":6},"end":{"line":2087,"column":52}},"1005":{"start":{"line":2090,"column":6},"end":{"line":2091,"column":113}},"1006":{"start":{"line":2093,"column":30},"end":{"line":2093,"column":89}},"1007":{"start":{"line":2094,"column":4},"end":{"line":2108,"column":5}},"1008":{"start":{"line":2096,"column":8},"end":{"line":2097,"column":71}},"1009":{"start":{"line":2098,"column":6},"end":{"line":2103,"column":7}},"1010":{"start":{"line":2099,"column":8},"end":{"line":2102,"column":11}},"1011":{"start":{"line":2104,"column":6},"end":{"line":2107,"column":9}},"1012":{"start":{"line":2110,"column":21},"end":{"line":2110,"column":45}},"1013":{"start":{"line":2111,"column":24},"end":{"line":2111,"column":28}},"1014":{"start":{"line":2112,"column":20},"end":{"line":2112,"column":29}},"1015":{"start":{"line":2113,"column":4},"end":{"line":2134,"column":5}},"1016":{"start":{"line":2114,"column":24},"end":{"line":2114,"column":61}},"1017":{"start":{"line":2115,"column":6},"end":{"line":2117,"column":7}},"1018":{"start":{"line":2116,"column":8},"end":{"line":2116,"column":81}},"1019":{"start":{"line":2118,"column":22},"end":{"line":2118,"column":62}},"1020":{"start":{"line":2119,"column":6},"end":{"line":2121,"column":7}},"1021":{"start":{"line":2120,"column":8},"end":{"line":2120,"column":70}},"1022":{"start":{"line":2122,"column":6},"end":{"line":2130,"column":8}},"1023":{"start":{"line":2131,"column":6},"end":{"line":2133,"column":7}},"1024":{"start":{"line":2132,"column":8},"end":{"line":2132,"column":88}},"1025":{"start":{"line":2136,"column":20},"end":{"line":2145,"column":6}},"1026":{"start":{"line":2146,"column":4},"end":{"line":2146,"column":25}},"1027":{"start":{"line":2148,"column":4},"end":{"line":2180,"column":5}},"1028":{"start":{"line":2149,"column":38},"end":{"line":2154,"column":8}},"1029":{"start":{"line":2156,"column":6},"end":{"line":2179,"column":7}},"1030":{"start":{"line":2157,"column":8},"end":{"line":2157,"column":62}},"1031":{"start":{"line":2158,"column":8},"end":{"line":2158,"column":77}},"1032":{"start":{"line":2159,"column":8},"end":{"line":2163,"column":10}},"1033":{"start":{"line":2164,"column":8},"end":{"line":2164,"column":56}},"1034":{"start":{"line":2165,"column":8},"end":{"line":2165,"column":45}},"1035":{"start":{"line":2167,"column":8},"end":{"line":2178,"column":11}},"1036":{"start":{"line":2182,"column":4},"end":{"line":2182,"column":53}},"1037":{"start":{"line":2183,"column":4},"end":{"line":2183,"column":55}},"1038":{"start":{"line":2184,"column":4},"end":{"line":2187,"column":7}},"1039":{"start":{"line":2188,"column":4},"end":{"line":2193,"column":5}},"1040":{"start":{"line":2189,"column":6},"end":{"line":2192,"column":9}},"1041":{"start":{"line":2195,"column":4},"end":{"line":2195,"column":41}},"1042":{"start":{"line":2197,"column":4},"end":{"line":2197,"column":91}},"1043":{"start":{"line":2201,"column":0},"end":{"line":2227,"column":3}},"1044":{"start":{"line":2202,"column":2},"end":{"line":2226,"column":3}},"1045":{"start":{"line":2203,"column":19},"end":{"line":2203,"column":29}},"1046":{"start":{"line":2204,"column":30},"end":{"line":2204,"column":69}},"1047":{"start":{"line":2205,"column":20},"end":{"line":2205,"column":60}},"1048":{"start":{"line":2207,"column":20},"end":{"line":2207,"column":46}},"1049":{"start":{"line":2208,"column":4},"end":{"line":2210,"column":5}},"1050":{"start":{"line":2209,"column":6},"end":{"line":2209,"column":68}},"1051":{"start":{"line":2212,"column":4},"end":{"line":2214,"column":5}},"1052":{"start":{"line":2213,"column":6},"end":{"line":2213,"column":86}},"1053":{"start":{"line":2216,"column":4},"end":{"line":2216,"column":40}},"1054":{"start":{"line":2217,"column":4},"end":{"line":2217,"column":75}},"1055":{"start":{"line":2218,"column":4},"end":{"line":2218,"column":77}},"1056":{"start":{"line":2219,"column":4},"end":{"line":2222,"column":7}},"1057":{"start":{"line":2223,"column":4},"end":{"line":2223,"column":52}},"1058":{"start":{"line":2225,"column":4},"end":{"line":2225,"column":93}},"1059":{"start":{"line":2229,"column":0},"end":{"line":2246,"column":3}},"1060":{"start":{"line":2230,"column":2},"end":{"line":2245,"column":3}},"1061":{"start":{"line":2231,"column":25},"end":{"line":2231,"column":35}},"1062":{"start":{"line":2232,"column":21},"end":{"line":2232,"column":51}},"1063":{"start":{"line":2233,"column":19},"end":{"line":2233,"column":37}},"1064":{"start":{"line":2234,"column":4},"end":{"line":2234,"column":40}},"1065":{"start":{"line":2234,"column":16},"end":{"line":2234,"column":40}},"1066":{"start":{"line":2235,"column":19},"end":{"line":2239,"column":6}},"1067":{"start":{"line":2240,"column":20},"end":{"line":2240,"column":40}},"1068":{"start":{"line":2241,"column":4},"end":{"line":2241,"column":38}},"1069":{"start":{"line":2242,"column":4},"end":{"line":2242,"column":29}},"1070":{"start":{"line":2244,"column":4},"end":{"line":2244,"column":97}},"1071":{"start":{"line":2248,"column":0},"end":{"line":2265,"column":3}},"1072":{"start":{"line":2249,"column":2},"end":{"line":2264,"column":3}},"1073":{"start":{"line":2250,"column":25},"end":{"line":2250,"column":35}},"1074":{"start":{"line":2251,"column":44},"end":{"line":2251,"column":99}},"1075":{"start":{"line":2252,"column":18},"end":{"line":2256,"column":5}},"1076":{"start":{"line":2257,"column":28},"end":{"line":2260,"column":6}},"1077":{"start":{"line":2261,"column":4},"end":{"line":2261,"column":93}},"1078":{"start":{"line":2263,"column":4},"end":{"line":2263,"column":100}},"1079":{"start":{"line":2267,"column":0},"end":{"line":2294,"column":3}},"1080":{"start":{"line":2268,"column":2},"end":{"line":2293,"column":3}},"1081":{"start":{"line":2269,"column":21},"end":{"line":2269,"column":61}},"1082":{"start":{"line":2270,"column":26},"end":{"line":2270,"column":72}},"1083":{"start":{"line":2271,"column":17},"end":{"line":2271,"column":72}},"1084":{"start":{"line":2272,"column":34},"end":{"line":2272,"column":89}},"1085":{"start":{"line":2274,"column":18},"end":{"line":2274,"column":20}},"1086":{"start":{"line":2275,"column":4},"end":{"line":2284,"column":5}},"1087":{"start":{"line":2276,"column":6},"end":{"line":2279,"column":8}},"1088":{"start":{"line":2280,"column":11},"end":{"line":2284,"column":5}},"1089":{"start":{"line":2281,"column":6},"end":{"line":2281,"column":39}},"1090":{"start":{"line":2283,"column":6},"end":{"line":2283,"column":83}},"1091":{"start":{"line":2286,"column":26},"end":{"line":2289,"column":6}},"1092":{"start":{"line":2290,"column":4},"end":{"line":2290,"column":71}},"1093":{"start":{"line":2292,"column":4},"end":{"line":2292,"column":93}},"1094":{"start":{"line":2296,"column":0},"end":{"line":2321,"column":3}},"1095":{"start":{"line":2297,"column":2},"end":{"line":2320,"column":3}},"1096":{"start":{"line":2298,"column":40},"end":{"line":2298,"column":50}},"1097":{"start":{"line":2299,"column":4},"end":{"line":2301,"column":5}},"1098":{"start":{"line":2300,"column":6},"end":{"line":2300,"column":84}},"1099":{"start":{"line":2302,"column":19},"end":{"line":2310,"column":5}},"1100":{"start":{"line":2311,"column":4},"end":{"line":2311,"column":46}},"1101":{"start":{"line":2312,"column":4},"end":{"line":2316,"column":7}},"1102":{"start":{"line":2317,"column":4},"end":{"line":2317,"column":60}},"1103":{"start":{"line":2319,"column":4},"end":{"line":2319,"column":98}},"1104":{"start":{"line":2323,"column":0},"end":{"line":2352,"column":3}},"1105":{"start":{"line":2324,"column":2},"end":{"line":2351,"column":3}},"1106":{"start":{"line":2325,"column":19},"end":{"line":2325,"column":29}},"1107":{"start":{"line":2326,"col
[...]
,"263":1,"264":1,"265":20,"266":1,"267":20,"268":1,"269":1,"270":20,"271":0,"272":0,"273":0,"274":20,"275":4,"276":4,"277":20,"278":20,"279":20,"280":20,"281":20,"282":20,"283":20,"284":0,"285":20,"286":1,"287":20,"288":20,"289":0,"290":0,"291":0,"292":1,"293":1,"294":1,"295":20,"296":20,"297":20,"298":20,"299":20,"300":20,"301":20,"302":20,"303":20,"304":20,"305":1,"306":20,"307":20,"308":20,"309":2,"310":2,"311":2,"312":0,"313":2,"314":2,"315":18,"316":20,"317":1,"318":1,"319":1,"320":1,"321":1,"322":1,"323":0,"324":0,"325":0,"326":1,"327":1,"328":1,"329":1,"330":0,"331":1,"332":1,"333":1,"334":1,"335":1,"336":1,"337":1,"338":1,"339":1,"340":1,"341":1,"342":1,"343":1,"344":1,"345":1,"346":1,"347":1,"348":1,"349":1,"350":1,"351":3,"352":3,"353":3,"354":3,"355":3,"356":0,"357":3,"358":3,"359":3,"360":3,"361":0,"362":0,"363":0,"364":3,"365":3,"366":3,"367":3,"368":0,"369":1,"370":6,"371":6,"372":6,"373":6,"374":6,"375":0,"376":6,"377":0,"378":6,"379":0,"380":0,"381":6,"382":0,"383":0,"384":0,"385":0,"386":6,"387":0,"388":0,"389":6,"390":0,"391":0,"392":0,"393":0,"394":6,"395":6,"396":6,"397":6,"398":6,"399":6,"400":0,"401":1,"402":0,"403":0,"404":0,"405":0,"406":0,"407":0,"408":0,"409":0,"410":1,"411":1,"412":1,"413":1,"414":0,"415":1,"416":1,"417":0,"418":1,"419":0,"420":1,"421":1,"422":0,"423":1,"424":1,"425":1,"426":0,"427":1,"428":1,"429":1,"430":1,"431":1,"432":1,"433":0,"434":1,"435":0,"436":0,"437":0,"438":0,"439":0,"440":0,"441":1,"442":10,"443":10,"444":0,"445":10,"446":10,"447":1,"448":9,"449":9,"450":0,"451":9,"452":0,"453":9,"454":9,"455":0,"456":9,"457":0,"458":9,"459":9,"460":0,"461":9,"462":7,"463":7,"464":7,"465":96,"466":96,"467":95,"468":1,"469":7,"470":7,"471":3,"472":7,"473":7,"474":0,"475":7,"476":7,"477":7,"478":7,"479":7,"480":7,"481":7,"482":7,"483":7,"484":7,"485":7,"486":7,"487":7,"488":7,"489":7,"490":0,"491":7,"492":0,"493":0,"494":0,"495":7,"496":7,"497":42,"498":42,"499":0,"500":7,"501":7,"502":0,"503":9,"504":1,"505":1,"506":1,"507":1,"508":0,"509":1,"510":0,"511":1,"512":0,"513":0,"514":0,"515":0,"516":0,"517":0,"518":0,"519":0,"520":0,"521":1,"522":0,"523":0,"524":0,"525":0,"526":0,"527":0,"528":0,"529":0,"530":0,"531":0,"532":0,"533":0,"534":0,"535":0,"536":0,"537":0,"538":0,"539":0,"540":0,"541":0,"542":0,"543":1,"544":0,"545":0,"546":0,"547":0,"548":0,"549":0,"550":0,"551":0,"552":0,"553":0,"554":0,"555":0,"556":0,"557":1,"558":0,"559":0,"560":0,"561":0,"562":1,"563":0,"564":0,"565":0,"566":0,"567":0,"568":0,"569":0,"570":0,"571":0,"572":0,"573":1,"574":0,"575":0,"576":0,"577":0,"578":0,"579":1,"580":0,"581":0,"582":0,"583":0,"584":0,"585":0,"586":0,"587":0,"588":0,"589":0,"590":0,"591":0,"592":0,"593":1,"594":0,"595":0,"596":0,"597":0,"598":0,"599":0,"600":0,"601":0,"602":0,"603":0,"604":0,"605":0,"606":0,"607":1,"608":0,"609":0,"610":0,"611":0,"612":0,"613":0,"614":0,"615":0,"616":0,"617":0,"618":0,"619":0,"620":0,"621":0,"622":0,"623":0,"624":0,"625":1,"626":0,"627":0,"628":0,"629":0,"630":0,"631":0,"632":0,"633":0,"634":0,"635":0,"636":0,"637":0,"638":1,"639":0,"640":0,"641":0,"642":0,"643":0,"644":0,"645":0,"646":0,"647":0,"648":0,"649":0,"650":0,"651":0,"652":0,"653":0,"654":0,"655":0,"656":0,"657":0,"658":0,"659":0,"660":0,"661":0,"662":0,"663":0,"664":1,"665":0,"666":0,"667":0,"668":0,"669":0,"670":0,"671":0,"672":0,"673":0,"674":0,"675":0,"676":0,"677":0,"678":0,"679":0,"680":1,"681":0,"682":0,"683":0,"684":0,"685":0,"686":0,"687":0,"688":0,"689":0,"690":0,"691":0,"692":0,"693":0,"694":0,"695":0,"696":0,"697":0,"698":0,"699":0,"700":0,"701":0,"702":0,"703":0,"704":0,"705":0,"706":0,"707":0,"708":0,"709":0,"710":0,"711":0,"712":0,"713":0,"714":0,"715":1,"716":0,"717":0,"718":0,"719":0,"720":0,"721":0,"722":0,"723":0,"724":0,"725":0,"726":0,"727":0,"728":0,"729":0,"730":0,"731":0,"732":1,"733":0,"734":0,"735":0,"736":0,"737":0,"738":0,"739":0,"740":0,"741":0,"742":0,"743":0,"744":0,"745":0,"746":0,"747":0,"748":0,"749":0,"750":0,"751":0,"752":0,"753":0,"754":0,"755":0,"756":0,"757":0,"758":0,"759":0,"760":0,"761":0,"762":0,"763":0,"764":0,"765":0,"766":0,"767":0,"768":0,"769":0,"770":0,"771":0,"772":0,"773":0,"774":0,"775":0,"776":0,"777":0,"778":0,"779":0,"780":0,"781":0,"782":0,"783":0,"784":0,"785":0,"786":0,"787":0,"788":0,"789":0,"790":0,"791":0,"792":0,"793":0,"794":0,"795":0,"796":0,"797":0,"798":1,"799":0,"800":0,"801":0,"802":0,"803":0,"804":0,"805":0,"806":0,"807":0,"808":0,"809":0,"810":0,"811":0,"812":0,"813":0,"814":0,"815":0,"816":0,"817":0,"818":0,"819":0,"820":0,"821":0,"822":0,"823":0,"824":1,"825":0,"826":0,"827":0,"828":0,"829":0,"830":0,"831":0,"832":0,"833":0,"834":0,"835":0,"836":0,"837":0,"838":0,"839":0,"840":0,"841":0,"842":0,"843":0,"844":0,"845":0,"846":0,"847":0,"848":0,"849":1,"850":0,"851":0,"852":0,"853":0,"854":0,"855":0,"856":0,"857":0,"858":0,"859":0,"860":0,"861":0,"862":0,"863":0,"864":0,"865":0,"866":1,"867":0,"868":0,"869":0,"870":0,"871":0,"872":0,"873":0,"874":0,"875":0,"876":0,"877":0,"878":0,"879":0,"880":0,"881":0,"882":0,"883":0,"884":0,"885":0,"886":0,"887":0,"888":0,"889":0,"890":0,"891":0,"892":1,"893":0,"894":0,"895":0,"896":0,"897":0,"898":0,"899":0,"900":0,"901":0,"902":0,"903":0,"904":0,"905":0,"906":0,"907":0,"908":0,"909":0,"910":0,"911":0,"912":1,"913":0,"914":0,"915":0,"916":0,"917":0,"918":0,"919":0,"920":0,"921":0,"922":1,"923":0,"924":0,"925":0,"926":0,"927":0,"928":0,"929":0,"930":0,"931":0,"932":0,"933":0,"934":0,"935":0,"936":0,"937":0,"938":0,"939":0,"940":0,"941":0,"942":1,"943":1,"944":1,"945":1,"946":1,"947":0,"948":1,"949":1,"950":0,"951":1,"952":0,"953":1,"954":1,"955":0,"956":1,"957":0,"958":1,"959":1,"960":1,"961":1,"962":1,"963":1,"964":1,"965":1,"966":1,"967":1,"968":0,"969":0,"970":1,"971":0,"972":1,"973":1,"974":1,"975":1,"976":1,"977":0,"978":1,"979":0,"980":0,"981":0,"982":0,"983":0,"984":0,"985":0,"986":0,"987":1,"988":1,"989":1,"990":1,"991":1,"992":1,"993":0,"994":1,"995":0,"996":1,"997":0,"998":1,"999":1,"1000":0,"1001":1,"1002":1,"1003":0,"1004":1,"1005":1,"1006":1,"1007":1,"1008":0,"1009":0,"1010":0,"1011":0,"1012":1,"1013":1,"1014":1,"1015":1,"1016":0,"1017":0,"1018":0,"1019":0,"1020":0,"1021":0,"1022":0,"1023":0,"1024":0,"1025":1,"1026":1,"1027":1,"1028":1,"1029":1,"1030":0,"1031":0,"1032":0,"1033":0,"1034":0,"1035":1,"1036":1,"1037":1,"1038":1,"1039":1,"1040":1,"1041":1,"1042":0,"1043":1,"1044":2,"1045":2,"1046":2,"1047":2,"1048":2,"1049":2,"1050":0,"1051":2,"1052":1,"1053":1,"1054":1,"1055":1,"1056":1,"1057":1,"1058":0,"1059":1,"1060":0,"1061":0,"1062":0,"1063":0,"1064":0,"1065":0,"1066":0,"1067":0,"1068":0,"1069":0,"1070":0,"1071":1,"1072":0,"1073":0,"1074":0,"1075":0,"1076":0,"1077":0,"1078":0,"1079":1,"1080":0,"1081":0,"1082":0,"1083":0,"1084":0,"1085":0,"1086":0,"1087":0,"1088":0,"1089":0,"1090":0,"1091":0,"1092":0,"1093":0,"1094":1,"1095":0,"1096":0,"1097":0,"1098":0,"1099":0,"1100":0,"1101":0,"1102":0,"1103":0,"1104":1,"1105":0,"1106":0,"1107":0,"1108":0,"1109":0,"1110":0,"1111":0,"1112":0,"1113":0,"1114":0,"1115":0,"1116":0,"1117":0,"1118":0,"1119":0,"1120":0,"1121":0,"1122":0,"1123":0,"1124":1,"1125":0,"1126":0,"1127":0,"1128":0,"1129":0,"1130":0,"1131":0,"1132":0,"1133":0,"1134":1,"1135":0,"1136":0,"1137":0,"1138":0,"1139":0,"1140":0,"1141":0,"1142":0,"1143":0,"1144":0,"1145":0,"1146":0,"1147":0,"1148":0,"1149":0,"1150":0,"1151":0,"1152":0,"1153":1,"1154":0,"1155":0,"1156":0,"1157":0,"1158":0,"1159":0,"1160":0,"1161":0,"1162":0,"1163":0,"1164":0,"1165":0,"1166":0,"1167":0,"1168":0,"1169":0,"1170":0,"1171":0,"1172":1,"1173":0,"1174":0,"1175":0,"1176":0,"1177":0,"1178":0,"1179":0,"1180":0,"1181":0,"1182":0,"1183":0,"1184":0,"1185":1,"1186":0,"1187":0,"1188":0,"1189":0,"1190":0,"1191":0,"1192":0,"1193":1,"1194":0,"1195":0,"1196":0,"1197":0,"1198":0,"1199":0,"1200":0,"1201":0,"1202":0,"1203":0,"1204":0,"1205":1,"1206":0,"1207":0,"1208":0,"1209":0,"1210":0,"1211":0,"1212":0,"1213":0,"1214":0,"1215":0,"1216":0,"1217":0,"1218":0,"1219":0,"1220":0,"1221":0,"1222":1,"1223":0,"1224":0,"1225":0,"1226":0,"1227":0,"1228":0,"1229":0,"1230":1,"1231":0,"1232":0,"1233":0,"1234":0,"1235":0,"1236":0,"1237":0,"1238":0,"1239":0,"1240":0,"1241":0,"1242":0,"1243":0,"1244":0,"1245":0,"1246":0,"1247":0,"1248":0,"1249":0,"1250":0,"1251":0,"1252":0,"1253":0,"1254":0,"1255":0,"1256":0,"1257":0,"1258":0,"1259":0,"1260":0,"1261":1,"1262":0,"1263":0,"1264":0,"1265":0,"1266":0,"1267":0,"1268":0,"1269":0,"1270":0,"1271":0,"1272":0,"1273":0,"1274":0,"1275":1,"1276":0,"1277":0,"1278":0,"1279":0,"1280":0,"1281":0,"1282":0,"1283":0,"1284":0,"1285":0,"1286":0,"1287":0,"1288":0,"1289":0,"1290":0,"1291":0,"1292":1,"1293":1,"1294":1,"1295":1,"1296":1,"1297":1,"1298":1,"1299":0,"1300":1,"1301":0,"1302":1,"1303":1,"1304":0,"1305":1,"1306":1,"1307":0,"1308":1,"1309":1,"1310":0,"1311":1,"1312":1,"1313":1,"1314":1,"1315":1,"1316":1,"1317":1,"1318":1,"1319":0,"1320":1,"1321":1,"1322":1,"1323":1,"1324":1,"1325":0,"1326":1,"1327":0,"1328":1,"1329":1,"1330":0,"1331":1,"1332":0,"1333":1,"1334":0,"1335":0,"1336":0,"1337":0,"1338":0,"1339":0,"1340":0,"1341":0,"1342":0,"1343":0,"1344":1,"1345":0,"1346":0,"1347":0,"1348":0,"1349":0,"1350":0,"1351":1,"1352":0,"1353":0,"1354":0,"1355":0,"1356":0,"1357":0,"1358":0,"1359":0,"1360":0,"1361":0,"1362":0,"1363":0,"1364":0,"1365":0,"1366":0,"1367":0,"1368":0,"1369":0,"1370":0,"1371":0,"1372":0,"1373":0,"1374":0,"1375":0,"1376":0,"1377":0,"1378":0,"1379":0,"1380":0,"1381":0,"1382":0,"1383":0,"1384":0,"1385":0,"1386":0,"1387":0,"1388":0,"1389":0,"1390":0,"1391":0,"1392":0,"1393":0,"1394":0,"1395":0,"1396":0,"1397":0,"1398":0,"1399":0,"1400":0,"1401":0,"1402":0,"1403":1,"1404":0,"1405":0,"1406":0,"1407":0,"1408":0,"1409":0,"1410":0,"1411":0,"1412":0,"1413":0,"1414":0,"1415":0,"1416":0,"1417":0,"1418":0,"1419":0,"1420":0,"1421":1,"1422":0,"1423":0,"1424":0,"1425":0,"1426":0,"1427":0,"1428":0,"1429":0,"1430":0,"1431":0,"1432":0,"1433":1,"1434":0,"1435":0,"1436":0,"1437":0,"1438":0,"1439":0,"1440":0,"1441":1,"1442":0,"1443":0,"1444":0,"1445":0,"1446":0,"1447":0,"1448":0,"1449":0,"1450":0,"1451":0,"1452":0,"1453":0,"1454":0,"1455":0,"1456":0,"1457":0,"1458":0,"1459":1,"1460":0,"1461":0,"1462":0,"1463":0,"1464":0,"1465":0,"1466":0,"1467":0,"1468":0,"1469":0,"1470":0,"1471":0,"1472":0,"1473":0,"1474":1,"1475":0,"1476":1,"1477":0,"1478":0,"1479":0,"1480":0,"1481":0,"1482":0,"1483":0,"1484":0,"1485":1,"1486":0,"1487":0,"1488":0,"1489":0,"1490":0,"1491":0,"1492":1,"1493":0,"1494":0,"1495":0,"1496":1},"f":{"0":1,"1":20,"2":41,"3":6,"4":3,"5":6,"6":28,"7":10,"8":14,"9":10,"10":10,"11":8,"12":7,"13":7,"14":0,"15":3,"16":2,"17":0,"18":0,"19":0,"20":0,"21":0,"22":8,"23":4,"24":0,"25":0,"26":5,"27":2,"28":4,"29":2,"30":20,"31":32,"32":2,"33":8,"34":120,"35":20,"36":20,"37":20,"38":20,"39":20,"40":20,"41":1,"42":1,"43":0,"44":0,"45":3,"46":6,"47":0,"48":1,"49":0,"50":10,"51":96,"52":1,"53":0,"54":0,"55":0,"56":0,"57":0,"58":0,"59":0,"60":0,"61":0,"62":0,"63":0,"64":0,"65":0,"66":0,"67":0,"68":0,"69":0,"70":0,"71":0,"72":0,"73":0,"74":0,"75":0,"76":0,"77":0,"78":0,"79":0,"80":0,"81":0,"82":0,"83":0,"84":0,"85":0,"86":0,"87":0,"88":0,"89":0,"90":0,"91":0,"92":0,"93":0,"94":1,"95":1,"96":0,"97":1,"98":2,"99":0,"100":0,"101":0,"102":0,"103":0,"104":0,"105":0,"106":0,"107":0,"108":0,"109":0,"110":0,"111":0,"112":0,"113":0,"114":0,"115":0,"116":0,"117":0,"118":0,"119":0,"120":0,"121":0,"122":0,"123":0,"124":0,"125":0,"126":0,"127":0,"128":1,"129":1,"130":1,"131":0,"132":0,"133":0,"134":0,"135":0,"136":0,"137":0,"138":0,"139":0,"140":0,"141":0,"142":0,"143":0,"144":0,"145":0,"146":0,"147":0,"148":0,"149":0,"150":0,"151":0,"152":0,"153":0,"154":0,"155":0,"156":0,"157":0,"158":0,"159":0},"b":{"0":[1,0],"1":[1,0],"2":[1,0],"3":[1,0],"4":[1,0],"5":[20,0],"6":[0],"7":[0,41],"8":[6,0],"9":[6,0],"10":[0,6],"11":[0,6],"12":[0,6],"13":[6,6,6],"14":[10,0],"15":[14,0],"16":[10,0],"17":[0,10],"18":[0,10],"19":[10,10],"20":[0,10],"21":[10,10,10],"22":[10,0],"23":[10,1],"24":[9,1],"25":[1,0],"26":[1,0],"27":[0,0],"28":[8,0],"29":[7,0],"30":[7,0],"31":[7,0],"32":[7,0],"33":[0,0],"34":[0,0],"35":[0,0],"36":[3,0],"37":[2,0],"38":[0,2],"39":[1,1],"40":[1,0],"41":[0,0],"42":[0,0],"43":[0,0],"44":[0,0],"45":[0,0],"46":[0,0],"47":[0,0],"48":[0,0],"49":[0,0],"50":[0],"51":[0,0],"52":[0,0],"53":[0,0],"54":[0,0],"55":[0,0],"56":[0,0],"57":[0,0],"58":[0,0],"59":[0,0],"60":[0,0],"61":[0],"62":[0,0],"63":[0,0],"64":[4,0],"65":[0,4],"66":[0,0],"67":[0,0],"68":[0,0],"69":[0,0],"70":[0,0],"71":[0],"72":[5,0],"73":[5,0],"74":[5,0],"75":[0,0],"76":[0],"77":[0],"78":[2,0],"79":[0,2],"80":[2,2,2,0,0],"81":[0,2],"82":[2,0],"83":[2,0],"84":[2,2],"85":[2,2,2],"86":[20,0],"87":[20,20],"88":[20,0],"89":[20,20],"90":[0,32],"91":[0,32],"92":[32,32],"93":[0,0],"94":[1,1],"95":[0,2],"96":[2,2,2],"97":[0,2],"98":[8,0],"99":[8,0],"100":[8,0,0],"101":[0,0],"102":[0,0,0],"103":[117,3],"104":[3,0],"105":[0,3],"106":[20,0],"107":[20,0],"108":[0,20],"109":[20,7,6,14,14],"110":[3,17],"111":[20,13],"112":[6,14],"113":[20,13],"114":[0,20],"115":[20,4],"116":[0,20],"117":[20,4],"118":[1,19],"119":[20,13],"120":[0,20],"121":[20,13],"122":[0,20],"123":[20,13],"124":[0,20],"125":[20,1],"126":[0,20],"127":[20,1],"128":[0,0],"129":[0,0],"130":[0,20],"131":[20,13],"132":[0,20],"133":[20,13],"134":[0,20],"135":[20,13],"136":[0,20],"137":[20,13],"138":[0,20],"139":[20,13],"140":[0,20],"141":[20,1],"142":[1,19],"143":[20,13],"144":[1,19],"145":[20,13],"146":[0,20],"147":[20,1],"148":[0,20],"149":[20,1],"150":[0,20],"151":[20,13],"152":[0,20],"153":[20,13],"154":[1,19],"155":[20,13],"156":[1,19],"157":[20,4],"158":[1,19],"159":[20,1],"160":[0,20],"161":[20,13],"162":[4,16],"163":[0,20],"164":[20,0],"165":[0,0],"166":[20,20],"167":[20,20],"168":[20,20],"169":[0,20],"170":[20,11],"171":[2,18],"172":[2,0],"173":[2,2],"174":[0,2],"175":[2,0],"176":[0,0],"177":[2,0],"178":[1,0],"179":[1,0],"180":[1,0],"181":[0,0],"182":[0,0],"183":[3,0],"184":[3,0],"185":[3,0],"186":[0,3],"187":[3,3,3],"188":[0,3],"189":[0,0],"190":[0,0],"191":[6,0],"192":[0,6],"193":[0,6],"194":[0,6],"195":[6,0],"196":[0,6],"197":[0,6],"198":[6,6],"199":[0,6],"200":[0,0],"201":[6,6],"202":[6,0],"203":[6,0],"204":[6,0],"205":[6,0],"206":[0,0],"207":[0,0],"208":[1,0],"209":[0,1],"210":[0,1],"211":[1,0],"212":[0,1],"213":[1,1],"214":[1,0],"215":[1,0],"216":[1,1],"217":[0,1],"218":[1,1,1],"219":[0,0],"220":[0,0],"221":[0,0],"222":[0,0],"223":[0,0],"224":[0,10],"225":[1,9],"226":[0,9],"227":[9,0],"228":[0,9],"229":[9,9],"230":[9,0],"231":[9,0],"232":[0,9],"233":[9,0],"234":[9,0],"235":[9,0],"236":[0,9],"237":[9,2],"238":[7,2],"239":[7,0],"240":[7,0],"241":[95,1],"242":[1,0],"243":[3,4],"244":[3,3],"245":[7,7],"246":[0,7],"247":[0,0],"248":[7,7],"249":[7,7],"250":[7,6],"251":[7,6],"252":[7,6],"253":[7,6],"254":[7,6],"255":[7,6],"256":[7,6],"257":[7,6],"258":[7,6],"259":[7,6],"260":[7,6],"261":[7,6],"262":[0,7],"263":[7,1],"264":[0,7],"265":[7,2],"266":[0,0],"267":[0,0],"268":[0,0],"269":[0,42],"270":[42,3],"271":[7,7],"272":[0,7],"273":[7,0],"274":[0,1],"275":[1,1],"276":[1,0],"277":[1,0],"278":[1,0],"279":[1,0],"280":[0,0],"281":[0,0],"282":[0,0],"283":[0,0],"284":[0,0],"285":[0,0],"286":[0,0],"287":[0,0],"288":[0,0],"289":[0,0],"290":[0,0],"291":[0,0],"292":[0,0],"293":[0,0],"294":[0,0],"295":[0,0],"296":[0,0],"297":[0,0],"298":[0,0],"299":[0,0],"300":[0,0],"301":[0,0],"302":[0,0],"303":[0,0],"304":[0,0],"305":[0,0],"306":[0,0],"307":[0,0],"308":[0,0],"309":[0,0],"310":[0,0],"311":[0,0],"312":[0,0],"313":[0,0],"314":[0,0],"315":[0,0],"316":[0,0],"317":[0,0],"318":[0,0],"319":[0,0],"320":[0,0],"321":[0,0],"322":[0,0],"323":[0,0],"324":[0,0,0],"325":[0,0],"326":[0,0],"327":[0,0],"328":[0,0],"329":[0,0],"330":[0,0],"331":[0,0],"332":[0,0],"333":[0,0],"334":[0,0],"335":[0,0],"336":[0,0],"337":[0,0],"338":[0,0],"339":[0,0],"340":[0,0],"341":[0,0],"342":[0,0],"343":[0,0],"344":[0,0,0,0,0],"345":[0,0],"346":[0,0],"347":[0,0],"348":[0,0],"349":[0,0],"350":[0,0,0],"351":[0,0],"352":[0,0,0],"353":[0,0],"354":[0,0],"355":[0,0],"356":[0,0],"357":[0,0],"358":[0,0],"359":[0,0],"360":[0,0],"361":[0,0],"362":[0,0],"363":[0,0],"364":[0,0],"365":[0,0],"366":[0,0],"367":[0,0],"368":[0,0],"369":[0,0],"370":[0,0],"371":[0,0],"372":[0,0],"373":[0,0],"374":[0,0],"375":[0,0],"376":[0,0],"377":[0,0],"378":[0,0],"379":[0,0],"380":[0,0],"381":[0,0],"382":[0,0],"383":[0,0],"384":[0,0],"385":[0,0],"386":[0,0],"387":[0,0],"388":[0,0],"389":[0,0],"390":[0,0],"391":[0,0],"392":[0,0],"393":[0,0],"394":[0,0],"395":[0,0],"396":[0,0],"397":[0,0],"398":[0,0],"399":[0,0],"400":[0,0],"401":[0,0],"402":[0,0],"403":[0,0],"404":[0,0],"405":[0,0],"406":[0,0],"407":[0,0],"408":[0,0],"409":[0,0],"410":[0,0],"411":[0,0],"412":[0,0],"413":[0,0],"414":[0,0],"415":[0,0],"416":[0,0],"417":[0,0,0,0],"418":[0,0],"419":[0,0],"420":[0,0],"421":[0,0],"422":[0,0],"423":[0,0],"424":[0,0],"425":[0,0],"426":[0,0],"427":[0,0],"428":[0,0],"429":[0,0],"430":[0,0],"431":[0,0],"432":[0,0],"433":[0,0],"434":[0,0],"435":[0,0],"436":[0,0],"437":[0,0],"438":[0,0],"439":[0,0],"440":[0,0],"441":[0,0],"442":[0,0],"443":[0,0],"444":[0,0],"445":[0,0],"446":[0,0],"447":[0,0],"448":[0,0],"449":[0,0],"450":[0,0],"451":[0,0],"452":[0,0],"453":[0,0],"454":[0,0],"455":[0,0],"456":[0,0],"457":[0,0],"458":[0,0],"459":[0,0],"460":[0,0],"461":[0,0],"462":[0,0],"463":[0,0],"464":[0,0],"465":[0,0],"466":[0,0,0],"467":[0,0],"468":[0,0],"469":[0,0],"470":[0,0,0,0],"471":[0,0],"472":[0,0],"473":[0,0],"474":[0,0],"475":[0,0],"476":[0,0],"477":[0,0],"478":[0,0],"479":[0,0],"480":[0,0],"481":[0,0],"482":[0,0],"483":[0,0],"484":[0,1],"485":[1,1,1,1,1],"486":[0,1],"487":[0,1],"488":[0,1],"489":[0,1],"490":[1,1],"491":[1,0],"492":[1,0],"493":[1,0],"494":[1,0],"495":[0,0],"496":[0,1],"497":[1,0],"498":[0,1],"499":[1,1],"500":[0,1],"501":[1,1],"502":[0,1],"503":[0,1],"504":[1,1],"505":[1,1,1,1],"506":[0,1],"507":[1,1,0,0],"508":[1,1,1,1],"509":[1,0],"510":[0,1],"511":[1,0,0],"512":[0,0],"513":[0,0],"514":[1,1],"515":[0,1],"516":[0,0],"517":[0,0],"518":[0,0],"519":[0,0],"520":[0,0],"521":[0,0],"522":[0,0],"523":[0,0],"524":[0,0],"525":[0,0],"526":[0,0],"527":[0,1],"528":[0,1],"529":[1,0],"530":[0,1],"531":[1,0],"532":[2,0],"533":[2,0],"534":[0,2],"535":[1,1],"536":[2,2],"537":[1,0],"538":[1,0],"539":[0,0],"540":[0,0],"541":[0,0],"542":[0,0],"543":[0,0],"544":[0,0],"545":[0,0],"546":[0,0],"547":[0,0],"548":[0,0],"549":[0,0],"550":[0,0],"551":[0,0],"552":[0,0],"553":[0,0],"554":[0,0],"555":[0,0],"556":[0,0],"557":[0,0],"558":[0,0],"559":[0,0],"560":[0,0],"561":[0,0],"562":[0,0],"563":[0,0],"564":[0,0],"565":[0,0],"566":[0,0],"567":[0,0],"568":[0,0],"569":[0,0],"570":[0,0],"571":[0,0],"572":[0,0],"573":[0,0],"574":[0,0],"575":[0,0],"576":[0,0],"577":[0,0],"578":[0,0],"579":[0,0],"580":[0,0],"581":[0,0],"582":[0,0],"583":[0,0],"584":[0,0],"585":[0,0],"586":[0,0],"587":[0,0],"588":[0,0],"589":[0,0],"590":[0,0],"591":[0,0],"592":[0,0],"593":[0,0],"594":[0,0],"595":[0,0],"596":[0,0],"597":[0,0],"598":[0,0],"599":[0,0],"600":[0,0],"601":[0,0],"602":[0,0],"603":[0,0],"604":[0,0],"605":[0,0],"606":[1,0],"607":[1,0],"608":[1,0],"609":[1,0],"610":[0,1],"611":[1,1,1],"612":[0,1],"613":[0,1],"614":[1,1],"615":[0,1],"616":[1,0],"617":[1,0],"618":[1,0,0],"619":[1,0],"620":[1,0],"621":[0,1],"622":[1,1],"623":[0,1],"624":[1,0,0],"625":[0,1],"626":[0,0],"627":[0,0],"628":[0,0],"629":[0,0],"630":[0,0],"631":[0,0],"632":[0,0],"633":[0,0],"634":[0,0],"635":[0,0],"636":[0,0],"637":[0,0,0,0],"638":[0,0],"639":[0,0],"640":[0,0],"641":[0,0],"642":[0,0],"643":[0,0],"644":[0,0],"645":[0,0],"646":[0,0],"647":[0,0],"648":[0,0],"649":[0,0],"650":[0,0],"651":[0,0],"652":[0,0],"653":[0,0],"654":[0,0],"655":[0,0],"656":[0,0],"657":[0,0],"658":[0,0,0,0,0],"659":[0,0],"660":[0,0],"661":[0,0],"662":[0,0],"663":[0,0],"664":[0,0],"665":[0,0],"666":[0,0],"667":[0,0],"668":[0,0],"669":[0,0],"670":[0,0],"671":[0,0],"672":[0,0],"673":[0,0],"674":[0,0],"675":[0,0],"676":[0,0],"677":[0,0],"678":[0,0],"679":[0,0],"680":[0,1],"681":[0,0],"682":[0,0]},"_coverageSchema":"1a1c01bbd47fc00a2c39e90264f33305004495a9","hash":"6174145a9da0a74f194b20ef0c8a8e315121f161"}
}
