TN:
SF:server.js
FN:19,(anonymous_0)
FN:23,generateRequestId
FN:30,logStructured
FN:46,escapeRegex
FN:50,hashPassword
FN:58,verifyPassword
FN:79,base64UrlEncode
FN:87,base64UrlDecode
FN:95,signJwt
FN:116,verifyJwt
FN:146,getBearerToken
FN:155,hashToken
FN:159,issueAccessToken
FN:171,issueRefreshToken
FN:184,(anonymous_14)
FN:193,isObjectId
FN:197,statusToCode
FN:209,ensureSelfOrAdmin
FN:215,getPagination
FN:228,buildPaginationResponse
FN:245,getCache
FN:255,setCache
FN:262,invalidateCachePrefix
FN:270,invalidateRealtimeCachesForUser
FN:278,addEventClient
FN:286,removeEventClient
FN:296,pushEvent
FN:311,pushEventToMany
FN:313,(anonymous_28)
FN:316,normalizeErrorPayload
FN:336,createValidationHelpers
FN:340,(anonymous_31)
FN:350,(anonymous_32)
FN:361,(anonymous_33)
FN:372,(anonymous_34)
FN:384,validateApiRequest
FN:515,(anonymous_36)
FN:523,(anonymous_37)
FN:539,(anonymous_38)
FN:553,(anonymous_39)
FN:555,(anonymous_40)
FN:574,connectDatabase
FN:577,(anonymous_42)
FN:584,(anonymous_43)
FN:634,(anonymous_44)
FN:723,(anonymous_45)
FN:761,(anonymous_46)
FN:823,(anonymous_47)
FN:838,(anonymous_48)
FN:881,(anonymous_49)
FN:906,(anonymous_50)
FN:955,(anonymous_51)
FN:1015,(anonymous_52)
FN:1038,(anonymous_53)
FN:1051,(anonymous_54)
FN:1070,(anonymous_55)
FN:1075,(anonymous_56)
FN:1086,(anonymous_57)
FN:1110,(anonymous_58)
FN:1119,(anonymous_59)
FN:1135,(anonymous_60)
FN:1151,(anonymous_61)
FN:1159,(anonymous_62)
FN:1171,(anonymous_63)
FN:1198,(anonymous_64)
FN:1218,(anonymous_65)
FN:1257,(anonymous_66)
FN:1293,(anonymous_67)
FN:1340,(anonymous_68)
FN:1353,(anonymous_69)
FN:1376,(anonymous_70)
FN:1434,(anonymous_71)
FN:1449,(anonymous_72)
FN:1451,(anonymous_73)
FN:1453,(anonymous_74)
FN:1465,(anonymous_75)
FN:1528,(anonymous_76)
FN:1594,(anonymous_77)
FN:1654,(anonymous_78)
FN:1674,(anonymous_79)
FN:1675,(anonymous_80)
FN:1733,(anonymous_81)
FN:1749,(anonymous_82)
FN:1750,(anonymous_83)
FN:1770,(anonymous_84)
FN:1789,(anonymous_85)
FN:1790,(anonymous_86)
FN:1791,(anonymous_87)
FN:1792,(anonymous_88)
FN:1793,(anonymous_89)
FN:1794,(anonymous_90)
FN:1804,(anonymous_91)
FN:1860,(anonymous_92)
FN:1877,(anonymous_93)
FN:1926,(anonymous_94)
FN:2010,(anonymous_95)
FN:2020,(anonymous_96)
FN:2052,(anonymous_97)
FN:2201,(anonymous_98)
FN:2229,(anonymous_99)
FN:2248,(anonymous_100)
FN:2267,(anonymous_101)
FN:2296,(anonymous_102)
FN:2323,(anonymous_103)
FN:2354,(anonymous_104)
FN:2376,(anonymous_105)
FN:2408,(anonymous_106)
FN:2414,(anonymous_107)
FN:2481,(anonymous_108)
FN:2522,(anonymous_109)
FN:2540,(anonymous_110)
FN:2558,(anonymous_111)
FN:2585,(anonymous_112)
FN:2600,(anonymous_113)
FN:2621,(anonymous_114)
FN:2622,(anonymous_115)
FN:2623,(anonymous_116)
FN:2624,(anonymous_117)
FN:2625,(anonymous_118)
FN:2626,(anonymous_119)
FN:2627,(anonymous_120)
FN:2628,(anonymous_121)
FN:2637,(anonymous_122)
FN:2646,(anonymous_123)
FN:2654,(anonymous_124)
FN:2668,(anonymous_125)
FN:2670,(anonymous_126)
FN:2672,(anonymous_127)
FN:2684,(anonymous_128)
FN:2729,(anonymous_129)
FN:2743,(anonymous_130)
FN:2768,(anonymous_131)
FN:2775,(anonymous_132)
FN:2776,(anonymous_133)
FN:2792,(anonymous_134)
FN:2799,(anonymous_135)
FN:2819,(anonymous_136)
FN:2842,(anonymous_137)
FN:2849,(anonymous_138)
FN:2850,(anonymous_139)
FN:2851,(anonymous_140)
FN:2852,(anonymous_141)
FN:2853,(anonymous_142)
FN:2866,(anonymous_143)
FN:2874,(anonymous_144)
FN:2882,(anonymous_145)
FN:2890,(anonymous_146)
FN:2899,(anonymous_147)
FN:2911,(anonymous_148)
FN:2932,(anonymous_149)
FN:2946,(anonymous_150)
FN:2961,(anonymous_151)
FN:2985,(anonymous_152)
FN:2998,(anonymous_153)
FN:3026,(anonymous_154)
FN:3047,(anonymous_155)
FN:3051,(anonymous_156)
FN:3080,startServer
FN:3083,(anonymous_158)
FN:3090,(anonymous_159)
FNF:160
FNH:48
FNDA:1,(anonymous_0)
FNDA:20,generateRequestId
FNDA:41,logStructured
FNDA:6,escapeRegex
FNDA:3,hashPassword
FNDA:6,verifyPassword
FNDA:28,base64UrlEncode
FNDA:10,base64UrlDecode
FNDA:14,signJwt
FNDA:10,verifyJwt
FNDA:10,getBearerToken
FNDA:8,hashToken
FNDA:7,issueAccessToken
FNDA:7,issueRefreshToken
FNDA:0,(anonymous_14)
FNDA:3,isObjectId
FNDA:2,statusToCode
FNDA:0,ensureSelfOrAdmin
FNDA:0,getPagination
FNDA:0,buildPaginationResponse
FNDA:0,getCache
FNDA:0,setCache
FNDA:8,invalidateCachePrefix
FNDA:4,invalidateRealtimeCachesForUser
FNDA:0,addEventClient
FNDA:0,removeEventClient
FNDA:5,pushEvent
FNDA:2,pushEventToMany
FNDA:4,(anonymous_28)
FNDA:2,normalizeErrorPayload
FNDA:20,createValidationHelpers
FNDA:32,(anonymous_31)
FNDA:2,(anonymous_32)
FNDA:8,(anonymous_33)
FNDA:120,(anonymous_34)
FNDA:20,validateApiRequest
FNDA:20,(anonymous_36)
FNDA:20,(anonymous_37)
FNDA:20,(anonymous_38)
FNDA:20,(anonymous_39)
FNDA:20,(anonymous_40)
FNDA:1,connectDatabase
FNDA:1,(anonymous_42)
FNDA:0,(anonymous_43)
FNDA:0,(anonymous_44)
FNDA:3,(anonymous_45)
FNDA:6,(anonymous_46)
FNDA:0,(anonymous_47)
FNDA:1,(anonymous_48)
FNDA:0,(anonymous_49)
FNDA:10,(anonymous_50)
FNDA:96,(anonymous_51)
FNDA:1,(anonymous_52)
FNDA:0,(anonymous_53)
FNDA:0,(anonymous_54)
FNDA:0,(anonymous_55)
FNDA:0,(anonymous_56)
FNDA:0,(anonymous_57)
FNDA:0,(anonymous_58)
FNDA:0,(anonymous_59)
FNDA:0,(anonymous_60)
FNDA:0,(anonymous_61)
FNDA:0,(anonymous_62)
FNDA:0,(anonymous_63)
FNDA:0,(anonymous_64)
FNDA:0,(anonymous_65)
FNDA:0,(anonymous_66)
FNDA:0,(anonymous_67)
FNDA:0,(anonymous_68)
FNDA:0,(anonymous_69)
FNDA:0,(anonymous_70)
FNDA:0,(anonymous_71)
FNDA:0,(anonymous_72)
FNDA:0,(anonymous_73)
FNDA:0,(anonymous_74)
FNDA:0,(anonymous_75)
FNDA:0,(anonymous_76)
FNDA:0,(anonymous_77)
FNDA:0,(anonymous_78)
FNDA:0,(anonymous_79)
FNDA:0,(anonymous_80)
FNDA:0,(anonymous_81)
FNDA:0,(anonymous_82)
FNDA:0,(anonymous_83)
FNDA:0,(anonymous_84)
FNDA:0,(anonymous_85)
FNDA:0,(anonymous_86)
FNDA:0,(anonymous_87)
FNDA:0,(anonymous_88)
FNDA:0,(anonymous_89)
FNDA:0,(anonymous_90)
FNDA:0,(anonymous_91)
FNDA:0,(anonymous_92)
FNDA:0,(anonymous_93)
FNDA:1,(anonymous_94)
FNDA:1,(anonymous_95)
FNDA:0,(anonymous_96)
FNDA:1,(anonymous_97)
FNDA:2,(anonymous_98)
FNDA:0,(anonymous_99)
FNDA:0,(anonymous_100)
FNDA:0,(anonymous_101)
FNDA:0,(anonymous_102)
FNDA:0,(anonymous_103)
FNDA:0,(anonymous_104)
FNDA:0,(anonymous_105)
FNDA:0,(anonymous_106)
FNDA:0,(anonymous_107)
FNDA:0,(anonymous_108)
FNDA:0,(anonymous_109)
FNDA:0,(anonymous_110)
FNDA:0,(anonymous_111)
FNDA:0,(anonymous_112)
FNDA:0,(anonymous_113)
FNDA:0,(anonymous_114)
FNDA:0,(anonymous_115)
FNDA:0,(anonymous_116)
FNDA:0,(anonymous_117)
FNDA:0,(anonymous_118)
FNDA:0,(anonymous_119)
FNDA:0,(anonymous_120)
FNDA:0,(anonymous_121)
FNDA:0,(anonymous_122)
FNDA:0,(anonymous_123)
FNDA:0,(anonymous_124)
FNDA:0,(anonymous_125)
FNDA:0,(anonymous_126)
FNDA:0,(anonymous_127)
FNDA:1,(anonymous_128)
FNDA:1,(anonymous_129)
FNDA:1,(anonymous_130)
FNDA:0,(anonymous_131)
FNDA:0,(anonymous_132)
FNDA:0,(anonymous_133)
FNDA:0,(anonymous_134)
FNDA:0,(anonymous_135)
FNDA:0,(anonymous_136)
FNDA:0,(anonymous_137)
FNDA:0,(anonymous_138)
FNDA:0,(anonymous_139)
FNDA:0,(anonymous_140)
FNDA:0,(anonymous_141)
FNDA:0,(anonymous_142)
FNDA:0,(anonymous_143)
FNDA:0,(anonymous_144)
FNDA:0,(anonymous_145)
FNDA:0,(anonymous_146)
FNDA:0,(anonymous_147)
FNDA:0,(anonymous_148)
FNDA:0,(anonymous_149)
FNDA:0,(anonymous_150)
FNDA:0,(anonymous_151)
FNDA:0,(anonymous_152)
FNDA:0,(anonymous_153)
FNDA:0,(anonymous_154)
FNDA:0,(anonymous_155)
FNDA:0,(anonymous_156)
FNDA:0,startServer
FNDA:0,(anonymous_158)
FNDA:0,(anonymous_159)
DA:1,1
DA:2,1
DA:3,1
DA:4,1
DA:6,1
DA:8,1
DA:9,1
DA:10,1
DA:11,1
DA:12,1
DA:13,1
DA:14,1
DA:15,1
DA:16,1
DA:17,1
DA:19,1
DA:21,1
DA:24,20
DA:25,20
DA:27,0
DA:31,41
DA:38,41
DA:39,41
DA:40,0
DA:42,41
DA:47,6
DA:51,3
DA:52,3
DA:55,3
DA:59,6
DA:60,6
DA:62,0
DA:65,6
DA:66,6
DA:68,6
DA:69,6
DA:70,6
DA:71,6
DA:73,6
DA:76,6
DA:80,28
DA:88,10
DA:91,10
DA:92,10
DA:96,14
DA:97,14
DA:102,14
DA:103,14
DA:104,14
DA:105,14
DA:106,14
DA:113,14
DA:117,10
DA:118,10
DA:119,0
DA:121,10
DA:122,10
DA:123,10
DA:131,10
DA:132,10
DA:133,10
DA:134,0
DA:137,10
DA:138,10
DA:139,10
DA:140,10
DA:141,0
DA:143,10
DA:147,10
DA:148,10
DA:149,1
DA:150,1
DA:151,0
DA:152,0
DA:156,8
DA:160,7
DA:172,7
DA:185,0
DA:186,0
DA:187,0
DA:188,0
DA:189,0
DA:194,3
DA:198,2
DA:199,2
DA:200,2
DA:201,1
DA:202,0
DA:203,0
DA:204,0
DA:205,0
DA:206,0
DA:210,0
DA:211,0
DA:212,0
DA:216,0
DA:217,0
DA:218,0
DA:219,0
DA:220,0
DA:221,0
DA:222,0
DA:223,0
DA:224,0
DA:225,0
DA:229,0
DA:230,0
DA:231,0
DA:244,1
DA:246,0
DA:247,0
DA:248,0
DA:249,0
DA:250,0
DA:252,0
DA:256,0
DA:263,8
DA:264,0
DA:265,0
DA:271,4
DA:272,4
DA:273,4
DA:274,4
DA:277,1
DA:279,0
DA:280,0
DA:281,0
DA:283,0
DA:287,0
DA:288,0
DA:289,0
DA:290,0
DA:291,0
DA:292,0
DA:297,5
DA:298,5
DA:299,0
DA:300,0
DA:305,0
DA:306,0
DA:307,0
DA:312,2
DA:313,4
DA:317,2
DA:318,0
DA:321,2
DA:325,2
DA:329,2
DA:337,20
DA:338,20
DA:340,20
DA:341,32
DA:342,32
DA:343,32
DA:344,0
DA:345,0
DA:347,32
DA:350,20
DA:351,2
DA:352,2
DA:353,0
DA:355,2
DA:356,2
DA:357,0
DA:361,20
DA:362,8
DA:363,8
DA:364,8
DA:366,0
DA:367,0
DA:368,0
DA:372,20
DA:373,120
DA:374,120
DA:375,3
DA:376,3
DA:377,0
DA:381,20
DA:385,20
DA:386,20
DA:387,20
DA:388,20
DA:390,20
DA:391,0
DA:394,20
DA:395,3
DA:396,3
DA:397,3
DA:399,20
DA:400,6
DA:401,6
DA:403,20
DA:404,0
DA:406,20
DA:407,0
DA:409,20
DA:410,1
DA:412,20
DA:415,20
DA:416,0
DA:418,20
DA:419,0
DA:421,20
DA:423,0
DA:424,0
DA:425,0
DA:428,20
DA:429,0
DA:430,0
DA:432,20
DA:433,0
DA:434,0
DA:436,20
DA:437,0
DA:438,0
DA:440,20
DA:441,0
DA:442,0
DA:444,20
DA:445,0
DA:446,0
DA:447,0
DA:449,20
DA:450,0
DA:451,0
DA:453,20
DA:454,1
DA:455,1
DA:456,1
DA:458,20
DA:459,1
DA:460,1
DA:461,1
DA:463,20
DA:464,0
DA:466,20
DA:467,0
DA:469,20
DA:470,0
DA:471,0
DA:473,20
DA:474,0
DA:475,0
DA:477,20
DA:478,1
DA:479,1
DA:480,1
DA:482,20
DA:483,1
DA:485,20
DA:486,1
DA:487,1
DA:489,20
DA:490,0
DA:491,0
DA:492,0
DA:495,20
DA:496,4
DA:497,4
DA:500,20
DA:501,20
DA:502,20
DA:503,20
DA:504,20
DA:505,20
DA:507,20
DA:508,0
DA:510,20
DA:514,1
DA:516,20
DA:517,0
DA:518,0
DA:521,1
DA:522,1
DA:523,1
DA:524,20
DA:525,20
DA:526,20
DA:528,20
DA:529,20
DA:531,20
DA:539,20
DA:540,20
DA:541,20
DA:551,20
DA:553,1
DA:554,20
DA:555,20
DA:556,20
DA:557,2
DA:558,2
DA:559,2
DA:560,0
DA:562,2
DA:565,2
DA:567,18
DA:569,20
DA:571,1
DA:573,1
DA:575,1
DA:576,1
DA:578,1
DA:582,1
DA:585,0
DA:589,0
DA:590,0
DA:593,1
DA:597,1
DA:624,1
DA:626,1
DA:634,0
DA:638,1
DA:640,1
DA:650,1
DA:652,1
DA:671,1
DA:672,1
DA:673,1
DA:674,1
DA:676,1
DA:678,1
DA:692,1
DA:694,1
DA:704,1
DA:705,1
DA:707,1
DA:709,1
DA:717,1
DA:718,1
DA:720,1
DA:723,1
DA:724,3
DA:725,3
DA:726,3
DA:727,3
DA:728,3
DA:729,0
DA:732,3
DA:733,3
DA:734,3
DA:735,3
DA:736,0
DA:737,0
DA:739,0
DA:742,3
DA:752,3
DA:753,3
DA:754,3
DA:756,0
DA:761,1
DA:762,6
DA:763,6
DA:764,6
DA:765,6
DA:769,6
DA:770,6
DA:773,6
DA:774,0
DA:775,0
DA:779,6
DA:780,0
DA:781,0
DA:782,0
DA:783,0
DA:788,6
DA:789,0
DA:790,0
DA:791,6
DA:792,0
DA:793,0
DA:794,0
DA:795,0
DA:799,6
DA:800,6
DA:801,6
DA:802,6
DA:803,6
DA:805,6
DA:819,0
DA:823,1
DA:824,0
DA:825,0
DA:826,0
DA:827,0
DA:830,0
DA:831,0
DA:832,0
DA:834,0
DA:838,1
DA:839,1
DA:840,1
DA:841,1
DA:842,0
DA:846,1
DA:847,1
DA:849,0
DA:851,1
DA:852,0
DA:855,1
DA:856,1
DA:857,0
DA:860,1
DA:861,1
DA:862,1
DA:863,0
DA:866,1
DA:867,1
DA:868,1
DA:869,1
DA:870,1
DA:872,1
DA:877,0
DA:881,1
DA:882,0
DA:883,0
DA:889,0
DA:890,0
DA:891,0
DA:903,0
DA:906,1
DA:907,10
DA:914,10
DA:915,0
DA:918,10
DA:919,10
DA:920,1
DA:924,9
DA:925,9
DA:927,0
DA:929,9
DA:930,0
DA:933,9
DA:934,9
DA:935,0
DA:937,9
DA:938,0
DA:941,9
DA:947,9
DA:948,0
DA:951,9
DA:952,7
DA:953,7
DA:955,7
DA:956,96
DA:957,96
DA:958,1
DA:961,7
DA:962,7
DA:963,7
DA:964,7
DA:965,7
DA:966,7
DA:967,7
DA:968,7
DA:969,7
DA:970,7
DA:971,7
DA:972,7
DA:973,7
DA:974,7
DA:975,7
DA:976,7
DA:977,7
DA:978,7
DA:980,7
DA:981,0
DA:984,7
DA:985,0
DA:986,0
DA:987,0
DA:991,7
DA:999,7
DA:1000,42
DA:1001,42
DA:1002,0
DA:1006,7
DA:1007,7
DA:1008,0
DA:1012,9
DA:1015,1
DA:1016,1
DA:1017,1
DA:1020,1
DA:1021,0
DA:1023,1
DA:1034,0
DA:1038,1
DA:1039,0
DA:1040,0
DA:1041,0
DA:1042,0
DA:1043,0
DA:1044,0
DA:1045,0
DA:1047,0
DA:1051,1
DA:1052,0
DA:1053,0
DA:1054,0
DA:1055,0
DA:1057,0
DA:1058,0
DA:1061,0
DA:1062,0
DA:1063,0
DA:1064,0
DA:1066,0
DA:1067,0
DA:1068,0
DA:1070,0
DA:1071,0
DA:1072,0
DA:1075,0
DA:1076,0
DA:1077,0
DA:1078,0
DA:1081,0
DA:1086,1
DA:1087,0
DA:1088,0
DA:1089,0
DA:1091,0
DA:1092,0
DA:1094,0
DA:1095,0
DA:1096,0
DA:1097,0
DA:1099,0
DA:1105,0
DA:1110,1
DA:1111,0
DA:1112,0
DA:1113,0
DA:1115,0
DA:1119,1
DA:1120,0
DA:1121,0
DA:1122,0
DA:1123,0
DA:1124,0
DA:1130,0
DA:1135,0
DA:1145,0
DA:1147,0
DA:1151,1
DA:1152,0
DA:1153,0
DA:1158,0
DA:1159,0
DA:1167,0
DA:1171,1
DA:1172,0
DA:1173,0
DA:1174,0
DA:1176,0
DA:1177,0
DA:1178,0
DA:1179,0
DA:1182,0
DA:1183,0
DA:1185,0
DA:1194,0
DA:1198,1
DA:1199,0
DA:1200,0
DA:1201,0
DA:1203,0
DA:1204,0
DA:1205,0
DA:1206,0
DA:1209,0
DA:1210,0
DA:1212,0
DA:1214,0
DA:1218,1
DA:1219,0
DA:1220,0
DA:1221,0
DA:1222,0
DA:1224,0
DA:1225,0
DA:1226,0
DA:1227,0
DA:1230,0
DA:1231,0
DA:1234,0
DA:1240,0
DA:1241,0
DA:1243,0
DA:1253,0
DA:1257,1
DA:1258,0
DA:1259,0
DA:1260,0
DA:1262,0
DA:1263,0
DA:1264,0
DA:1265,0
DA:1268,0
DA:1287,0
DA:1289,0
DA:1293,1
DA:1294,0
DA:1295,0
DA:1296,0
DA:1310,0
DA:1311,0
DA:1313,0
DA:1314,0
DA:1315,0
DA:1316,0
DA:1317,0
DA:1324,0
DA:1326,0
DA:1327,0
DA:1328,0
DA:1331,0
DA:1336,0
DA:1340,0
DA:1341,0
DA:1342,0
DA:1343,0
DA:1344,0
DA:1347,0
DA:1349,0
DA:1353,1
DA:1354,0
DA:1355,0
DA:1356,0
DA:1357,0
DA:1359,0
DA:1360,0
DA:1361,0
DA:1362,0
DA:1363,0
DA:1364,0
DA:1365,0
DA:1366,0
DA:1370,0
DA:1372,0
DA:1376,1
DA:1377,0
DA:1378,0
DA:1379,0
DA:1380,0
DA:1381,0
DA:1382,0
DA:1383,0
DA:1386,0
DA:1389,0
DA:1390,0
DA:1393,0
DA:1394,0
DA:1395,0
DA:1396,0
DA:1397,0
DA:1398,0
DA:1399,0
DA:1400,0
DA:1402,0
DA:1403,0
DA:1404,0
DA:1405,0
DA:1406,0
DA:1407,0
DA:1408,0
DA:1409,0
DA:1411,0
DA:1430,0
DA:1434,1
DA:1435,0
DA:1436,0
DA:1437,0
DA:1438,0
DA:1440,0
DA:1441,0
DA:1442,0
DA:1445,0
DA:1449,0
DA:1450,0
DA:1451,0
DA:1453,0
DA:1459,0
DA:1461,0
DA:1465,1
DA:1466,0
DA:1467,0
DA:1476,0
DA:1478,0
DA:1479,0
DA:1480,0
DA:1481,0
DA:1484,0
DA:1485,0
DA:1486,0
DA:1487,0
DA:1489,0
DA:1490,0
DA:1491,0
DA:1492,0
DA:1493,0
DA:1494,0
DA:1495,0
DA:1501,0
DA:1502,0
DA:1503,0
DA:1507,0
DA:1508,0
DA:1509,0
DA:1510,0
DA:1511,0
DA:1512,0
DA:1513,0
DA:1519,0
DA:1520,0
DA:1521,0
DA:1525,0
DA:1526,0
DA:1527,0
DA:1528,0
DA:1529,0
DA:1530,0
DA:1531,0
DA:1533,0
DA:1534,0
DA:1537,0
DA:1538,0
DA:1539,0
DA:1541,0
DA:1542,0
DA:1543,0
DA:1545,0
DA:1547,0
DA:1548,0
DA:1566,0
DA:1567,0
DA:1568,0
DA:1569,0
DA:1570,0
DA:1571,0
DA:1572,0
DA:1573,0
DA:1575,0
DA:1590,0
DA:1594,1
DA:1595,0
DA:1596,0
DA:1597,0
DA:1598,0
DA:1599,0
DA:1601,0
DA:1602,0
DA:1605,0
DA:1609,0
DA:1610,0
DA:1613,0
DA:1615,0
DA:1616,0
DA:1619,0
DA:1620,0
DA:1622,0
DA:1623,0
DA:1626,0
DA:1627,0
DA:1628,0
DA:1630,0
DA:1637,0
DA:1638,0
DA:1648,0
DA:1650,0
DA:1654,1
DA:1655,0
DA:1656,0
DA:1657,0
DA:1658,0
DA:1659,0
DA:1662,0
DA:1666,0
DA:1667,0
DA:1670,0
DA:1671,0
DA:1674,0
DA:1675,0
DA:1677,0
DA:1678,0
DA:1680,0
DA:1681,0
DA:1683,0
DA:1685,0
DA:1708,0
DA:1718,0
DA:1727,0
DA:1729,0
DA:1733,1
DA:1734,0
DA:1735,0
DA:1736,0
DA:1737,0
DA:1738,0
DA:1741,0
DA:1745,0
DA:1746,0
DA:1749,0
DA:1750,0
DA:1752,0
DA:1754,0
DA:1764,0
DA:1766,0
DA:1770,1
DA:1771,0
DA:1772,0
DA:1773,0
DA:1774,0
DA:1775,0
DA:1777,0
DA:1778,0
DA:1781,0
DA:1785,0
DA:1786,0
DA:1789,0
DA:1790,0
DA:1791,0
DA:1792,0
DA:1793,0
DA:1794,0
DA:1796,0
DA:1798,0
DA:1800,0
DA:1804,1
DA:1805,0
DA:1806,0
DA:1807,0
DA:1808,0
DA:1809,0
DA:1811,0
DA:1812,0
DA:1814,0
DA:1815,0
DA:1818,0
DA:1822,0
DA:1823,0
DA:1826,0
DA:1828,0
DA:1829,0
DA:1832,0
DA:1840,0
DA:1854,0
DA:1856,0
DA:1860,1
DA:1861,0
DA:1862,0
DA:1863,0
DA:1864,0
DA:1867,0
DA:1868,0
DA:1870,0
DA:1871,0
DA:1873,0
DA:1877,1
DA:1878,0
DA:1879,0
DA:1880,0
DA:1881,0
DA:1882,0
DA:1884,0
DA:1885,0
DA:1888,0
DA:1889,0
DA:1891,0
DA:1892,0
DA:1895,0
DA:1896,0
DA:1898,0
DA:1900,0
DA:1904,0
DA:1919,0
DA:1921,0
DA:1926,1
DA:1927,1
DA:1928,1
DA:1929,1
DA:1931,1
DA:1932,0
DA:1935,1
DA:1936,1
DA:1937,1
DA:1939,1
DA:1940,1
DA:1942,1
DA:1943,0
DA:1946,1
DA:1949,1
DA:1950,1
DA:1953,1
DA:1954,1
DA:1955,1
DA:1956,1
DA:1957,1
DA:1959,1
DA:1977,1
DA:1979,0
DA:1997,0
DA:2000,1
DA:2006,0
DA:2010,1
DA:2011,1
DA:2012,1
DA:2013,1
DA:2014,1
DA:2016,0
DA:2020,1
DA:2021,0
DA:2022,0
DA:2023,0
DA:2024,0
DA:2041,0
DA:2045,0
DA:2046,0
DA:2048,0
DA:2052,1
DA:2053,1
DA:2054,1
DA:2055,1
DA:2056,1
DA:2058,1
DA:2059,0
DA:2061,1
DA:2062,0
DA:2064,1
DA:2065,0
DA:2068,1
DA:2073,1
DA:2074,0
DA:2077,1
DA:2079,1
DA:2080,0
DA:2084,1
DA:2090,1
DA:2093,1
DA:2094,1
DA:2096,0
DA:2098,0
DA:2099,0
DA:2104,0
DA:2110,1
DA:2111,1
DA:2112,1
DA:2113,1
DA:2114,0
DA:2115,0
DA:2116,0
DA:2118,0
DA:2119,0
DA:2120,0
DA:2122,0
DA:2131,0
DA:2132,0
DA:2136,1
DA:2146,1
DA:2148,1
DA:2149,1
DA:2156,1
DA:2157,0
DA:2158,0
DA:2159,0
DA:2164,0
DA:2165,0
DA:2167,1
DA:2182,1
DA:2183,1
DA:2184,1
DA:2188,1
DA:2189,1
DA:2195,1
DA:2197,0
DA:2201,1
DA:2202,2
DA:2203,2
DA:2204,2
DA:2205,2
DA:2207,2
DA:2208,2
DA:2209,0
DA:2212,2
DA:2213,1
DA:2216,1
DA:2217,1
DA:2218,1
DA:2219,1
DA:2223,1
DA:2225,0
DA:2229,1
DA:2230,0
DA:2231,0
DA:2232,0
DA:2233,0
DA:2234,0
DA:2235,0
DA:2240,0
DA:2241,0
DA:2242,0
DA:2244,0
DA:2248,1
DA:2249,0
DA:2250,0
DA:2251,0
DA:2252,0
DA:2257,0
DA:2261,0
DA:2263,0
DA:2267,1
DA:2268,0
DA:2269,0
DA:2270,0
DA:2271,0
DA:2272,0
DA:2274,0
DA:2275,0
DA:2276,0
DA:2280,0
DA:2281,0
DA:2283,0
DA:2286,0
DA:2290,0
DA:2292,0
DA:2296,1
DA:2297,0
DA:2298,0
DA:2299,0
DA:2300,0
DA:2302,0
DA:2311,0
DA:2312,0
DA:2317,0
DA:2319,0
DA:2323,1
DA:2324,0
DA:2325,0
DA:2326,0
DA:2327,0
DA:2329,0
DA:2330,0
DA:2331,0
DA:2332,0
DA:2334,0
DA:2335,0
DA:2337,0
DA:2338,0
DA:2341,0
DA:2342,0
DA:2343,0
DA:2344,0
DA:2348,0
DA:2350,0
DA:2354,1
DA:2355,0
DA:2356,0
DA:2357,0
DA:2358,0
DA:2360,0
DA:2368,0
DA:2369,0
DA:2370,0
DA:2372,0
DA:2376,1
DA:2377,0
DA:2378,0
DA:2379,0
DA:2380,0
DA:2382,0
DA:2389,0
DA:2390,0
DA:2391,0
DA:2392,0
DA:2393,0
DA:2400,0
DA:2401,0
DA:2402,0
DA:2403,0
DA:2404,0
DA:2408,0
DA:2410,0
DA:2414,1
DA:2415,0
DA:2416,0
DA:2417,0
DA:2418,0
DA:2420,0
DA:2424,0
DA:2425,0
DA:2428,0
DA:2431,0
DA:2434,0
DA:2436,0
DA:2458,0
DA:2467,0
DA:2468,0
DA:2469,0
DA:2474,0
DA:2475,0
DA:2477,0
DA:2481,1
DA:2482,0
DA:2483,0
DA:2484,0
DA:2485,0
DA:2487,0
DA:2499,0
DA:2508,0
DA:2509,0
DA:2510,0
DA:2515,0
DA:2516,0
DA:2518,0
DA:2522,1
DA:2523,0
DA:2524,0
DA:2525,0
DA:2526,0
DA:2530,0
DA:2534,0
DA:2536,0
DA:2540,1
DA:2541,0
DA:2542,0
DA:2543,0
DA:2544,0
DA:2545,0
DA:2546,0
DA:2550,0
DA:2551,0
DA:2552,0
DA:2554,0
DA:2558,1
DA:2559,0
DA:2560,0
DA:2561,0
DA:2562,0
DA:2563,0
DA:2566,0
DA:2567,0
DA:2568,0
DA:2569,0
DA:2572,0
DA:2573,0
DA:2574,0
DA:2575,0
DA:2579,0
DA:2581,0
DA:2585,1
DA:2586,0
DA:2587,0
DA:2588,0
DA:2592,0
DA:2593,0
DA:2594,0
DA:2596,0
DA:2600,1
DA:2601,0
DA:2602,0
DA:2603,0
DA:2604,0
DA:2605,0
DA:2607,0
DA:2608,0
DA:2611,0
DA:2615,0
DA:2616,0
DA:2619,0
DA:2621,0
DA:2622,0
DA:2623,0
DA:2624,0
DA:2625,0
DA:2626,0
DA:2627,0
DA:2628,0
DA:2630,0
DA:2631,0
DA:2633,0
DA:2637,1
DA:2638,0
DA:2639,0
DA:2640,0
DA:2641,0
DA:2642,0
DA:2644,0
DA:2645,0
DA:2646,0
DA:2647,0
DA:2648,0
DA:2650,0
DA:2654,1
DA:2655,0
DA:2656,0
DA:2657,0
DA:2658,0
DA:2660,0
DA:2661,0
DA:2662,0
DA:2665,0
DA:2668,0
DA:2669,0
DA:2670,0
DA:2672,0
DA:2678,0
DA:2680,0
DA:2684,1
DA:2685,1
DA:2686,1
DA:2687,1
DA:2688,1
DA:2689,1
DA:2690,1
DA:2691,0
DA:2693,1
DA:2694,0
DA:2697,1
DA:2701,1
DA:2702,0
DA:2705,1
DA:2711,1
DA:2712,0
DA:2715,1
DA:2723,1
DA:2725,0
DA:2729,1
DA:2730,1
DA:2731,1
DA:2732,1
DA:2733,1
DA:2734,1
DA:2736,1
DA:2737,1
DA:2739,0
DA:2743,1
DA:2744,1
DA:2745,1
DA:2746,1
DA:2747,1
DA:2748,0
DA:2750,1
DA:2751,0
DA:2754,1
DA:2759,1
DA:2760,0
DA:2762,1
DA:2764,0
DA:2768,1
DA:2769,0
DA:2770,0
DA:2775,0
DA:2776,0
DA:2777,0
DA:2778,0
DA:2780,0
DA:2788,0
DA:2792,1
DA:2793,0
DA:2794,0
DA:2799,0
DA:2813,0
DA:2815,0
DA:2819,1
DA:2820,0
DA:2821,0
DA:2822,0
DA:2823,0
DA:2824,0
DA:2826,0
DA:2834,0
DA:2835,0
DA:2836,0
DA:2837,0
DA:2838,0
DA:2839,0
DA:2842,0
DA:2843,0
DA:2844,0
DA:2845,0
DA:2846,0
DA:2849,0
DA:2850,0
DA:2851,0
DA:2852,0
DA:2853,0
DA:2855,0
DA:2856,0
DA:2857,0
DA:2858,0
DA:2859,0
DA:2860,0
DA:2861,0
DA:2862,0
DA:2865,0
DA:2866,0
DA:2867,0
DA:2874,0
DA:2875,0
DA:2882,0
DA:2883,0
DA:2890,0
DA:2891,0
DA:2899,0
DA:2901,0
DA:2906,0
DA:2911,1
DA:2912,0
DA:2913,0
DA:2914,0
DA:2915,0
DA:2918,0
DA:2928,0
DA:2930,0
DA:2931,0
DA:2932,0
DA:2945,0
DA:2946,0
DA:2952,0
DA:2953,0
DA:2955,0
DA:2957,0
DA:2961,1
DA:2962,0
DA:2963,0
DA:2964,0
DA:2965,0
DA:2966,0
DA:2967,0
DA:2970,0
DA:2975,0
DA:2978,0
DA:2979,0
DA:2981,0
DA:2985,1
DA:2986,0
DA:2987,0
DA:2988,0
DA:2989,0
DA:2990,0
DA:2992,0
DA:2994,0
DA:2998,1
DA:2999,0
DA:3000,0
DA:3001,0
DA:3002,0
DA:3003,0
DA:3004,0
DA:3006,0
DA:3007,0
DA:3008,0
DA:3009,0
DA:3010,0
DA:3013,0
DA:3016,0
DA:3017,0
DA:3019,0
DA:3020,0
DA:3022,0
DA:3026,1
DA:3027,0
DA:3028,0
DA:3029,0
DA:3030,0
DA:3032,0
DA:3033,0
DA:3034,0
DA:3035,0
DA:3038,0
DA:3039,0
DA:3040,0
DA:3041,0
DA:3043,0
DA:3047,1
DA:3048,0
DA:3051,1
DA:3052,0
DA:3053,0
DA:3054,0
DA:3055,0
DA:3056,0
DA:3058,0
DA:3062,0
DA:3072,0
DA:3079,1
DA:3081,0
DA:3082,0
DA:3083,0
DA:3084,0
DA:3086,0
DA:3089,1
DA:3090,0
DA:3091,0
DA:3095,0
DA:3099,1
LF:1396
LH:485
BRDA:14,0,0,1
BRDA:14,0,1,0
BRDA:15,1,0,1
BRDA:15,1,1,0
BRDA:16,2,0,1
BRDA:16,2,1,0
BRDA:17,3,0,1
BRDA:17,3,1,0
BRDA:21,4,0,1
BRDA:21,4,1,0
BRDA:24,5,0,20
BRDA:24,5,1,0
BRDA:30,6,0,0
BRDA:39,7,0,0
BRDA:39,7,1,41
BRDA:47,8,0,6
BRDA:47,8,1,0
BRDA:59,9,0,6
BRDA:59,9,1,0
BRDA:60,10,0,0
BRDA:60,10,1,6
BRDA:66,11,0,0
BRDA:66,11,1,6
BRDA:71,12,0,0
BRDA:71,12,1,6
BRDA:71,13,0,6
BRDA:71,13,1,6
BRDA:71,13,2,6
BRDA:88,14,0,10
BRDA:88,14,1,0
BRDA:100,15,0,14
BRDA:100,15,1,0
BRDA:117,16,0,10
BRDA:117,16,1,0
BRDA:118,17,0,0
BRDA:118,17,1,10
BRDA:133,18,0,0
BRDA:133,18,1,10
BRDA:133,19,0,10
BRDA:133,19,1,10
BRDA:140,20,0,0
BRDA:140,20,1,10
BRDA:140,21,0,10
BRDA:140,21,1,10
BRDA:140,21,2,10
BRDA:140,22,0,10
BRDA:140,22,1,0
BRDA:147,23,0,10
BRDA:147,23,1,1
BRDA:148,24,0,9
BRDA:148,24,1,1
BRDA:149,25,0,1
BRDA:149,25,1,0
BRDA:150,26,0,1
BRDA:150,26,1,0
BRDA:151,27,0,0
BRDA:151,27,1,0
BRDA:156,28,0,8
BRDA:156,28,1,0
BRDA:163,29,0,7
BRDA:163,29,1,0
BRDA:164,30,0,7
BRDA:164,30,1,0
BRDA:175,31,0,7
BRDA:175,31,1,0
BRDA:176,32,0,7
BRDA:176,32,1,0
BRDA:187,33,0,0
BRDA:187,33,1,0
BRDA:188,34,0,0
BRDA:188,34,1,0
BRDA:189,35,0,0
BRDA:189,35,1,0
BRDA:194,36,0,3
BRDA:194,36,1,0
BRDA:198,37,0,2
BRDA:198,37,1,0
BRDA:199,38,0,0
BRDA:199,38,1,2
BRDA:200,39,0,1
BRDA:200,39,1,1
BRDA:201,40,0,1
BRDA:201,40,1,0
BRDA:202,41,0,0
BRDA:202,41,1,0
BRDA:203,42,0,0
BRDA:203,42,1,0
BRDA:204,43,0,0
BRDA:204,43,1,0
BRDA:205,44,0,0
BRDA:205,44,1,0
BRDA:210,45,0,0
BRDA:210,45,1,0
BRDA:211,46,0,0
BRDA:211,46,1,0
BRDA:211,47,0,0
BRDA:211,47,1,0
BRDA:212,48,0,0
BRDA:212,48,1,0
BRDA:212,49,0,0
BRDA:212,49,1,0
BRDA:215,50,0,0
BRDA:216,51,0,0
BRDA:216,51,1,0
BRDA:217,52,0,0
BRDA:217,52,1,0
BRDA:220,53,0,0
BRDA:220,53,1,0
BRDA:220,54,0,0
BRDA:220,54,1,0
BRDA:221,55,0,0
BRDA:221,55,1,0
BRDA:221,56,0,0
BRDA:221,56,1,0
BRDA:224,57,0,0
BRDA:224,57,1,0
BRDA:229,58,0,0
BRDA:229,58,1,0
BRDA:247,59,0,0
BRDA:247,59,1,0
BRDA:248,60,0,0
BRDA:248,60,1,0
BRDA:255,61,0,0
BRDA:258,62,0,0
BRDA:258,62,1,0
BRDA:264,63,0,0
BRDA:264,63,1,0
BRDA:271,64,0,4
BRDA:271,64,1,0
BRDA:272,65,0,0
BRDA:272,65,1,4
BRDA:279,66,0,0
BRDA:279,66,1,0
BRDA:280,67,0,0
BRDA:280,67,1,0
BRDA:287,68,0,0
BRDA:287,68,1,0
BRDA:289,69,0,0
BRDA:289,69,1,0
BRDA:291,70,0,0
BRDA:291,70,1,0
BRDA:296,71,0,0
BRDA:297,72,0,5
BRDA:297,72,1,0
BRDA:298,73,0,5
BRDA:298,73,1,0
BRDA:298,74,0,5
BRDA:298,74,1,0
BRDA:299,75,0,0
BRDA:299,75,1,0
BRDA:311,76,0,0
BRDA:311,77,0,0
BRDA:312,78,0,2
BRDA:312,78,1,0
BRDA:317,79,0,0
BRDA:317,79,1,2
BRDA:317,80,0,2
BRDA:317,80,1,2
BRDA:317,80,2,2
BRDA:317,80,3,0
BRDA:317,80,4,0
BRDA:321,81,0,0
BRDA:321,81,1,2
BRDA:323,82,0,2
BRDA:323,82,1,0
BRDA:325,83,0,2
BRDA:325,83,1,0
BRDA:325,84,0,2
BRDA:325,84,1,2
BRDA:326,85,0,2
BRDA:326,85,1,2
BRDA:326,85,2,2
BRDA:337,86,0,20
BRDA:337,86,1,0
BRDA:337,87,0,20
BRDA:337,87,1,20
BRDA:338,88,0,20
BRDA:338,88,1,0
BRDA:338,89,0,20
BRDA:338,89,1,20
BRDA:341,90,0,0
BRDA:341,90,1,32
BRDA:343,91,0,0
BRDA:343,91,1,32
BRDA:343,92,0,32
BRDA:343,92,1,32
BRDA:344,93,0,0
BRDA:344,93,1,0
BRDA:351,94,0,1
BRDA:351,94,1,1
BRDA:352,95,0,0
BRDA:352,95,1,2
BRDA:352,96,0,2
BRDA:352,96,1,2
BRDA:352,96,2,2
BRDA:356,97,0,0
BRDA:356,97,1,2
BRDA:362,98,0,8
BRDA:362,98,1,0
BRDA:363,99,0,8
BRDA:363,99,1,0
BRDA:363,100,0,8
BRDA:363,100,1,0
BRDA:363,100,2,0
BRDA:367,101,0,0
BRDA:367,101,1,0
BRDA:367,102,0,0
BRDA:367,102,1,0
BRDA:367,102,2,0
BRDA:374,103,0,117
BRDA:374,103,1,3
BRDA:375,104,0,3
BRDA:375,104,1,0
BRDA:376,105,0,0
BRDA:376,105,1,3
BRDA:386,106,0,20
BRDA:386,106,1,0
BRDA:387,107,0,20
BRDA:387,107,1,0
BRDA:390,108,0,0
BRDA:390,108,1,20
BRDA:390,109,0,20
BRDA:390,109,1,7
BRDA:390,109,2,6
BRDA:390,109,3,14
BRDA:390,109,4,14
BRDA:394,110,0,3
BRDA:394,110,1,17
BRDA:394,111,0,20
BRDA:394,111,1,13
BRDA:399,112,0,6
BRDA:399,112,1,14
BRDA:399,113,0,20
BRDA:399,113,1,13
BRDA:403,114,0,0
BRDA:403,114,1,20
BRDA:403,115,0,20
BRDA:403,115,1,4
BRDA:406,116,0,0
BRDA:406,116,1,20
BRDA:406,117,0,20
BRDA:406,117,1,4
BRDA:409,118,0,1
BRDA:409,118,1,19
BRDA:409,119,0,20
BRDA:409,119,1,13
BRDA:412,120,0,0
BRDA:412,120,1,20
BRDA:412,121,0,20
BRDA:412,121,1,13
BRDA:415,122,0,0
BRDA:415,122,1,20
BRDA:415,123,0,20
BRDA:415,123,1,13
BRDA:418,124,0,0
BRDA:418,124,1,20
BRDA:418,125,0,20
BRDA:418,125,1,1
BRDA:421,126,0,0
BRDA:421,126,1,20
BRDA:421,127,0,20
BRDA:421,127,1,1
BRDA:423,128,0,0
BRDA:423,128,1,0
BRDA:424,129,0,0
BRDA:424,129,1,0
BRDA:428,130,0,0
BRDA:428,130,1,20
BRDA:428,131,0,20
BRDA:428,131,1,13
BRDA:432,132,0,0
BRDA:432,132,1,20
BRDA:432,133,0,20
BRDA:432,133,1,13
BRDA:436,134,0,0
BRDA:436,134,1,20
BRDA:436,135,0,20
BRDA:436,135,1,13
BRDA:440,136,0,0
BRDA:440,136,1,20
BRDA:440,137,0,20
BRDA:440,137,1,13
BRDA:444,138,0,0
BRDA:444,138,1,20
BRDA:444,139,0,20
BRDA:444,139,1,13
BRDA:449,140,0,0
BRDA:449,140,1,20
BRDA:449,141,0,20
BRDA:449,141,1,1
BRDA:453,142,0,1
BRDA:453,142,1,19
BRDA:453,143,0,20
BRDA:453,143,1,13
BRDA:458,144,0,1
BRDA:458,144,1,19
BRDA:458,145,0,20
BRDA:458,145,1,13
BRDA:463,146,0,0
BRDA:463,146,1,20
BRDA:463,147,0,20
BRDA:463,147,1,1
BRDA:466,148,0,0
BRDA:466,148,1,20
BRDA:466,149,0,20
BRDA:466,149,1,1
BRDA:469,150,0,0
BRDA:469,150,1,20
BRDA:469,151,0,20
BRDA:469,151,1,13
BRDA:473,152,0,0
BRDA:473,152,1,20
BRDA:473,153,0,20
BRDA:473,153,1,13
BRDA:477,154,0,1
BRDA:477,154,1,19
BRDA:477,155,0,20
BRDA:477,155,1,13
BRDA:482,156,0,1
BRDA:482,156,1,19
BRDA:482,157,0,20
BRDA:482,157,1,4
BRDA:485,158,0,1
BRDA:485,158,1,19
BRDA:485,159,0,20
BRDA:485,159,1,1
BRDA:489,160,0,0
BRDA:489,160,1,20
BRDA:489,161,0,20
BRDA:489,161,1,13
BRDA:495,162,0,4
BRDA:495,162,1,16
BRDA:507,163,0,0
BRDA:507,163,1,20
BRDA:516,164,0,20
BRDA:516,164,1,0
BRDA:517,165,0,0
BRDA:517,165,1,0
BRDA:524,166,0,20
BRDA:524,166,1,20
BRDA:525,167,0,20
BRDA:525,167,1,20
BRDA:536,168,0,20
BRDA:536,168,1,20
BRDA:541,169,0,0
BRDA:541,169,1,20
BRDA:547,170,0,20
BRDA:547,170,1,11
BRDA:556,171,0,2
BRDA:556,171,1,18
BRDA:558,172,0,2
BRDA:558,172,1,0
BRDA:558,173,0,2
BRDA:558,173,1,2
BRDA:559,174,0,0
BRDA:559,174,1,2
BRDA:559,175,0,2
BRDA:559,175,1,0
BRDA:560,176,0,0
BRDA:560,176,1,0
BRDA:562,177,0,2
BRDA:562,177,1,0
BRDA:575,178,0,1
BRDA:575,178,1,0
BRDA:579,179,0,1
BRDA:579,179,1,0
BRDA:580,180,0,1
BRDA:580,180,1,0
BRDA:586,181,0,0
BRDA:586,181,1,0
BRDA:587,182,0,0
BRDA:587,182,1,0
BRDA:725,183,0,3
BRDA:725,183,1,0
BRDA:726,184,0,3
BRDA:726,184,1,0
BRDA:727,185,0,3
BRDA:727,185,1,0
BRDA:728,186,0,0
BRDA:728,186,1,3
BRDA:728,187,0,3
BRDA:728,187,1,3
BRDA:728,187,2,3
BRDA:735,188,0,0
BRDA:735,188,1,3
BRDA:736,189,0,0
BRDA:736,189,1,0
BRDA:736,190,0,0
BRDA:736,190,1,0
BRDA:764,191,0,6
BRDA:764,191,1,0
BRDA:769,192,0,0
BRDA:769,192,1,6
BRDA:770,193,0,0
BRDA:770,193,1,6
BRDA:773,194,0,0
BRDA:773,194,1,6
BRDA:773,195,0,6
BRDA:773,195,1,0
BRDA:779,196,0,0
BRDA:779,196,1,6
BRDA:788,197,0,0
BRDA:788,197,1,6
BRDA:788,198,0,6
BRDA:788,198,1,6
BRDA:791,199,0,0
BRDA:791,199,1,6
BRDA:793,200,0,0
BRDA:793,200,1,0
BRDA:809,201,0,6
BRDA:809,201,1,6
BRDA:810,202,0,6
BRDA:810,202,1,0
BRDA:811,203,0,6
BRDA:811,203,1,0
BRDA:812,204,0,6
BRDA:812,204,1,0
BRDA:813,205,0,6
BRDA:813,205,1,0
BRDA:825,206,0,0
BRDA:825,206,1,0
BRDA:826,207,0,0
BRDA:826,207,1,0
BRDA:840,208,0,1
BRDA:840,208,1,0
BRDA:841,209,0,0
BRDA:841,209,1,1
BRDA:851,210,0,0
BRDA:851,210,1,1
BRDA:851,211,0,1
BRDA:851,211,1,0
BRDA:856,212,0,0
BRDA:856,212,1,1
BRDA:856,213,0,1
BRDA:856,213,1,1
BRDA:856,214,0,1
BRDA:856,214,1,0
BRDA:856,215,0,1
BRDA:856,215,1,0
BRDA:861,216,0,1
BRDA:861,216,1,1
BRDA:862,217,0,0
BRDA:862,217,1,1
BRDA:862,218,0,1
BRDA:862,218,1,1
BRDA:862,218,2,1
BRDA:882,219,0,0
BRDA:882,219,1,0
BRDA:889,220,0,0
BRDA:889,220,1,0
BRDA:892,221,0,0
BRDA:892,221,1,0
BRDA:900,222,0,0
BRDA:900,222,1,0
BRDA:903,223,0,0
BRDA:903,223,1,0
BRDA:914,224,0,0
BRDA:914,224,1,10
BRDA:919,225,0,1
BRDA:919,225,1,9
BRDA:929,226,0,0
BRDA:929,226,1,9
BRDA:929,227,0,9
BRDA:929,227,1,0
BRDA:934,228,0,0
BRDA:934,228,1,9
BRDA:934,229,0,9
BRDA:934,229,1,9
BRDA:934,230,0,9
BRDA:934,230,1,0
BRDA:934,231,0,9
BRDA:934,231,1,0
BRDA:937,232,0,0
BRDA:937,232,1,9
BRDA:937,233,0,9
BRDA:937,233,1,0
BRDA:943,234,0,9
BRDA:943,234,1,0
BRDA:944,235,0,9
BRDA:944,235,1,0
BRDA:947,236,0,0
BRDA:947,236,1,9
BRDA:947,237,0,9
BRDA:947,237,1,2
BRDA:951,238,0,7
BRDA:951,238,1,2
BRDA:952,239,0,7
BRDA:952,239,1,0
BRDA:953,240,0,7
BRDA:953,240,1,0
BRDA:957,241,0,95
BRDA:957,241,1,1
BRDA:958,242,0,1
BRDA:958,242,1,0
BRDA:962,243,0,3
BRDA:962,243,1,4
BRDA:962,244,0,3
BRDA:962,244,1,3
BRDA:963,245,0,7
BRDA:963,245,1,7
BRDA:964,246,0,0
BRDA:964,246,1,7
BRDA:964,247,0,0
BRDA:964,247,1,0
BRDA:965,248,0,7
BRDA:965,248,1,7
BRDA:966,249,0,7
BRDA:966,249,1,7
BRDA:967,250,0,7
BRDA:967,250,1,6
BRDA:968,251,0,7
BRDA:968,251,1,6
BRDA:969,252,0,7
BRDA:969,252,1,6
BRDA:970,253,0,7
BRDA:970,253,1,6
BRDA:971,254,0,7
BRDA:971,254,1,6
BRDA:972,255,0,7
BRDA:972,255,1,6
BRDA:973,256,0,7
BRDA:973,256,1,6
BRDA:974,257,0,7
BRDA:974,257,1,6
BRDA:975,258,0,7
BRDA:975,258,1,6
BRDA:976,259,0,7
BRDA:976,259,1,6
BRDA:977,260,0,7
BRDA:977,260,1,6
BRDA:978,261,0,7
BRDA:978,261,1,6
BRDA:980,262,0,0
BRDA:980,262,1,7
BRDA:980,263,0,7
BRDA:980,263,1,1
BRDA:984,264,0,0
BRDA:984,264,1,7
BRDA:984,265,0,7
BRDA:984,265,1,2
BRDA:985,266,0,0
BRDA:985,266,1,0
BRDA:986,267,0,0
BRDA:986,267,1,0
BRDA:986,268,0,0
BRDA:986,268,1,0
BRDA:1001,269,0,0
BRDA:1001,269,1,42
BRDA:1001,270,0,42
BRDA:1001,270,1,3
BRDA:1006,271,0,7
BRDA:1006,271,1,7
BRDA:1007,272,0,0
BRDA:1007,272,1,7
BRDA:1007,273,0,7
BRDA:1007,273,1,0
BRDA:1020,274,0,0
BRDA:1020,274,1,1
BRDA:1026,275,0,1
BRDA:1026,275,1,1
BRDA:1027,276,0,1
BRDA:1027,276,1,0
BRDA:1028,277,0,1
BRDA:1028,277,1,0
BRDA:1029,278,0,1
BRDA:1029,278,1,0
BRDA:1030,279,0,1
BRDA:1030,279,1,0
BRDA:1041,280,0,0
BRDA:1041,280,1,0
BRDA:1053,281,0,0
BRDA:1053,281,1,0
BRDA:1054,282,0,0
BRDA:1054,282,1,0
BRDA:1057,283,0,0
BRDA:1057,283,1,0
BRDA:1091,284,0,0
BRDA:1091,284,1,0
BRDA:1092,285,0,0
BRDA:1092,285,1,0
BRDA:1121,286,0,0
BRDA:1121,286,1,0
BRDA:1123,287,0,0
BRDA:1123,287,1,0
BRDA:1138,288,0,0
BRDA:1138,288,1,0
BRDA:1139,289,0,0
BRDA:1139,289,1,0
BRDA:1139,290,0,0
BRDA:1139,290,1,0
BRDA:1173,291,0,0
BRDA:1173,291,1,0
BRDA:1174,292,0,0
BRDA:1174,292,1,0
BRDA:1177,293,0,0
BRDA:1177,293,1,0
BRDA:1178,294,0,0
BRDA:1178,294,1,0
BRDA:1178,295,0,0
BRDA:1178,295,1,0
BRDA:1200,296,0,0
BRDA:1200,296,1,0
BRDA:1201,297,0,0
BRDA:1201,297,1,0
BRDA:1204,298,0,0
BRDA:1204,298,1,0
BRDA:1205,299,0,0
BRDA:1205,299,1,0
BRDA:1205,300,0,0
BRDA:1205,300,1,0
BRDA:1220,301,0,0
BRDA:1220,301,1,0
BRDA:1221,302,0,0
BRDA:1221,302,1,0
BRDA:1222,303,0,0
BRDA:1222,303,1,0
BRDA:1225,304,0,0
BRDA:1225,304,1,0
BRDA:1226,305,0,0
BRDA:1226,305,1,0
BRDA:1226,306,0,0
BRDA:1226,306,1,0
BRDA:1231,307,0,0
BRDA:1231,307,1,0
BRDA:1231,308,0,0
BRDA:1231,308,1,0
BRDA:1234,309,0,0
BRDA:1234,309,1,0
BRDA:1234,310,0,0
BRDA:1234,310,1,0
BRDA:1236,311,0,0
BRDA:1236,311,1,0
BRDA:1248,312,0,0
BRDA:1248,312,1,0
BRDA:1249,313,0,0
BRDA:1249,313,1,0
BRDA:1259,314,0,0
BRDA:1259,314,1,0
BRDA:1260,315,0,0
BRDA:1260,315,1,0
BRDA:1263,316,0,0
BRDA:1263,316,1,0
BRDA:1264,317,0,0
BRDA:1264,317,1,0
BRDA:1264,318,0,0
BRDA:1264,318,1,0
BRDA:1313,319,0,0
BRDA:1313,319,1,0
BRDA:1314,320,0,0
BRDA:1314,320,1,0
BRDA:1316,321,0,0
BRDA:1316,321,1,0
BRDA:1326,322,0,0
BRDA:1326,322,1,0
BRDA:1331,323,0,0
BRDA:1331,323,1,0
BRDA:1332,324,0,0
BRDA:1332,324,1,0
BRDA:1332,324,2,0
BRDA:1341,325,0,0
BRDA:1341,325,1,0
BRDA:1342,326,0,0
BRDA:1342,326,1,0
BRDA:1343,327,0,0
BRDA:1343,327,1,0
BRDA:1357,328,0,0
BRDA:1357,328,1,0
BRDA:1359,329,0,0
BRDA:1359,329,1,0
BRDA:1359,330,0,0
BRDA:1359,330,1,0
BRDA:1362,331,0,0
BRDA:1362,331,1,0
BRDA:1364,332,0,0
BRDA:1364,332,1,0
BRDA:1379,333,0,0
BRDA:1379,333,1,0
BRDA:1381,334,0,0
BRDA:1381,334,1,0
BRDA:1382,335,0,0
BRDA:1382,335,1,0
BRDA:1383,336,0,0
BRDA:1383,336,1,0
BRDA:1384,337,0,0
BRDA:1384,337,1,0
BRDA:1386,338,0,0
BRDA:1386,338,1,0
BRDA:1387,339,0,0
BRDA:1387,339,1,0
BRDA:1389,340,0,0
BRDA:1389,340,1,0
BRDA:1390,341,0,0
BRDA:1390,341,1,0
BRDA:1391,342,0,0
BRDA:1391,342,1,0
BRDA:1393,343,0,0
BRDA:1393,343,1,0
BRDA:1394,344,0,0
BRDA:1394,344,1,0
BRDA:1394,344,2,0
BRDA:1394,344,3,0
BRDA:1394,344,4,0
BRDA:1396,345,0,0
BRDA:1396,345,1,0
BRDA:1397,346,0,0
BRDA:1397,346,1,0
BRDA:1397,347,0,0
BRDA:1397,347,1,0
BRDA:1398,348,0,0
BRDA:1398,348,1,0
BRDA:1399,349,0,0
BRDA:1399,349,1,0
BRDA:1399,350,0,0
BRDA:1399,350,1,0
BRDA:1399,350,2,0
BRDA:1400,351,0,0
BRDA:1400,351,1,0
BRDA:1400,352,0,0
BRDA:1400,352,1,0
BRDA:1400,352,2,0
BRDA:1402,353,0,0
BRDA:1402,353,1,0
BRDA:1405,354,0,0
BRDA:1405,354,1,0
BRDA:1406,355,0,0
BRDA:1406,355,1,0
BRDA:1407,356,0,0
BRDA:1407,356,1,0
BRDA:1408,357,0,0
BRDA:1408,357,1,0
BRDA:1409,358,0,0
BRDA:1409,358,1,0
BRDA:1414,359,0,0
BRDA:1414,359,1,0
BRDA:1415,360,0,0
BRDA:1415,360,1,0
BRDA:1416,361,0,0
BRDA:1416,361,1,0
BRDA:1417,362,0,0
BRDA:1417,362,1,0
BRDA:1418,363,0,0
BRDA:1418,363,1,0
BRDA:1419,364,0,0
BRDA:1419,364,1,0
BRDA:1438,365,0,0
BRDA:1438,365,1,0
BRDA:1440,366,0,0
BRDA:1440,366,1,0
BRDA:1441,367,0,0
BRDA:1441,367,1,0
BRDA:1455,368,0,0
BRDA:1455,368,1,0
BRDA:1456,369,0,0
BRDA:1456,369,1,0
BRDA:1476,370,0,0
BRDA:1476,370,1,0
BRDA:1479,371,0,0
BRDA:1479,371,1,0
BRDA:1480,372,0,0
BRDA:1480,372,1,0
BRDA:1484,373,0,0
BRDA:1484,373,1,0
BRDA:1485,374,0,0
BRDA:1485,374,1,0
BRDA:1486,375,0,0
BRDA:1486,375,1,0
BRDA:1487,376,0,0
BRDA:1487,376,1,0
BRDA:1489,377,0,0
BRDA:1489,377,1,0
BRDA:1490,378,0,0
BRDA:1490,378,1,0
BRDA:1493,379,0,0
BRDA:1493,379,1,0
BRDA:1493,380,0,0
BRDA:1493,380,1,0
BRDA:1502,381,0,0
BRDA:1502,381,1,0
BRDA:1507,382,0,0
BRDA:1507,382,1,0
BRDA:1508,383,0,0
BRDA:1508,383,1,0
BRDA:1511,384,0,0
BRDA:1511,384,1,0
BRDA:1511,385,0,0
BRDA:1511,385,1,0
BRDA:1520,386,0,0
BRDA:1520,386,1,0
BRDA:1526,387,0,0
BRDA:1526,387,1,0
BRDA:1527,388,0,0
BRDA:1527,388,1,0
BRDA:1528,389,0,0
BRDA:1528,389,1,0
BRDA:1529,390,0,0
BRDA:1529,390,1,0
BRDA:1531,391,0,0
BRDA:1531,391,1,0
BRDA:1531,392,0,0
BRDA:1531,392,1,0
BRDA:1533,393,0,0
BRDA:1533,393,1,0
BRDA:1533,394,0,0
BRDA:1533,394,1,0
BRDA:1537,395,0,0
BRDA:1537,395,1,0
BRDA:1541,396,0,0
BRDA:1541,396,1,0
BRDA:1547,397,0,0
BRDA:1547,397,1,0
BRDA:1566,398,0,0
BRDA:1566,398,1,0
BRDA:1569,399,0,0
BRDA:1569,399,1,0
BRDA:1570,400,0,0
BRDA:1570,400,1,0
BRDA:1571,401,0,0
BRDA:1571,401,1,0
BRDA:1572,402,0,0
BRDA:1572,402,1,0
BRDA:1573,403,0,0
BRDA:1573,403,1,0
BRDA:1579,404,0,0
BRDA:1579,404,1,0
BRDA:1580,405,0,0
BRDA:1580,405,1,0
BRDA:1581,406,0,0
BRDA:1581,406,1,0
BRDA:1582,407,0,0
BRDA:1582,407,1,0
BRDA:1583,408,0,0
BRDA:1583,408,1,0
BRDA:1583,409,0,0
BRDA:1583,409,1,0
BRDA:1596,410,0,0
BRDA:1596,410,1,0
BRDA:1597,411,0,0
BRDA:1597,411,1,0
BRDA:1598,412,0,0
BRDA:1598,412,1,0
BRDA:1598,413,0,0
BRDA:1598,413,1,0
BRDA:1601,414,0,0
BRDA:1601,414,1,0
BRDA:1609,415,0,0
BRDA:1609,415,1,0
BRDA:1609,416,0,0
BRDA:1609,416,1,0
BRDA:1613,417,0,0
BRDA:1613,417,1,0
BRDA:1613,417,2,0
BRDA:1613,417,3,0
BRDA:1615,418,0,0
BRDA:1615,418,1,0
BRDA:1619,419,0,0
BRDA:1619,419,1,0
BRDA:1619,420,0,0
BRDA:1619,420,1,0
BRDA:1622,421,0,0
BRDA:1622,421,1,0
BRDA:1622,422,0,0
BRDA:1622,422,1,0
BRDA:1626,423,0,0
BRDA:1626,423,1,0
BRDA:1627,424,0,0
BRDA:1627,424,1,0
BRDA:1637,425,0,0
BRDA:1637,425,1,0
BRDA:1656,426,0,0
BRDA:1656,426,1,0
BRDA:1657,427,0,0
BRDA:1657,427,1,0
BRDA:1658,428,0,0
BRDA:1658,428,1,0
BRDA:1658,429,0,0
BRDA:1658,429,1,0
BRDA:1666,430,0,0
BRDA:1666,430,1,0
BRDA:1666,431,0,0
BRDA:1666,431,1,0
BRDA:1670,432,0,0
BRDA:1670,432,1,0
BRDA:1670,433,0,0
BRDA:1670,433,1,0
BRDA:1674,434,0,0
BRDA:1674,434,1,0
BRDA:1675,435,0,0
BRDA:1675,435,1,0
BRDA:1677,436,0,0
BRDA:1677,436,1,0
BRDA:1678,437,0,0
BRDA:1678,437,1,0
BRDA:1680,438,0,0
BRDA:1680,438,1,0
BRDA:1681,439,0,0
BRDA:1681,439,1,0
BRDA:1735,440,0,0
BRDA:1735,440,1,0
BRDA:1736,441,0,0
BRDA:1736,441,1,0
BRDA:1737,442,0,0
BRDA:1737,442,1,0
BRDA:1737,443,0,0
BRDA:1737,443,1,0
BRDA:1745,444,0,0
BRDA:1745,444,1,0
BRDA:1745,445,0,0
BRDA:1745,445,1,0
BRDA:1749,446,0,0
BRDA:1749,446,1,0
BRDA:1750,447,0,0
BRDA:1750,447,1,0
BRDA:1772,448,0,0
BRDA:1772,448,1,0
BRDA:1773,449,0,0
BRDA:1773,449,1,0
BRDA:1774,450,0,0
BRDA:1774,450,1,0
BRDA:1774,451,0,0
BRDA:1774,451,1,0
BRDA:1777,452,0,0
BRDA:1777,452,1,0
BRDA:1785,453,0,0
BRDA:1785,453,1,0
BRDA:1785,454,0,0
BRDA:1785,454,1,0
BRDA:1789,455,0,0
BRDA:1789,455,1,0
BRDA:1790,456,0,0
BRDA:1790,456,1,0
BRDA:1791,457,0,0
BRDA:1791,457,1,0
BRDA:1792,458,0,0
BRDA:1792,458,1,0
BRDA:1793,459,0,0
BRDA:1793,459,1,0
BRDA:1794,460,0,0
BRDA:1794,460,1,0
BRDA:1806,461,0,0
BRDA:1806,461,1,0
BRDA:1807,462,0,0
BRDA:1807,462,1,0
BRDA:1808,463,0,0
BRDA:1808,463,1,0
BRDA:1809,464,0,0
BRDA:1809,464,1,0
BRDA:1811,465,0,0
BRDA:1811,465,1,0
BRDA:1811,466,0,0
BRDA:1811,466,1,0
BRDA:1811,466,2,0
BRDA:1814,467,0,0
BRDA:1814,467,1,0
BRDA:1822,468,0,0
BRDA:1822,468,1,0
BRDA:1822,469,0,0
BRDA:1822,469,1,0
BRDA:1826,470,0,0
BRDA:1826,470,1,0
BRDA:1826,470,2,0
BRDA:1826,470,3,0
BRDA:1828,471,0,0
BRDA:1828,471,1,0
BRDA:1836,472,0,0
BRDA:1836,472,1,0
BRDA:1863,473,0,0
BRDA:1863,473,1,0
BRDA:1867,474,0,0
BRDA:1867,474,1,0
BRDA:1880,475,0,0
BRDA:1880,475,1,0
BRDA:1881,476,0,0
BRDA:1881,476,1,0
BRDA:1884,477,0,0
BRDA:1884,477,1,0
BRDA:1884,478,0,0
BRDA:1884,478,1,0
BRDA:1889,479,0,0
BRDA:1889,479,1,0
BRDA:1891,480,0,0
BRDA:1891,480,1,0
BRDA:1891,481,0,0
BRDA:1891,481,1,0
BRDA:1898,482,0,0
BRDA:1898,482,1,0
BRDA:1900,483,0,0
BRDA:1900,483,1,0
BRDA:1931,484,0,0
BRDA:1931,484,1,1
BRDA:1931,485,0,1
BRDA:1931,485,1,1
BRDA:1931,485,2,1
BRDA:1931,485,3,1
BRDA:1931,485,4,1
BRDA:1936,486,0,0
BRDA:1936,486,1,1
BRDA:1937,487,0,0
BRDA:1937,487,1,1
BRDA:1940,488,0,0
BRDA:1940,488,1,1
BRDA:1942,489,0,0
BRDA:1942,489,1,1
BRDA:1942,490,0,1
BRDA:1942,490,1,1
BRDA:1946,491,0,1
BRDA:1946,491,1,0
BRDA:1949,492,0,1
BRDA:1949,492,1,0
BRDA:1953,493,0,1
BRDA:1953,493,1,0
BRDA:2001,494,0,1
BRDA:2001,494,1,0
BRDA:2046,495,0,0
BRDA:2046,495,1,0
BRDA:2055,496,0,0
BRDA:2055,496,1,1
BRDA:2056,497,0,1
BRDA:2056,497,1,0
BRDA:2058,498,0,0
BRDA:2058,498,1,1
BRDA:2058,499,0,1
BRDA:2058,499,1,1
BRDA:2061,500,0,0
BRDA:2061,500,1,1
BRDA:2061,501,0,1
BRDA:2061,501,1,1
BRDA:2064,502,0,0
BRDA:2064,502,1,1
BRDA:2073,503,0,0
BRDA:2073,503,1,1
BRDA:2073,504,0,1
BRDA:2073,504,1,1
BRDA:2077,505,0,1
BRDA:2077,505,1,1
BRDA:2077,505,2,1
BRDA:2077,505,3,1
BRDA:2079,506,0,0
BRDA:2079,506,1,1
BRDA:2084,507,0,1
BRDA:2084,507,1,1
BRDA:2084,507,2,0
BRDA:2084,507,3,0
BRDA:2090,508,0,1
BRDA:2090,508,1,1
BRDA:2090,508,2,1
BRDA:2090,508,3,1
BRDA:2093,509,0,1
BRDA:2093,509,1,0
BRDA:2094,510,0,0
BRDA:2094,510,1,1
BRDA:2094,511,0,1
BRDA:2094,511,1,0
BRDA:2094,511,2,0
BRDA:2096,512,0,0
BRDA:2096,512,1,0
BRDA:2098,513,0,0
BRDA:2098,513,1,0
BRDA:2110,514,0,1
BRDA:2110,514,1,1
BRDA:2113,515,0,0
BRDA:2113,515,1,1
BRDA:2114,516,0,0
BRDA:2114,516,1,0
BRDA:2115,517,0,0
BRDA:2115,517,1,0
BRDA:2119,518,0,0
BRDA:2119,518,1,0
BRDA:2124,519,0,0
BRDA:2124,519,1,0
BRDA:2125,520,0,0
BRDA:2125,520,1,0
BRDA:2126,521,0,0
BRDA:2126,521,1,0
BRDA:2127,522,0,0
BRDA:2127,522,1,0
BRDA:2128,523,0,0
BRDA:2128,523,1,0
BRDA:2129,524,0,0
BRDA:2129,524,1,0
BRDA:2131,525,0,0
BRDA:2131,525,1,0
BRDA:2132,526,0,0
BRDA:2132,526,1,0
BRDA:2142,527,0,0
BRDA:2142,527,1,1
BRDA:2143,528,0,0
BRDA:2143,528,1,1
BRDA:2148,529,0,1
BRDA:2148,529,1,0
BRDA:2156,530,0,0
BRDA:2156,530,1,1
BRDA:2188,531,0,1
BRDA:2188,531,1,0
BRDA:2204,532,0,2
BRDA:2204,532,1,0
BRDA:2205,533,0,2
BRDA:2205,533,1,0
BRDA:2208,534,0,0
BRDA:2208,534,1,2
BRDA:2212,535,0,1
BRDA:2212,535,1,1
BRDA:2212,536,0,2
BRDA:2212,536,1,2
BRDA:2217,537,0,1
BRDA:2217,537,1,0
BRDA:2218,538,0,1
BRDA:2218,538,1,0
BRDA:2234,539,0,0
BRDA:2234,539,1,0
BRDA:2261,540,0,0
BRDA:2261,540,1,0
BRDA:2269,541,0,0
BRDA:2269,541,1,0
BRDA:2270,542,0,0
BRDA:2270,542,1,0
BRDA:2271,543,0,0
BRDA:2271,543,1,0
BRDA:2275,544,0,0
BRDA:2275,544,1,0
BRDA:2275,545,0,0
BRDA:2275,545,1,0
BRDA:2280,546,0,0
BRDA:2280,546,1,0
BRDA:2299,547,0,0
BRDA:2299,547,1,0
BRDA:2317,548,0,0
BRDA:2317,548,1,0
BRDA:2326,549,0,0
BRDA:2326,549,1,0
BRDA:2327,550,0,0
BRDA:2327,550,1,0
BRDA:2330,551,0,0
BRDA:2330,551,1,0
BRDA:2331,552,0,0
BRDA:2331,552,1,0
BRDA:2331,553,0,0
BRDA:2331,553,1,0
BRDA:2334,554,0,0
BRDA:2334,554,1,0
BRDA:2337,555,0,0
BRDA:2337,555,1,0
BRDA:2343,556,0,0
BRDA:2343,556,1,0
BRDA:2357,557,0,0
BRDA:2357,557,1,0
BRDA:2370,558,0,0
BRDA:2370,558,1,0
BRDA:2379,559,0,0
BRDA:2379,559,1,0
BRDA:2392,560,0,0
BRDA:2392,560,1,0
BRDA:2402,561,0,0
BRDA:2402,561,1,0
BRDA:2417,562,0,0
BRDA:2417,562,1,0
BRDA:2424,563,0,0
BRDA:2424,563,1,0
BRDA:2424,564,0,0
BRDA:2424,564,1,0
BRDA:2429,565,0,0
BRDA:2429,565,1,0
BRDA:2432,566,0,0
BRDA:2432,566,1,0
BRDA:2475,567,0,0
BRDA:2475,567,1,0
BRDA:2484,568,0,0
BRDA:2484,568,1,0
BRDA:2516,569,0,0
BRDA:2516,569,1,0
BRDA:2534,570,0,0
BRDA:2534,570,1,0
BRDA:2545,571,0,0
BRDA:2545,571,1,0
BRDA:2561,572,0,0
BRDA:2561,572,1,0
BRDA:2562,573,0,0
BRDA:2562,573,1,0
BRDA:2567,574,0,0
BRDA:2567,574,1,0
BRDA:2568,575,0,0
BRDA:2568,575,1,0
BRDA:2574,576,0,0
BRDA:2574,576,1,0
BRDA:2575,577,0,0
BRDA:2575,577,1,0
BRDA:2594,578,0,0
BRDA:2594,578,1,0
BRDA:2602,579,0,0
BRDA:2602,579,1,0
BRDA:2603,580,0,0
BRDA:2603,580,1,0
BRDA:2604,581,0,0
BRDA:2604,581,1,0
BRDA:2604,582,0,0
BRDA:2604,582,1,0
BRDA:2607,583,0,0
BRDA:2607,583,1,0
BRDA:2615,584,0,0
BRDA:2615,584,1,0
BRDA:2615,585,0,0
BRDA:2615,585,1,0
BRDA:2619,586,0,0
BRDA:2619,586,1,0
BRDA:2621,587,0,0
BRDA:2621,587,1,0
BRDA:2622,588,0,0
BRDA:2622,588,1,0
BRDA:2623,589,0,0
BRDA:2623,589,1,0
BRDA:2624,590,0,0
BRDA:2624,590,1,0
BRDA:2625,591,0,0
BRDA:2625,591,1,0
BRDA:2626,592,0,0
BRDA:2626,592,1,0
BRDA:2627,593,0,0
BRDA:2627,593,1,0
BRDA:2628,594,0,0
BRDA:2628,594,1,0
BRDA:2639,595,0,0
BRDA:2639,595,1,0
BRDA:2640,596,0,0
BRDA:2640,596,1,0
BRDA:2641,597,0,0
BRDA:2641,597,1,0
BRDA:2641,598,0,0
BRDA:2641,598,1,0
BRDA:2645,599,0,0
BRDA:2645,599,1,0
BRDA:2646,600,0,0
BRDA:2646,600,1,0
BRDA:2658,601,0,0
BRDA:2658,601,1,0
BRDA:2660,602,0,0
BRDA:2660,602,1,0
BRDA:2661,603,0,0
BRDA:2661,603,1,0
BRDA:2674,604,0,0
BRDA:2674,604,1,0
BRDA:2675,605,0,0
BRDA:2675,605,1,0
BRDA:2686,606,0,1
BRDA:2686,606,1,0
BRDA:2687,607,0,1
BRDA:2687,607,1,0
BRDA:2688,608,0,1
BRDA:2688,608,1,0
BRDA:2689,609,0,1
BRDA:2689,609,1,0
BRDA:2690,610,0,0
BRDA:2690,610,1,1
BRDA:2690,611,0,1
BRDA:2690,611,1,1
BRDA:2690,611,2,1
BRDA:2693,612,0,0
BRDA:2693,612,1,1
BRDA:2701,613,0,0
BRDA:2701,613,1,1
BRDA:2701,614,0,1
BRDA:2701,614,1,1
BRDA:2711,615,0,0
BRDA:2711,615,1,1
BRDA:2731,616,0,1
BRDA:2731,616,1,0
BRDA:2733,617,0,1
BRDA:2733,617,1,0
BRDA:2733,618,0,1
BRDA:2733,618,1,0
BRDA:2733,618,2,0
BRDA:2745,619,0,1
BRDA:2745,619,1,0
BRDA:2746,620,0,1
BRDA:2746,620,1,0
BRDA:2747,621,0,0
BRDA:2747,621,1,1
BRDA:2747,622,0,1
BRDA:2747,622,1,1
BRDA:2750,623,0,0
BRDA:2750,623,1,1
BRDA:2750,624,0,1
BRDA:2750,624,1,0
BRDA:2750,624,2,0
BRDA:2759,625,0,0
BRDA:2759,625,1,1
BRDA:2775,626,0,0
BRDA:2775,626,1,0
BRDA:2776,627,0,0
BRDA:2776,627,1,0
BRDA:2783,628,0,0
BRDA:2783,628,1,0
BRDA:2845,629,0,0
BRDA:2845,629,1,0
BRDA:2846,630,0,0
BRDA:2846,630,1,0
BRDA:2862,631,0,0
BRDA:2862,631,1,0
BRDA:2870,632,0,0
BRDA:2870,632,1,0
BRDA:2870,633,0,0
BRDA:2870,633,1,0
BRDA:2878,634,0,0
BRDA:2878,634,1,0
BRDA:2878,635,0,0
BRDA:2878,635,1,0
BRDA:2914,636,0,0
BRDA:2914,636,1,0
BRDA:2914,637,0,0
BRDA:2914,637,1,0
BRDA:2914,637,2,0
BRDA:2914,637,3,0
BRDA:2923,638,0,0
BRDA:2923,638,1,0
BRDA:2924,639,0,0
BRDA:2924,639,1,0
BRDA:2925,640,0,0
BRDA:2925,640,1,0
BRDA:2931,641,0,0
BRDA:2931,641,1,0
BRDA:2964,642,0,0
BRDA:2964,642,1,0
BRDA:2966,643,0,0
BRDA:2966,643,1,0
BRDA:2975,644,0,0
BRDA:2975,644,1,0
BRDA:2989,645,0,0
BRDA:2989,645,1,0
BRDA:3001,646,0,0
BRDA:3001,646,1,0
BRDA:3003,647,0,0
BRDA:3003,647,1,0
BRDA:3006,648,0,0
BRDA:3006,648,1,0
BRDA:3007,649,0,0
BRDA:3007,649,1,0
BRDA:3008,650,0,0
BRDA:3008,650,1,0
BRDA:3008,651,0,0
BRDA:3008,651,1,0
BRDA:3009,652,0,0
BRDA:3009,652,1,0
BRDA:3010,653,0,0
BRDA:3010,653,1,0
BRDA:3011,654,0,0
BRDA:3011,654,1,0
BRDA:3013,655,0,0
BRDA:3013,655,1,0
BRDA:3014,656,0,0
BRDA:3014,656,1,0
BRDA:3016,657,0,0
BRDA:3016,657,1,0
BRDA:3016,658,0,0
BRDA:3016,658,1,0
BRDA:3016,658,2,0
BRDA:3016,658,3,0
BRDA:3016,658,4,0
BRDA:3030,659,0,0
BRDA:3030,659,1,0
BRDA:3032,660,0,0
BRDA:3032,660,1,0
BRDA:3033,661,0,0
BRDA:3033,661,1,0
BRDA:3034,662,0,0
BRDA:3034,662,1,0
BRDA:3034,663,0,0
BRDA:3034,663,1,0
BRDA:3034,664,0,0
BRDA:3034,664,1,0
BRDA:3040,665,0,0
BRDA:3040,665,1,0
BRDA:3052,666,0,0
BRDA:3052,666,1,0
BRDA:3053,667,0,0
BRDA:3053,667,1,0
BRDA:3054,668,0,0
BRDA:3054,668,1,0
BRDA:3055,669,0,0
BRDA:3055,669,1,0
BRDA:3055,670,0,0
BRDA:3055,670,1,0
BRDA:3055,671,0,0
BRDA:3055,671,1,0
BRDA:3056,672,0,0
BRDA:3056,672,1,0
BRDA:3058,673,0,0
BRDA:3058,673,1,0
BRDA:3058,674,0,0
BRDA:3058,674,1,0
BRDA:3060,675,0,0
BRDA:3060,675,1,0
BRDA:3062,676,0,0
BRDA:3062,676,1,0
BRDA:3069,677,0,0
BRDA:3069,677,1,0
BRDA:3069,678,0,0
BRDA:3069,678,1,0
BRDA:3082,679,0,0
BRDA:3082,679,1,0
BRDA:3089,680,0,0
BRDA:3089,680,1,1
BRDA:3092,681,0,0
BRDA:3092,681,1,0
BRDA:3093,682,0,0
BRDA:3093,682,1,0
BRF:1403
BRH:403
end_of_record
